Starting linting the current package at /home/quickdev/go/src/github.com/gauravgahlot/tink/db/mock
/home/quickdev/go/src/github.com/gauravgahlot/tink/db/mock>Finished running tool: /home/quickdev/go/bin/golint

Starting linting the current package at /home/quickdev/go/src/github.com/gauravgahlot/tink/db
/home/quickdev/go/src/github.com/gauravgahlot/tink/db>Finished running tool: /home/quickdev/go/bin/golint

Starting linting the current package at /home/quickdev/go/src/github.com/gauravgahlot/tink/db/mock
/home/quickdev/go/src/github.com/gauravgahlot/tink/db/mock>Finished running tool: /home/quickdev/go/bin/golint

Starting linting the current package at /home/quickdev/go/src/github.com/gauravgahlot/tink/db/mock
/home/quickdev/go/src/github.com/gauravgahlot/tink/db/mock>Finished running tool: /home/quickdev/go/bin/golint

Starting linting the current package at /home/quickdev/go/src/github.com/gauravgahlot/tink/db
/home/quickdev/go/src/github.com/gauravgahlot/tink/db>Finished running tool: /home/quickdev/go/bin/golint

Starting linting the current package at /home/quickdev/go/src/github.com/gauravgahlot/tink/db
/home/quickdev/go/src/github.com/gauravgahlot/tink/db>Finished running tool: /home/quickdev/go/bin/golint

Starting linting the current package at /home/quickdev/go/src/github.com/gauravgahlot/tink/db
/home/quickdev/go/src/github.com/gauravgahlot/tink/db>Finished running tool: /home/quickdev/go/bin/golint

Starting linting the current package at /home/quickdev/go/src/github.com/gauravgahlot/tink/db
/home/quickdev/go/src/github.com/gauravgahlot/tink/db>Finished running tool: /home/quickdev/go/bin/golint

Starting linting the current package at /home/quickdev/go/src/github.com/gauravgahlot/tink/db
/home/quickdev/go/src/github.com/gauravgahlot/tink/db>Finished running tool: /home/quickdev/go/bin/golint

Starting linting the current package at /home/quickdev/go/src/github.com/gauravgahlot/tink/db
/home/quickdev/go/src/github.com/gauravgahlot/tink/db>Finished running tool: /home/quickdev/go/bin/golint

Starting linting the current package at /home/quickdev/go/src/github.com/gauravgahlot/tink/db
/home/quickdev/go/src/github.com/gauravgahlot/tink/db>Finished running tool: /home/quickdev/go/bin/golint

Starting linting the current package at /home/quickdev/go/src/github.com/gauravgahlot/tink/db
/home/quickdev/go/src/github.com/gauravgahlot/tink/db>Finished running tool: /home/quickdev/go/bin/golint

Starting linting the current package at /home/quickdev/go/src/github.com/gauravgahlot/tink/db
/home/quickdev/go/src/github.com/gauravgahlot/tink/db>Finished running tool: /home/quickdev/go/bin/golint

Starting linting the current package at /home/quickdev/go/src/github.com/gauravgahlot/tink/db
/home/quickdev/go/src/github.com/gauravgahlot/tink/db>Finished running tool: /home/quickdev/go/bin/golint

Starting linting the current package at /home/quickdev/go/src/github.com/gauravgahlot/tink/db
/home/quickdev/go/src/github.com/gauravgahlot/tink/db>Finished running tool: /home/quickdev/go/bin/golint

Starting linting the current package at /home/quickdev/go/src/github.com/gauravgahlot/tink/db
/home/quickdev/go/src/github.com/gauravgahlot/tink/db>Finished running tool: /home/quickdev/go/bin/golint

Starting linting the current package at /home/quickdev/go/src/github.com/gauravgahlot/tink/cmd/tink-cli/cmd/event
/home/quickdev/go/src/github.com/gauravgahlot/tink/cmd/tink-cli/cmd/event>Finished running tool: /home/quickdev/go/bin/golint

Starting linting the current package at /home/quickdev/go/src/github.com/gauravgahlot/tink/cmd/tink-cli/cmd/event
/home/quickdev/go/src/github.com/gauravgahlot/tink/cmd/tink-cli/cmd/event>Finished running tool: /home/quickdev/go/bin/golint

Starting linting the current package at /home/quickdev/go/src/github.com/gauravgahlot/tink/cmd/tink-cli/cmd/event
/home/quickdev/go/src/github.com/gauravgahlot/tink/cmd/tink-cli/cmd/event>Finished running tool: /home/quickdev/go/bin/golint

Starting linting the current package at /home/quickdev/go/src/github.com/gauravgahlot/tink/db
/home/quickdev/go/src/github.com/gauravgahlot/tink/db>Finished running tool: /home/quickdev/go/bin/golint

Starting linting the current package at /home/quickdev/go/src/github.com/gauravgahlot/tink/db
/home/quickdev/go/src/github.com/gauravgahlot/tink/db>Finished running tool: /home/quickdev/go/bin/golint

Starting linting the current package at /home/quickdev/go/src/github.com/gauravgahlot/tink/db
/home/quickdev/go/src/github.com/gauravgahlot/tink/db>Finished running tool: /home/quickdev/go/bin/golint

Starting linting the current package at /home/quickdev/go/src/github.com/gauravgahlot/tink/db
/home/quickdev/go/src/github.com/gauravgahlot/tink/db>Finished running tool: /home/quickdev/go/bin/golint

Starting linting the current package at /home/quickdev/go/src/github.com/gauravgahlot/tink/db
/home/quickdev/go/src/github.com/gauravgahlot/tink/db>Finished running tool: /home/quickdev/go/bin/golint

Starting linting the current package at /home/quickdev/go/src/github.com/gauravgahlot/tink/db
/home/quickdev/go/src/github.com/gauravgahlot/tink/db>Finished running tool: /home/quickdev/go/bin/golint

Starting linting the current package at /home/quickdev/go/src/github.com/gauravgahlot/tink/db
/home/quickdev/go/src/github.com/gauravgahlot/tink/db>Finished running tool: /home/quickdev/go/bin/golint

Starting linting the current package at /home/quickdev/go/src/github.com/gauravgahlot/tink/db
/home/quickdev/go/src/github.com/gauravgahlot/tink/db>Finished running tool: /home/quickdev/go/bin/golint

Starting linting the current package at /home/quickdev/go/src/github.com/gauravgahlot/tink/cmd/tink-cli/cmd/event
/home/quickdev/go/src/github.com/gauravgahlot/tink/cmd/tink-cli/cmd/event>Finished running tool: /home/quickdev/go/bin/golint

Starting linting the current package at /home/quickdev/go/src/github.com/gauravgahlot/tink/cmd/tink-cli/cmd/event
/home/quickdev/go/src/github.com/gauravgahlot/tink/cmd/tink-cli/cmd/event>Finished running tool: /home/quickdev/go/bin/golint

Starting linting the current package at /home/quickdev/go/src/github.com/gauravgahlot/tink/cmd/tink-cli/cmd/event
/home/quickdev/go/src/github.com/gauravgahlot/tink/cmd/tink-cli/cmd/event>Finished running tool: /home/quickdev/go/bin/golint

Starting linting the current package at /home/quickdev/go/src/github.com/gauravgahlot/tink/cmd/tink-cli/cmd/event
/home/quickdev/go/src/github.com/gauravgahlot/tink/cmd/tink-cli/cmd/event>Finished running tool: /home/quickdev/go/bin/golint

Starting linting the current package at /home/quickdev/go/src/github.com/gauravgahlot/tink/cmd/tink-cli/cmd/event
/home/quickdev/go/src/github.com/gauravgahlot/tink/cmd/tink-cli/cmd/event>Finished running tool: /home/quickdev/go/bin/golint

Starting linting the current package at /home/quickdev/go/src/github.com/gauravgahlot/tink/grpc-server
/home/quickdev/go/src/github.com/gauravgahlot/tink/grpc-server>Finished running tool: /home/quickdev/go/bin/golint

Starting linting the current package at /home/quickdev/go/src/github.com/gauravgahlot/tink/informers
/home/quickdev/go/src/github.com/gauravgahlot/tink/informers>Finished running tool: /home/quickdev/go/bin/golint

Starting linting the current package at /home/quickdev/go/src/github.com/gauravgahlot/tink/cmd/tink-cli/cmd/event
/home/quickdev/go/src/github.com/gauravgahlot/tink/cmd/tink-cli/cmd/event>Finished running tool: /home/quickdev/go/bin/golint

Starting linting the current package at /home/quickdev/go/src/github.com/gauravgahlot/tink/informers
/home/quickdev/go/src/github.com/gauravgahlot/tink/informers>Finished running tool: /home/quickdev/go/bin/golint

Starting linting the current package at /home/quickdev/go/src/github.com/gauravgahlot/tink/informers
/home/quickdev/go/src/github.com/gauravgahlot/tink/informers>Finished running tool: /home/quickdev/go/bin/golint

Starting linting the current package at /home/quickdev/go/src/github.com/gauravgahlot/tink/informers
/home/quickdev/go/src/github.com/gauravgahlot/tink/informers>Finished running tool: /home/quickdev/go/bin/golint
/home/quickdev/go/src/github.com/gauravgahlot/tink/informers/informer.go:16: exported type EventHandler should have comment or be unexported

Starting linting the current package at /home/quickdev/go/src/github.com/gauravgahlot/tink/informers
/home/quickdev/go/src/github.com/gauravgahlot/tink/informers>Finished running tool: /home/quickdev/go/bin/golint

Starting linting the current package at /home/quickdev/go/src/github.com/gauravgahlot/tink/informers
/home/quickdev/go/src/github.com/gauravgahlot/tink/informers>Finished running tool: /home/quickdev/go/bin/golint

Starting linting the current package at /home/quickdev/go/src/github.com/gauravgahlot/tink/informers
/home/quickdev/go/src/github.com/gauravgahlot/tink/informers>Finished running tool: /home/quickdev/go/bin/golint

Starting linting the current package at /home/quickdev/go/src/github.com/gauravgahlot/tink/informers
/home/quickdev/go/src/github.com/gauravgahlot/tink/informers>Finished running tool: /home/quickdev/go/bin/golint

Starting linting the current package at /home/quickdev/go/src/github.com/gauravgahlot/tink/informers
/home/quickdev/go/src/github.com/gauravgahlot/tink/informers>Finished running tool: /home/quickdev/go/bin/golint
/home/quickdev/go/src/github.com/gauravgahlot/tink/informers/informer.go:23: exported type EventHandlerFuncs should have comment or be unexported

Starting linting the current package at /home/quickdev/go/src/github.com/gauravgahlot/tink/informers
/home/quickdev/go/src/github.com/gauravgahlot/tink/informers>Finished running tool: /home/quickdev/go/bin/golint
/home/quickdev/go/src/github.com/gauravgahlot/tink/informers/informer.go:23: exported type EventHandlerFuncs should have comment or be unexported

Starting linting the current package at /home/quickdev/go/src/github.com/gauravgahlot/tink/informers
/home/quickdev/go/src/github.com/gauravgahlot/tink/informers>Finished running tool: /home/quickdev/go/bin/golint

Starting linting the current package at /home/quickdev/go/src/github.com/gauravgahlot/tink/informers
/home/quickdev/go/src/github.com/gauravgahlot/tink/informers>Finished running tool: /home/quickdev/go/bin/golint

Starting linting the current package at /home/quickdev/go/src/github.com/gauravgahlot/tink/informers
/home/quickdev/go/src/github.com/gauravgahlot/tink/informers>Finished running tool: /home/quickdev/go/bin/golint

Starting linting the current package at /home/quickdev/go/src/github.com/gauravgahlot/tink/informers
/home/quickdev/go/src/github.com/gauravgahlot/tink/informers>Finished running tool: /home/quickdev/go/bin/golint

Starting linting the current package at /home/quickdev/go/src/github.com/gauravgahlot/tink/informers
/home/quickdev/go/src/github.com/gauravgahlot/tink/informers>Finished running tool: /home/quickdev/go/bin/golint

Starting linting the current package at /home/quickdev/go/src/github.com/gauravgahlot/tink/informers
/home/quickdev/go/src/github.com/gauravgahlot/tink/informers>Finished running tool: /home/quickdev/go/bin/golint

Starting linting the current package at /home/quickdev/go/src/github.com/gauravgahlot/tink/informers
/home/quickdev/go/src/github.com/gauravgahlot/tink/informers>Finished running tool: /home/quickdev/go/bin/golint
/home/quickdev/go/src/github.com/gauravgahlot/tink/informers/informer.go:30: exported method EventHandlerFuncs.OnCreate should have comment or be unexported

Starting linting the current package at /home/quickdev/go/src/github.com/gauravgahlot/tink/informers
/home/quickdev/go/src/github.com/gauravgahlot/tink/informers>Finished running tool: /home/quickdev/go/bin/golint
/home/quickdev/go/src/github.com/gauravgahlot/tink/informers/informer.go:30: exported method EventHandlerFuncs.OnCreate should have comment or be unexported

Starting linting the current package at /home/quickdev/go/src/github.com/gauravgahlot/tink/informers
/home/quickdev/go/src/github.com/gauravgahlot/tink/informers>Finished running tool: /home/quickdev/go/bin/golint

Starting linting the current package at /home/quickdev/go/src/github.com/gauravgahlot/tink/informers
/home/quickdev/go/src/github.com/gauravgahlot/tink/informers>Finished running tool: /home/quickdev/go/bin/golint

Starting linting the current package at /home/quickdev/go/src/github.com/gauravgahlot/tink/informers
/home/quickdev/go/src/github.com/gauravgahlot/tink/informers>Finished running tool: /home/quickdev/go/bin/golint
/home/quickdev/go/src/github.com/gauravgahlot/tink/informers/handler.go:3: exported type EventHandler should have comment or be unexported

Starting linting the current package at /home/quickdev/go/src/github.com/gauravgahlot/tink/informers
/home/quickdev/go/src/github.com/gauravgahlot/tink/informers>Finished running tool: /home/quickdev/go/bin/golint
/home/quickdev/go/src/github.com/gauravgahlot/tink/informers/handler.go:5: exported type EventHandler should have comment or be unexported

Starting linting the current package at /home/quickdev/go/src/github.com/gauravgahlot/tink/informers
/home/quickdev/go/src/github.com/gauravgahlot/tink/informers>Finished running tool: /home/quickdev/go/bin/golint

Starting linting the current package at /home/quickdev/go/src/github.com/gauravgahlot/tink/informers
/home/quickdev/go/src/github.com/gauravgahlot/tink/informers>Finished running tool: /home/quickdev/go/bin/golint

Starting linting the current package at /home/quickdev/go/src/github.com/gauravgahlot/tink/informers
/home/quickdev/go/src/github.com/gauravgahlot/tink/informers>Finished running tool: /home/quickdev/go/bin/golint

Starting linting the current package at /home/quickdev/go/src/github.com/gauravgahlot/tink/informers
/home/quickdev/go/src/github.com/gauravgahlot/tink/informers>Finished running tool: /home/quickdev/go/bin/golint

Starting linting the current package at /home/quickdev/go/src/github.com/gauravgahlot/tink/informers
/home/quickdev/go/src/github.com/gauravgahlot/tink/informers>Finished running tool: /home/quickdev/go/bin/golint

Starting linting the current package at /home/quickdev/go/src/github.com/gauravgahlot/tink/informers
/home/quickdev/go/src/github.com/gauravgahlot/tink/informers>Finished running tool: /home/quickdev/go/bin/golint

Starting linting the current package at /home/quickdev/go/src/github.com/gauravgahlot/tink/informers
/home/quickdev/go/src/github.com/gauravgahlot/tink/informers>Finished running tool: /home/quickdev/go/bin/golint

Starting linting the current package at /home/quickdev/go/src/github.com/gauravgahlot/tink/cmd/tink-cli/cmd/event
/home/quickdev/go/src/github.com/gauravgahlot/tink/cmd/tink-cli/cmd/event>Finished running tool: /home/quickdev/go/bin/golint

Starting linting the current package at /home/quickdev/go/src/github.com/gauravgahlot/tink/cmd/tink-cli/cmd/event
/home/quickdev/go/src/github.com/gauravgahlot/tink/cmd/tink-cli/cmd/event>Finished running tool: /home/quickdev/go/bin/golint

Starting linting the current package at /home/quickdev/go/src/github.com/gauravgahlot/tink/cmd/tink-cli/cmd/event
/home/quickdev/go/src/github.com/gauravgahlot/tink/cmd/tink-cli/cmd/event>Finished running tool: /home/quickdev/go/bin/golint

Starting linting the current package at /home/quickdev/go/src/github.com/gauravgahlot/tink/cmd/tink-cli/cmd/event
/home/quickdev/go/src/github.com/gauravgahlot/tink/cmd/tink-cli/cmd/event>Finished running tool: /home/quickdev/go/bin/golint

Starting linting the current package at /home/quickdev/go/src/github.com/gauravgahlot/tink/informers
/home/quickdev/go/src/github.com/gauravgahlot/tink/informers>Finished running tool: /home/quickdev/go/bin/golint

Starting linting the current package at /home/quickdev/go/src/github.com/gauravgahlot/tink/informers
/home/quickdev/go/src/github.com/gauravgahlot/tink/informers>Finished running tool: /home/quickdev/go/bin/golint

Starting linting the current package at /home/quickdev/go/src/github.com/gauravgahlot/tink/informers
/home/quickdev/go/src/github.com/gauravgahlot/tink/informers>Finished running tool: /home/quickdev/go/bin/golint

Starting linting the current package at /home/quickdev/go/src/github.com/gauravgahlot/tink/cmd/tink-cli/cmd/event
/home/quickdev/go/src/github.com/gauravgahlot/tink/cmd/tink-cli/cmd/event>Finished running tool: /home/quickdev/go/bin/golint

Starting linting the current package at /home/quickdev/go/src/github.com/gauravgahlot/tink/informers
/home/quickdev/go/src/github.com/gauravgahlot/tink/informers>Finished running tool: /home/quickdev/go/bin/golint

Starting linting the current package at /home/quickdev/go/src/github.com/gauravgahlot/tink/informers
/home/quickdev/go/src/github.com/gauravgahlot/tink/informers>Finished running tool: /home/quickdev/go/bin/golint

Starting linting the current package at /home/quickdev/go/src/github.com/gauravgahlot/tink/informers
/home/quickdev/go/src/github.com/gauravgahlot/tink/informers>Finished running tool: /home/quickdev/go/bin/golint

Starting linting the current package at /home/quickdev/go/src/github.com/gauravgahlot/tink/informers
/home/quickdev/go/src/github.com/gauravgahlot/tink/informers>Finished running tool: /home/quickdev/go/bin/golint

Starting linting the current package at /home/quickdev/go/src/github.com/gauravgahlot/tink/informers
/home/quickdev/go/src/github.com/gauravgahlot/tink/informers>Finished running tool: /home/quickdev/go/bin/golint

Starting linting the current package at /home/quickdev/go/src/github.com/gauravgahlot/tink/informers
/home/quickdev/go/src/github.com/gauravgahlot/tink/informers>Finished running tool: /home/quickdev/go/bin/golint

Starting linting the current package at /home/quickdev/go/src/github.com/gauravgahlot/tink/informers
/home/quickdev/go/src/github.com/gauravgahlot/tink/informers>Finished running tool: /home/quickdev/go/bin/golint

Starting linting the current package at /home/quickdev/go/src/github.com/gauravgahlot/tink/informers
/home/quickdev/go/src/github.com/gauravgahlot/tink/informers>Finished running tool: /home/quickdev/go/bin/golint

Starting linting the current package at /home/quickdev/go/src/github.com/gauravgahlot/tink/informers
/home/quickdev/go/src/github.com/gauravgahlot/tink/informers>Finished running tool: /home/quickdev/go/bin/golint

Starting linting the current package at /home/quickdev/go/src/github.com/gauravgahlot/tink/informers
/home/quickdev/go/src/github.com/gauravgahlot/tink/informers>Finished running tool: /home/quickdev/go/bin/golint

Starting linting the current package at /home/quickdev/go/src/github.com/gauravgahlot/tink/informers
/home/quickdev/go/src/github.com/gauravgahlot/tink/informers>Finished running tool: /home/quickdev/go/bin/golint

Starting linting the current package at /home/quickdev/go/src/github.com/gauravgahlot/tink/informers
/home/quickdev/go/src/github.com/gauravgahlot/tink/informers>Finished running tool: /home/quickdev/go/bin/golint

Starting linting the current package at /home/quickdev/go/src/github.com/gauravgahlot/tink/informers
/home/quickdev/go/src/github.com/gauravgahlot/tink/informers>Finished running tool: /home/quickdev/go/bin/golint

Starting linting the current package at /home/quickdev/go/src/github.com/gauravgahlot/tink/informers
/home/quickdev/go/src/github.com/gauravgahlot/tink/informers>Finished running tool: /home/quickdev/go/bin/golint

Starting linting the current package at /home/quickdev/go/src/github.com/gauravgahlot/tink/informers
/home/quickdev/go/src/github.com/gauravgahlot/tink/informers>Finished running tool: /home/quickdev/go/bin/golint

Starting linting the current package at /home/quickdev/go/src/github.com/gauravgahlot/tink/informers
/home/quickdev/go/src/github.com/gauravgahlot/tink/informers>Finished running tool: /home/quickdev/go/bin/golint

Starting linting the current package at /home/quickdev/go/src/github.com/gauravgahlot/tink/informers
/home/quickdev/go/src/github.com/gauravgahlot/tink/informers>Finished running tool: /home/quickdev/go/bin/golint

Starting linting the current package at /home/quickdev/go/src/github.com/gauravgahlot/tink/informers
/home/quickdev/go/src/github.com/gauravgahlot/tink/informers>Finished running tool: /home/quickdev/go/bin/golint

Starting linting the current package at /home/quickdev/go/src/github.com/gauravgahlot/tink/informers
/home/quickdev/go/src/github.com/gauravgahlot/tink/informers>Finished running tool: /home/quickdev/go/bin/golint

Starting linting the current package at /home/quickdev/go/src/github.com/gauravgahlot/tink/informers
/home/quickdev/go/src/github.com/gauravgahlot/tink/informers>Finished running tool: /home/quickdev/go/bin/golint

Starting linting the current package at /home/quickdev/go/src/github.com/gauravgahlot/tink/informers
/home/quickdev/go/src/github.com/gauravgahlot/tink/informers>Finished running tool: /home/quickdev/go/bin/golint

Starting linting the current package at /home/quickdev/go/src/github.com/gauravgahlot/tink/informers
/home/quickdev/go/src/github.com/gauravgahlot/tink/informers>Finished running tool: /home/quickdev/go/bin/golint

Starting linting the current package at /home/quickdev/go/src/github.com/gauravgahlot/tink/informers
/home/quickdev/go/src/github.com/gauravgahlot/tink/informers>Finished running tool: /home/quickdev/go/bin/golint

Starting linting the current package at /home/quickdev/go/src/github.com/gauravgahlot/tink/informers
/home/quickdev/go/src/github.com/gauravgahlot/tink/informers>Finished running tool: /home/quickdev/go/bin/golint

Starting linting the current package at /home/quickdev/go/src/github.com/gauravgahlot/tink/informers
/home/quickdev/go/src/github.com/gauravgahlot/tink/informers>Finished running tool: /home/quickdev/go/bin/golint

Starting linting the current package at /home/quickdev/go/src/github.com/gauravgahlot/tink/informers
/home/quickdev/go/src/github.com/gauravgahlot/tink/informers>Finished running tool: /home/quickdev/go/bin/golint

Starting linting the current package at /home/quickdev/go/src/github.com/gauravgahlot/tink/informers
/home/quickdev/go/src/github.com/gauravgahlot/tink/informers>Finished running tool: /home/quickdev/go/bin/golint

Starting linting the current package at /home/quickdev/go/src/github.com/gauravgahlot/tink/informers
/home/quickdev/go/src/github.com/gauravgahlot/tink/informers>Finished running tool: /home/quickdev/go/bin/golint

Starting linting the current package at /home/quickdev/go/src/github.com/gauravgahlot/tink/informers
/home/quickdev/go/src/github.com/gauravgahlot/tink/informers>Finished running tool: /home/quickdev/go/bin/golint

Starting linting the current package at /home/quickdev/go/src/github.com/gauravgahlot/tink/informers
/home/quickdev/go/src/github.com/gauravgahlot/tink/informers>Finished running tool: /home/quickdev/go/bin/golint

Starting linting the current package at /home/quickdev/go/src/github.com/gauravgahlot/tink/informers
/home/quickdev/go/src/github.com/gauravgahlot/tink/informers>Finished running tool: /home/quickdev/go/bin/golint

Starting linting the current package at /home/quickdev/go/src/github.com/gauravgahlot/tink/informers
/home/quickdev/go/src/github.com/gauravgahlot/tink/informers>Finished running tool: /home/quickdev/go/bin/golint

Starting linting the current package at /home/quickdev/go/src/github.com/gauravgahlot/tink/informers
/home/quickdev/go/src/github.com/gauravgahlot/tink/informers>Finished running tool: /home/quickdev/go/bin/golint

Starting linting the current package at /home/quickdev/go/src/github.com/gauravgahlot/tink/informers
/home/quickdev/go/src/github.com/gauravgahlot/tink/informers>Finished running tool: /home/quickdev/go/bin/golint

Starting linting the current package at /home/quickdev/go/src/github.com/gauravgahlot/tink/informers
/home/quickdev/go/src/github.com/gauravgahlot/tink/informers>Finished running tool: /home/quickdev/go/bin/golint

Starting linting the current package at /home/quickdev/go/src/github.com/gauravgahlot/tink/informers
/home/quickdev/go/src/github.com/gauravgahlot/tink/informers>Finished running tool: /home/quickdev/go/bin/golint

Starting linting the current package at /home/quickdev/go/src/github.com/gauravgahlot/tink/informers
/home/quickdev/go/src/github.com/gauravgahlot/tink/informers>Finished running tool: /home/quickdev/go/bin/golint

Starting linting the current package at /home/quickdev/go/src/github.com/gauravgahlot/tink/informers
/home/quickdev/go/src/github.com/gauravgahlot/tink/informers>Finished running tool: /home/quickdev/go/bin/golint

Starting linting the current package at /home/quickdev/go/src/github.com/gauravgahlot/tink/informers
/home/quickdev/go/src/github.com/gauravgahlot/tink/informers>Finished running tool: /home/quickdev/go/bin/golint

Starting linting the current package at /home/quickdev/go/src/github.com/gauravgahlot/tink/informers
/home/quickdev/go/src/github.com/gauravgahlot/tink/informers>Finished running tool: /home/quickdev/go/bin/golint

Starting linting the current package at /home/quickdev/go/src/github.com/gauravgahlot/tink/informers
/home/quickdev/go/src/github.com/gauravgahlot/tink/informers>Finished running tool: /home/quickdev/go/bin/golint

Starting linting the current package at /home/quickdev/go/src/github.com/gauravgahlot/tink/informers
/home/quickdev/go/src/github.com/gauravgahlot/tink/informers>Finished running tool: /home/quickdev/go/bin/golint

Starting linting the current package at /home/quickdev/go/src/github.com/gauravgahlot/tink/informers
/home/quickdev/go/src/github.com/gauravgahlot/tink/informers>Finished running tool: /home/quickdev/go/bin/golint

Starting linting the current package at /home/quickdev/go/src/github.com/gauravgahlot/tink/informers
/home/quickdev/go/src/github.com/gauravgahlot/tink/informers>Finished running tool: /home/quickdev/go/bin/golint

Starting linting the current package at /home/quickdev/go/src/github.com/gauravgahlot/tink/informers
/home/quickdev/go/src/github.com/gauravgahlot/tink/informers>Finished running tool: /home/quickdev/go/bin/golint

