Initializing document watcher...
tink/db/events.go: {"insertSpaces":false,"tabSize":8}
tink/grpc-server/template_test.go: {"insertSpaces":false,"tabSize":8}
tink/grpc-server/template_test.go: {"insertSpaces":false,"tabSize":8}
tink/db/events.go: {"insertSpaces":false,"tabSize":8}
tink/db/template.go: {"insertSpaces":false,"tabSize":8}
tink/db/template.go: {"insertSpaces":false,"tabSize":8}
tink/db/template.go: {"insertSpaces":false,"tabSize":8}
tink/db/template.go: {"insertSpaces":false,"tabSize":8}
tink/db/template.go: {"insertSpaces":false,"tabSize":8}
tink/db/events.go: {"insertSpaces":false,"tabSize":8}
tink/db/template.go: {"insertSpaces":false,"tabSize":8}
tink/db/events.go: {"insertSpaces":false,"tabSize":8}
tink/db/events.go: Using EditorConfig core...
db/events.go: editor.action.trimTrailingWhitespace
tink/db/events.go: {"insertSpaces":false,"tabSize":8}
tink/db/events.go: {"insertSpaces":false,"tabSize":8}
tink/grpc-server/events.go: {"insertSpaces":false,"tabSize":8}
tink/db/mock/mock.go: {"insertSpaces":false,"tabSize":8}
tink/grpc-server/events.go: {"insertSpaces":false,"tabSize":8}
tink/db/mock/mock.go: {"insertSpaces":false,"tabSize":8}
tink/grpc-server/template_test.go: {"insertSpaces":false,"tabSize":8}
tink/db/mock/mock.go: {"insertSpaces":false,"tabSize":8}
tink/db/mock/event.go: {"insertSpaces":false,"tabSize":8}
tink/db/mock/event.go: Using EditorConfig core...
db/mock/event.go: editor.action.trimTrailingWhitespace
tink/db/mock/event.go: Using EditorConfig core...
db/mock/event.go: editor.action.trimTrailingWhitespace
tink/db/mock/event.go: {"insertSpaces":false,"tabSize":8}
tink/db/mock/event.go: {"insertSpaces":false,"tabSize":8}
tink/db/mock/event.go: {"insertSpaces":false,"tabSize":8}
tink/grpc-server/events.go: {"insertSpaces":false,"tabSize":8}
tink/db/events.go: {"insertSpaces":false,"tabSize":8}
tink/db/events.go: Using EditorConfig core...
db/events.go: editor.action.trimTrailingWhitespace
tink/db/events.go: {"insertSpaces":false,"tabSize":8}
tink/db/events.go: Using EditorConfig core...
db/events.go: editor.action.trimTrailingWhitespace
tink/db/events.go: {"insertSpaces":false,"tabSize":8}
tink/db/events.go: {"insertSpaces":false,"tabSize":8}
tink/db/events.go: {"insertSpaces":false,"tabSize":8}
tink/db/events.go: {"insertSpaces":false,"tabSize":8}
tink/db/events.go: {"insertSpaces":false,"tabSize":8}
tink/db/events.go: {"insertSpaces":false,"tabSize":8}
tink/db/events.go: Using EditorConfig core...
db/events.go: editor.action.trimTrailingWhitespace
tink/informers/notification.go: {"insertSpaces":false,"tabSize":8}
tink/db/events.go: {"insertSpaces":false,"tabSize":8}
tink/db/events.go: Using EditorConfig core...
db/events.go: editor.action.trimTrailingWhitespace
tink/db/events.go: Using EditorConfig core...
db/events.go: editor.action.trimTrailingWhitespace
tink/db/events.go: Using EditorConfig core...
db/events.go: editor.action.trimTrailingWhitespace
tink/db/events.go: Using EditorConfig core...
db/events.go: editor.action.trimTrailingWhitespace
tink/db/events.go: Using EditorConfig core...
db/events.go: editor.action.trimTrailingWhitespace
tink/informers/notification.go: {"insertSpaces":false,"tabSize":8}
tink/db/events.go: {"insertSpaces":false,"tabSize":8}
tink/db/events.go: Using EditorConfig core...
db/events.go: editor.action.trimTrailingWhitespace
tink/db/events.go: Using EditorConfig core...
db/events.go: editor.action.trimTrailingWhitespace
tink/db/events.go: Using EditorConfig core...
db/events.go: editor.action.trimTrailingWhitespace
tink/db/events.go: Using EditorConfig core...
db/events.go: editor.action.trimTrailingWhitespace
tink/db/events.go: {"insertSpaces":false,"tabSize":8}
tink/informers/notification.go: {"insertSpaces":false,"tabSize":8}
tink/cmd/tink-cli/cmd/event/watch.go: {"insertSpaces":false,"tabSize":8}
tink/cmd/tink-cli/cmd/event/watch.go: Using EditorConfig core...
cmd/tink-cli/cmd/event/watch.go: editor.action.trimTrailingWhitespace
tink/cmd/tink-cli/cmd/event/watch.go: Using EditorConfig core...
cmd/tink-cli/cmd/event/watch.go: editor.action.trimTrailingWhitespace
tink/cmd/tink-cli/cmd/event/watch.go: {"insertSpaces":false,"tabSize":8}
tink/cmd/tink-cli/cmd/event/watch.go: {"insertSpaces":false,"tabSize":8}
tink/cmd/tink-cli/cmd/event/watch.go: Using EditorConfig core...
cmd/tink-cli/cmd/event/watch.go: editor.action.trimTrailingWhitespace
tink/cmd/tink-cli/cmd/event/watch.go: {"insertSpaces":false,"tabSize":8}
tink/cmd/tink-cli/cmd/event/watch.go: {"insertSpaces":false,"tabSize":8}
tink/cmd/tink-cli/cmd/event/watch.go: {"insertSpaces":false,"tabSize":8}
tink/cmd/tink-cli/cmd/event/watch.go: {"insertSpaces":false,"tabSize":8}
No more open editors.
tink/db/events.go: {"insertSpaces":false,"tabSize":8}
tink/db/events.go: Using EditorConfig core...
db/events.go: editor.action.trimTrailingWhitespace
tink/db/events.go: Using EditorConfig core...
db/events.go: editor.action.trimTrailingWhitespace
tink/db/events.go: Using EditorConfig core...
db/events.go: editor.action.trimTrailingWhitespace
tink/db/events.go: Using EditorConfig core...
db/events.go: editor.action.trimTrailingWhitespace
tink/db/events.go: {"insertSpaces":false,"tabSize":8}
tink/db/events.go: Using EditorConfig core...
db/events.go: editor.action.trimTrailingWhitespace
tink/db/events.go: Using EditorConfig core...
db/events.go: editor.action.trimTrailingWhitespace
tink/db/events.go: {"insertSpaces":false,"tabSize":8}
tink/db/events.go: Using EditorConfig core...
db/events.go: editor.action.trimTrailingWhitespace
tink/db/events.go: Using EditorConfig core...
db/events.go: editor.action.trimTrailingWhitespace
tink/db/events.go: {"insertSpaces":false,"tabSize":8}
tink/db/events.go: {"insertSpaces":false,"tabSize":8}
tink/db/events.go: {"insertSpaces":false,"tabSize":8}
tink/cmd/tink-cli/cmd/event/watch.go: {"insertSpaces":false,"tabSize":8}
tink/cmd/tink-cli/cmd/event/watch.go: Using EditorConfig core...
cmd/tink-cli/cmd/event/watch.go: editor.action.trimTrailingWhitespace
tink/cmd/tink-cli/cmd/event/watch.go: Using EditorConfig core...
cmd/tink-cli/cmd/event/watch.go: editor.action.trimTrailingWhitespace
tink/cmd/tink-cli/cmd/event/watch.go: Using EditorConfig core...
cmd/tink-cli/cmd/event/watch.go: editor.action.trimTrailingWhitespace
tink/cmd/tink-cli/cmd/event/watch.go: Using EditorConfig core...
cmd/tink-cli/cmd/event/watch.go: editor.action.trimTrailingWhitespace
tink/cmd/tink-cli/cmd/event/watch.go: Using EditorConfig core...
cmd/tink-cli/cmd/event/watch.go: editor.action.trimTrailingWhitespace
tink/cmd/tink-cli/cmd/event/watch.go: {"insertSpaces":false,"tabSize":8}
tink/cmd/tink-cli/cmd/event/watch.go: {"insertSpaces":false,"tabSize":8}
tink/cmd/tink-cli/cmd/event/watch.go: {"insertSpaces":false,"tabSize":8}
tink/cmd/tink-cli/cmd/event/watch.go: {"insertSpaces":false,"tabSize":8}
tink/cmd/tink-cli/cmd/event/watch.go: {"insertSpaces":false,"tabSize":8}
tink/cmd/tink-cli/cmd/event/watch.go: {"insertSpaces":false,"tabSize":8}
tink/cmd/tink-cli/cmd/event/watch.go: {"insertSpaces":false,"tabSize":8}
tink/cmd/tink-cli/cmd/event/watch.go: {"insertSpaces":false,"tabSize":8}
tink/db/events.go: {"insertSpaces":false,"tabSize":8}
tink/informers/notification.go: {"insertSpaces":false,"tabSize":8}
tink/informers/notification.go: {"insertSpaces":false,"tabSize":8}
tink/informers/notification.go: {"insertSpaces":false,"tabSize":8}
tink/informers/notification.go: {"insertSpaces":false,"tabSize":8}
tink/informers/notification.go: {"insertSpaces":false,"tabSize":8}
tink/informers/notification.go: {"insertSpaces":false,"tabSize":8}
tink/informers/notification.go: {"insertSpaces":false,"tabSize":8}
tink/go.sum: {"insertSpaces":false,"tabSize":8}
tink/go.mod: {"insertSpaces":false,"tabSize":8}
tink/go.mod: {"insertSpaces":false,"tabSize":8}
tink/go.mod: {"insertSpaces":false,"tabSize":8}
tink/go.mod: {"insertSpaces":false,"tabSize":8}
tink/go.mod: {"insertSpaces":false,"tabSize":8}
tink/cmd/tink-cli/cmd/event/watch.go: {"insertSpaces":false,"tabSize":8}
tink/cmd/tink-cli/cmd/event/watch.go: {"insertSpaces":false,"tabSize":8}
tink/cmd/tink-cli/cmd/event/watch.go: {"insertSpaces":false,"tabSize":8}
tink/cmd/tink-cli/cmd/event/watch.go: {"insertSpaces":false,"tabSize":8}
tink/cmd/tink-cli/cmd/event/watch.go: {"insertSpaces":false,"tabSize":8}
tink/cmd/tink-cli/cmd/event/watch.go: {"insertSpaces":false,"tabSize":8}
tink/cmd/tink-cli/cmd/event/watch.go: {"insertSpaces":false,"tabSize":8}
tink/cmd/tink-cli/cmd/event/watch.go: {"insertSpaces":false,"tabSize":8}
tink/cmd/tink-cli/cmd/event/watch.go: {"insertSpaces":false,"tabSize":8}
tink/cmd/tink-cli/cmd/event/watch.go: {"insertSpaces":false,"tabSize":8}
tink/cmd/tink-cli/cmd/event/watch.go: {"insertSpaces":false,"tabSize":8}
tink/cmd/tink-cli/cmd/event/watch.go: {"insertSpaces":false,"tabSize":8}
tink/cmd/tink-cli/cmd/event/watch.go: {"insertSpaces":false,"tabSize":8}
tink/cmd/tink-cli/cmd/event/watch.go: {"insertSpaces":false,"tabSize":8}
tink/cmd/tink-cli/cmd/event/watch.go: {"insertSpaces":false,"tabSize":8}
tink/cmd/tink-cli/cmd/event/watch.go: {"insertSpaces":false,"tabSize":8}
tink/cmd/tink-cli/cmd/event/watch.go: {"insertSpaces":false,"tabSize":8}
tink/cmd/tink-cli/cmd/event/watch.go: {"insertSpaces":false,"tabSize":8}
tink/cmd/tink-cli/cmd/event/watch.go: {"insertSpaces":false,"tabSize":8}
tink/grpc-server/events.go: {"insertSpaces":false,"tabSize":8}
tink/grpc-server/events.go: {"insertSpaces":false,"tabSize":8}
tink/grpc-server/events.go: {"insertSpaces":false,"tabSize":8}
tink/grpc-server/events.go: {"insertSpaces":false,"tabSize":8}
tink/grpc-server/events.go: {"insertSpaces":false,"tabSize":8}
tink/grpc-server/events.go: {"insertSpaces":false,"tabSize":8}
tink/grpc-server/events.go: {"insertSpaces":false,"tabSize":8}
tink/grpc-server/events.go: Using EditorConfig core...
grpc-server/events.go: editor.action.trimTrailingWhitespace
tink/cmd/tink-cli/cmd/event/watch.go: {"insertSpaces":false,"tabSize":8}
tink/informers/informer.go: {"insertSpaces":false,"tabSize":8}
tink/informers/notification.go: {"insertSpaces":false,"tabSize":8}
tink/informers/notification.go: Using EditorConfig core...
informers/notification.go: editor.action.trimTrailingWhitespace
tink/informers/notification.go: {"insertSpaces":false,"tabSize":8}
tink/informers/notification.go: {"insertSpaces":false,"tabSize":8}
tink/informers/notification.go: {"insertSpaces":false,"tabSize":8}
tink/informers/notification.go: {"insertSpaces":false,"tabSize":8}
tink/cmd/tink-cli/cmd/event/watch.go: {"insertSpaces":false,"tabSize":8}
tink/cmd/tink-cli/cmd/event/watch.go: {"insertSpaces":false,"tabSize":8}
tink/cmd/tink-cli/cmd/event/watch.go: {"insertSpaces":false,"tabSize":8}
tink/cmd/tink-cli/cmd/event/watch.go: {"insertSpaces":false,"tabSize":8}
tink/cmd/tink-cli/cmd/event/watch.go: {"insertSpaces":false,"tabSize":8}
tink/go.mod: {"insertSpaces":false,"tabSize":8}
tink/go.mod: {"insertSpaces":false,"tabSize":8}
tink/go.mod: {"insertSpaces":false,"tabSize":8}
tink/cmd/tink-cli/cmd/event/watch.go: {"insertSpaces":false,"tabSize":8}
tink/protos/events/events.proto: {"insertSpaces":true,"tabSize":2}
tink/protos/events/events.proto: Using EditorConfig core...
protos/events/events.proto: editor.action.trimTrailingWhitespace
tink/protos/events/events.proto: Using EditorConfig core...
protos/events/events.proto: editor.action.trimTrailingWhitespace
tink/protos/events/events.proto: {"insertSpaces":true,"tabSize":2}
tink/protos/events/events.proto: {"insertSpaces":true,"tabSize":2}
tink/protos/events/events.proto: Using EditorConfig core...
protos/events/events.proto: editor.action.trimTrailingWhitespace
tink/protos/events/events.proto: Using EditorConfig core...
protos/events/events.proto: editor.action.trimTrailingWhitespace
tink/protos/events/events.proto: {"insertSpaces":true,"tabSize":2}
tink/cmd/tink-cli/cmd/event/watch.go: {"insertSpaces":false,"tabSize":8}
tink/informers/notification.go: {"insertSpaces":false,"tabSize":8}
tink/informers/notification.go: {"insertSpaces":false,"tabSize":8}
tink/informers/notification.go: {"insertSpaces":false,"tabSize":8}
tink/protos/events/events.pb.go: {"insertSpaces":false,"tabSize":8}
/home/quickdev/go/pkg/mod/github.com/golang/protobuf@v1.4.2/ptypes/any/any.pb.go: {}
/home/quickdev/go/pkg/mod/google.golang.org/protobuf@v1.25.0/types/known/anypb/any.pb.go: {}
/home/quickdev/go/pkg/mod/github.com/golang/protobuf@v1.4.2/ptypes/any/any.pb.go: {}
tink/protos/events/events.pb.go: {"insertSpaces":false,"tabSize":8}
tink/informers/notification.go: {"insertSpaces":false,"tabSize":8}
tink/cmd/tink-cli/cmd/event/watch.go: {"insertSpaces":false,"tabSize":8}
tink/informers/notification.go: {"insertSpaces":false,"tabSize":8}
tink/informers/notification.go: {"insertSpaces":false,"tabSize":8}
tink/protos/events/events.pb.go: {"insertSpaces":false,"tabSize":8}
tink/protos/events/events.pb.go: {"insertSpaces":false,"tabSize":8}
tink/go.mod: {"insertSpaces":false,"tabSize":8}
tink/go.mod: {"insertSpaces":false,"tabSize":8}
tink/go.mod: {"insertSpaces":false,"tabSize":8}
tink/go.mod: {"insertSpaces":false,"tabSize":8}
tink/go.mod: {"insertSpaces":false,"tabSize":8}
tink/go.mod: {"insertSpaces":false,"tabSize":8}
tink/go.mod: {"insertSpaces":false,"tabSize":8}
tink/go.mod: {"insertSpaces":false,"tabSize":8}
No more open editors.
No more open editors.
tink/client/main.go: {"insertSpaces":false,"tabSize":8}
tink/client/main.go: {"insertSpaces":false,"tabSize":8}
tink/client/main.go: {"insertSpaces":false,"tabSize":8}
tink/client/main.go: {"insertSpaces":false,"tabSize":8}
tink/client/main.go: {"insertSpaces":false,"tabSize":8}
tink/cmd/tink-cli/cmd/event/watch.go: {"insertSpaces":false,"tabSize":8}
tink/cmd/tink-cli/cmd/event/watch.go: {"insertSpaces":false,"tabSize":8}
tink/informers/informer.go: {"insertSpaces":false,"tabSize":8}
tink/grpc-server/events.go: {"insertSpaces":false,"tabSize":8}
tink/informers/informer.go: {"insertSpaces":false,"tabSize":8}
tink/grpc-server/events.go: {"insertSpaces":false,"tabSize":8}
tink/grpc-server/events.go: {"insertSpaces":false,"tabSize":8}
tink/cmd/tink-cli/cmd/event/watch.go: {"insertSpaces":false,"tabSize":8}
tink/cmd/tink-cli/cmd/event/watch.go: Using EditorConfig core...
cmd/tink-cli/cmd/event/watch.go: editor.action.trimTrailingWhitespace
tink/informers/factory.go: {"insertSpaces":false,"tabSize":8}
tink/informers/informer.go: {"insertSpaces":false,"tabSize":8}
tink/informers/informer.go: {"insertSpaces":false,"tabSize":8}
tink/informers/informer.go: {"insertSpaces":false,"tabSize":8}
tink/informers/informer.go: Using EditorConfig core...
informers/informer.go: editor.action.trimTrailingWhitespace
tink/informers/informer.go: Using EditorConfig core...
informers/informer.go: editor.action.trimTrailingWhitespace
tink/informers/informer.go: Using EditorConfig core...
informers/informer.go: editor.action.trimTrailingWhitespace
tink/informers/informer.go: Using EditorConfig core...
informers/informer.go: editor.action.trimTrailingWhitespace
tink/informers/informer.go: Using EditorConfig core...
informers/informer.go: editor.action.trimTrailingWhitespace
tink/informers/informer.go: Using EditorConfig core...
informers/informer.go: editor.action.trimTrailingWhitespace
tink/informers/informer.go: Using EditorConfig core...
informers/informer.go: editor.action.trimTrailingWhitespace
tink/informers/informer.go: Using EditorConfig core...
informers/informer.go: editor.action.trimTrailingWhitespace
tink/informers/informer.go: Using EditorConfig core...
informers/informer.go: editor.action.trimTrailingWhitespace
tink/informers/informer.go: Using EditorConfig core...
informers/informer.go: editor.action.trimTrailingWhitespace
tink/informers/informer.go: Using EditorConfig core...
informers/informer.go: editor.action.trimTrailingWhitespace
tink/informers/informer.go: Using EditorConfig core...
informers/informer.go: editor.action.trimTrailingWhitespace
tink/informers/informer.go: Using EditorConfig core...
informers/informer.go: editor.action.trimTrailingWhitespace
tink/informers/informer.go: Using EditorConfig core...
informers/informer.go: editor.action.trimTrailingWhitespace
tink/informers/informer.go: Using EditorConfig core...
informers/informer.go: editor.action.trimTrailingWhitespace
tink/informers/informer.go: Using EditorConfig core...
informers/informer.go: editor.action.trimTrailingWhitespace
tink/informers/informer.go: Using EditorConfig core...
informers/informer.go: editor.action.trimTrailingWhitespace
tink/informers/informer.go: Using EditorConfig core...
informers/informer.go: editor.action.trimTrailingWhitespace
tink/informers/informer.go: Using EditorConfig core...
informers/informer.go: editor.action.trimTrailingWhitespace
tink/informers/handler.go: {"insertSpaces":false,"tabSize":8}
tink/informers/informer.go: {"insertSpaces":false,"tabSize":8}
tink/informers/handler.go: {"insertSpaces":false,"tabSize":8}
tink/informers/handler.go: Using EditorConfig core...
informers/handler.go: editor.action.trimTrailingWhitespace
tink/informers/informer.go: {"insertSpaces":false,"tabSize":8}
tink/informers/handler.go: {"insertSpaces":false,"tabSize":8}
tink/informers/handler.go: Using EditorConfig core...
informers/handler.go: editor.action.trimTrailingWhitespace
tink/informers/handler.go: Using EditorConfig core...
informers/handler.go: editor.action.trimTrailingWhitespace
tink/informers/informer.go: {"insertSpaces":false,"tabSize":8}
tink/informers/informer.go: Using EditorConfig core...
informers/informer.go: editor.action.trimTrailingWhitespace
tink/informers/informer.go: Using EditorConfig core...
informers/informer.go: editor.action.trimTrailingWhitespace
tink/informers/informer.go: Using EditorConfig core...
informers/informer.go: editor.action.trimTrailingWhitespace
tink/informers/factory.go: {"insertSpaces":false,"tabSize":8}
tink/informers/factory.go: Using EditorConfig core...
informers/factory.go: editor.action.trimTrailingWhitespace
tink/informers/factory.go: Using EditorConfig core...
informers/factory.go: editor.action.trimTrailingWhitespace
tink/informers/factory.go: Using EditorConfig core...
informers/factory.go: editor.action.trimTrailingWhitespace
tink/informers/informer.go: {"insertSpaces":false,"tabSize":8}
tink/informers/factory.go: {"insertSpaces":false,"tabSize":8}
tink/cmd/tink-cli/cmd/event/watch.go: {"insertSpaces":false,"tabSize":8}
tink/cmd/tink-cli/cmd/event/watch.go: Using EditorConfig core...
cmd/tink-cli/cmd/event/watch.go: editor.action.trimTrailingWhitespace
tink/cmd/tink-cli/cmd/event/watch.go: Using EditorConfig core...
cmd/tink-cli/cmd/event/watch.go: editor.action.trimTrailingWhitespace
tink/cmd/tink-cli/cmd/event/watch.go: Using EditorConfig core...
cmd/tink-cli/cmd/event/watch.go: editor.action.trimTrailingWhitespace
tink/cmd/tink-cli/cmd/event/watch.go: Using EditorConfig core...
cmd/tink-cli/cmd/event/watch.go: editor.action.trimTrailingWhitespace
tink/informers/informer.go: {"insertSpaces":false,"tabSize":8}
tink/informers/informer.go: Using EditorConfig core...
informers/informer.go: editor.action.trimTrailingWhitespace
tink/informers/informer.go: Using EditorConfig core...
informers/informer.go: editor.action.trimTrailingWhitespace
tink/informers/informer.go: Using EditorConfig core...
informers/informer.go: editor.action.trimTrailingWhitespace
tink/cmd/tink-cli/cmd/event/watch.go: {"insertSpaces":false,"tabSize":8}
tink/cmd/tink-cli/cmd/event/watch.go: Using EditorConfig core...
cmd/tink-cli/cmd/event/watch.go: editor.action.trimTrailingWhitespace
tink/grpc-server/events.go: {"insertSpaces":false,"tabSize":8}
tink/informers/informer.go: {"insertSpaces":false,"tabSize":8}
tink/cmd/tink-cli/cmd/event/watch.go: {"insertSpaces":false,"tabSize":8}
tink/informers/informer.go: {"insertSpaces":false,"tabSize":8}
tink/informers/informer.go: Using EditorConfig core...
informers/informer.go: editor.action.trimTrailingWhitespace
tink/informers/informer.go: {"insertSpaces":false,"tabSize":8}
tink/protos/events/events.proto: {"insertSpaces":true,"tabSize":2}
tink/protos/events/events.proto: {"insertSpaces":true,"tabSize":2}
tink/informers/informer.go: {"insertSpaces":false,"tabSize":8}
tink/informers/factory.go: {"insertSpaces":false,"tabSize":8}
tink/informers/informer.go: {"insertSpaces":false,"tabSize":8}
tink/informers/informer.go: Using EditorConfig core...
informers/informer.go: editor.action.trimTrailingWhitespace
tink/informers/informer.go: Using EditorConfig core...
informers/informer.go: editor.action.trimTrailingWhitespace
tink/informers/factory.go: {"insertSpaces":false,"tabSize":8}
tink/informers/factory.go: Using EditorConfig core...
informers/factory.go: editor.action.trimTrailingWhitespace
tink/informers/factory.go: Using EditorConfig core...
informers/factory.go: editor.action.trimTrailingWhitespace
tink/informers/factory.go: Using EditorConfig core...
informers/factory.go: editor.action.trimTrailingWhitespace
tink/informers/factory.go: Using EditorConfig core...
informers/factory.go: editor.action.trimTrailingWhitespace
tink/informers/informer.go: {"insertSpaces":false,"tabSize":8}
tink/informers/informer.go: Using EditorConfig core...
informers/informer.go: editor.action.trimTrailingWhitespace
tink/informers/factory.go: {"insertSpaces":false,"tabSize":8}
tink/informers/factory.go: Using EditorConfig core...
informers/factory.go: editor.action.trimTrailingWhitespace
tink/informers/factory.go: Using EditorConfig core...
informers/factory.go: editor.action.trimTrailingWhitespace
tink/informers/informer.go: {"insertSpaces":false,"tabSize":8}
tink/informers/informer.go: Using EditorConfig core...
informers/informer.go: editor.action.trimTrailingWhitespace
tink/informers/informer.go: Using EditorConfig core...
informers/informer.go: editor.action.trimTrailingWhitespace
tink/informers/informer.go: Using EditorConfig core...
informers/informer.go: editor.action.trimTrailingWhitespace
tink/informers/informer.go: Using EditorConfig core...
informers/informer.go: editor.action.trimTrailingWhitespace
tink/informers/informer.go: Using EditorConfig core...
informers/informer.go: editor.action.trimTrailingWhitespace
tink/informers/informer.go: Using EditorConfig core...
informers/informer.go: editor.action.trimTrailingWhitespace
tink/informers/informer.go: Using EditorConfig core...
informers/informer.go: editor.action.trimTrailingWhitespace
tink/informers/informer.go: Using EditorConfig core...
informers/informer.go: editor.action.trimTrailingWhitespace
tink/informers/informer.go: Using EditorConfig core...
informers/informer.go: editor.action.trimTrailingWhitespace
tink/informers/informer.go: Using EditorConfig core...
informers/informer.go: editor.action.trimTrailingWhitespace
tink/informers/informer.go: Using EditorConfig core...
informers/informer.go: editor.action.trimTrailingWhitespace
tink/informers/handler.go: {"insertSpaces":false,"tabSize":8}
tink/informers/handler.go: Using EditorConfig core...
informers/handler.go: editor.action.trimTrailingWhitespace
tink/informers/handler.go: Using EditorConfig core...
informers/handler.go: editor.action.trimTrailingWhitespace
tink/informers/handler.go: Using EditorConfig core...
informers/handler.go: editor.action.trimTrailingWhitespace
tink/informers/handler.go: Using EditorConfig core...
informers/handler.go: editor.action.trimTrailingWhitespace
tink/informers/handler.go: Using EditorConfig core...
informers/handler.go: editor.action.trimTrailingWhitespace
tink/informers/handler.go: Using EditorConfig core...
informers/handler.go: editor.action.trimTrailingWhitespace
tink/informers/handler.go: Using EditorConfig core...
informers/handler.go: editor.action.trimTrailingWhitespace
tink/informers/informer.go: {"insertSpaces":false,"tabSize":8}
tink/informers/informer.go: Using EditorConfig core...
informers/informer.go: editor.action.trimTrailingWhitespace
tink/informers/handler.go: {"insertSpaces":false,"tabSize":8}
tink/informers/handler.go: Using EditorConfig core...
informers/handler.go: editor.action.trimTrailingWhitespace
tink/informers/handler.go: Using EditorConfig core...
informers/handler.go: editor.action.trimTrailingWhitespace
tink/informers/handler.go: Using EditorConfig core...
informers/handler.go: editor.action.trimTrailingWhitespace
tink/informers/handler.go: Using EditorConfig core...
informers/handler.go: editor.action.trimTrailingWhitespace
tink/informers/handler.go: Using EditorConfig core...
informers/handler.go: editor.action.trimTrailingWhitespace
tink/informers/informer.go: {"insertSpaces":false,"tabSize":8}
tink/informers/informer.go: Using EditorConfig core...
informers/informer.go: editor.action.trimTrailingWhitespace
tink/informers/informer.go: Using EditorConfig core...
informers/informer.go: editor.action.trimTrailingWhitespace
tink/informers/informer.go: Using EditorConfig core...
informers/informer.go: editor.action.trimTrailingWhitespace
tink/informers/informer.go: Using EditorConfig core...
informers/informer.go: editor.action.trimTrailingWhitespace
tink/informers/informer.go: {"insertSpaces":false,"tabSize":8}
tink/informers/informer.go: {"insertSpaces":false,"tabSize":8}
