[2020-09-29 16:29:12.426] [exthost] [info] extension host started
[2020-09-29 16:29:12.448] [exthost] [info] ExtensionService#_doActivateExtension golang.go {"startup":false,"extensionId":{"value":"golang.go","_lower":"golang.go"},"activationEvent":"onLanguage:go"}
[2020-09-29 16:29:12.449] [exthost] [info] ExtensionService#loadCommonJSModule file:///home/quickdev/.vscode/extensions/golang.go-0.15.2/out/src/goMain
[2020-09-29 16:29:16.939] [exthost] [info] ExtensionService#_doActivateExtension vscode.debug-auto-launch {"startup":true,"extensionId":{"value":"vscode.debug-auto-launch","_lower":"vscode.debug-auto-launch"},"activationEvent":"*"}
[2020-09-29 16:29:16.939] [exthost] [info] ExtensionService#loadCommonJSModule file:///usr/share/code/resources/app/extensions/debug-auto-launch/dist/extension
[2020-09-29 16:29:17.012] [exthost] [info] ExtensionService#_doActivateExtension vscode.emmet {"startup":true,"extensionId":{"value":"vscode.emmet","_lower":"vscode.emmet"},"activationEvent":"*"}
[2020-09-29 16:29:17.012] [exthost] [info] ExtensionService#loadCommonJSModule file:///usr/share/code/resources/app/extensions/emmet/dist/extension
[2020-09-29 16:29:17.139] [exthost] [info] ExtensionService#_doActivateExtension vscode.git {"startup":true,"extensionId":{"value":"vscode.git","_lower":"vscode.git"},"activationEvent":"*"}
[2020-09-29 16:29:17.139] [exthost] [info] ExtensionService#loadCommonJSModule file:///usr/share/code/resources/app/extensions/git/dist/main
[2020-09-29 16:29:17.249] [exthost] [info] ExtensionService#_doActivateExtension vscode.github-authentication {"startup":true,"extensionId":{"value":"vscode.github-authentication","_lower":"vscode.github-authentication"},"activationEvent":"*"}
[2020-09-29 16:29:17.250] [exthost] [info] ExtensionService#loadCommonJSModule file:///usr/share/code/resources/app/extensions/github-authentication/dist/extension.js
[2020-09-29 16:29:17.277] [exthost] [info] ExtensionService#_doActivateExtension vscode.merge-conflict {"startup":true,"extensionId":{"value":"vscode.merge-conflict","_lower":"vscode.merge-conflict"},"activationEvent":"*"}
[2020-09-29 16:29:17.277] [exthost] [info] ExtensionService#loadCommonJSModule file:///usr/share/code/resources/app/extensions/merge-conflict/dist/extension
[2020-09-29 16:29:17.304] [exthost] [info] ExtensionService#_doActivateExtension vscode.search-result {"startup":true,"extensionId":{"value":"vscode.search-result","_lower":"vscode.search-result"},"activationEvent":"*"}
[2020-09-29 16:29:17.304] [exthost] [info] ExtensionService#loadCommonJSModule file:///usr/share/code/resources/app/extensions/search-result/dist/extension.js
[2020-09-29 16:29:17.317] [exthost] [info] ExtensionService#_doActivateExtension vscode.vscode-account {"startup":true,"extensionId":{"value":"vscode.vscode-account","_lower":"vscode.vscode-account"},"activationEvent":"*"}
[2020-09-29 16:29:17.317] [exthost] [info] ExtensionService#loadCommonJSModule file:///usr/share/code/resources/app/extensions/vscode-account/dist/extension.js
[2020-09-29 16:29:17.360] [exthost] [info] ExtensionService#_doActivateExtension eamodio.gitlens {"startup":true,"extensionId":{"value":"eamodio.gitlens","_lower":"eamodio.gitlens"},"activationEvent":"*"}
[2020-09-29 16:29:17.360] [exthost] [info] ExtensionService#loadCommonJSModule file:///home/quickdev/.vscode/extensions/eamodio.gitlens-10.2.2/dist/extension
[2020-09-29 16:29:17.540] [exthost] [info] ExtensionService#_doActivateExtension EditorConfig.EditorConfig {"startup":true,"extensionId":{"value":"EditorConfig.EditorConfig","_lower":"editorconfig.editorconfig"},"activationEvent":"*"}
[2020-09-29 16:29:17.540] [exthost] [info] ExtensionService#loadCommonJSModule file:///home/quickdev/.vscode/extensions/editorconfig.editorconfig-0.15.1/out/editorConfigMain.js
[2020-09-29 16:29:19.152] [exthost] [info] ExtensionService#_doActivateExtension esbenp.prettier-vscode {"startup":true,"extensionId":{"value":"esbenp.prettier-vscode","_lower":"esbenp.prettier-vscode"},"activationEvent":"*"}
[2020-09-29 16:29:19.152] [exthost] [info] ExtensionService#loadCommonJSModule file:///home/quickdev/.vscode/extensions/esbenp.prettier-vscode-5.5.0/dist/extension
[2020-09-29 16:29:20.831] [exthost] [info] eager extensions activated
