Initializing document watcher...
tink/informers/informer.go: Using EditorConfig core...
informers/informer.go: editor.action.trimTrailingWhitespace
tink/informers/informer.go: Using EditorConfig core...
informers/informer.go: editor.action.trimTrailingWhitespace
tink/informers/informer.go: Using EditorConfig core...
informers/informer.go: editor.action.trimTrailingWhitespace
tink/informers/informer.go: Using EditorConfig core...
informers/informer.go: editor.action.trimTrailingWhitespace
tink/informers/informer.go: Using EditorConfig core...
informers/informer.go: editor.action.trimTrailingWhitespace
tink/informers/informer.go: Using EditorConfig core...
informers/informer.go: editor.action.trimTrailingWhitespace
tink/informers/informer.go: Using EditorConfig core...
informers/informer.go: editor.action.trimTrailingWhitespace
tink/informers/informer.go: Using EditorConfig core...
informers/informer.go: editor.action.trimTrailingWhitespace
tink/informers/informer.go: Using EditorConfig core...
informers/informer.go: editor.action.trimTrailingWhitespace
tink/informers/notification.go: {"insertSpaces":false,"tabSize":8}
tink/informers/informer.go: {"insertSpaces":false,"tabSize":8}
tink/informers/informer.go: Using EditorConfig core...
informers/informer.go: editor.action.trimTrailingWhitespace
tink/informers/notification.go: {"insertSpaces":false,"tabSize":8}
tink/informers/notification.go: Using EditorConfig core...
informers/notification.go: editor.action.trimTrailingWhitespace
tink/informers/notification.go: Using EditorConfig core...
informers/notification.go: editor.action.trimTrailingWhitespace
tink/informers/informer.go: {"insertSpaces":false,"tabSize":8}
tink/informers/informer.go: Using EditorConfig core...
informers/informer.go: editor.action.trimTrailingWhitespace
tink/informers/informer.go: Using EditorConfig core...
informers/informer.go: editor.action.trimTrailingWhitespace
tink/grpc-server/events.go: {"insertSpaces":false,"tabSize":8}
tink/informers/informer.go: {"insertSpaces":false,"tabSize":8}
tink/informers/factory.go: {"insertSpaces":false,"tabSize":8}
tink/informers/factory.go: Using EditorConfig core...
informers/factory.go: editor.action.trimTrailingWhitespace
tink/informers/factory.go: Using EditorConfig core...
informers/factory.go: editor.action.trimTrailingWhitespace
tink/informers/factory.go: Using EditorConfig core...
informers/factory.go: editor.action.trimTrailingWhitespace
tink/informers/factory.go: Using EditorConfig core...
informers/factory.go: editor.action.trimTrailingWhitespace
tink/grpc-server/events.go: {"insertSpaces":false,"tabSize":8}
tink/grpc-server/events.go: Using EditorConfig core...
grpc-server/events.go: editor.action.trimTrailingWhitespace
tink/informers/factory.go: {"insertSpaces":false,"tabSize":8}
tink/grpc-server/events.go: {"insertSpaces":false,"tabSize":8}
tink/grpc-server/events.go: Using EditorConfig core...
grpc-server/events.go: editor.action.trimTrailingWhitespace
tink/grpc-server/events.go: Using EditorConfig core...
grpc-server/events.go: editor.action.trimTrailingWhitespace
tink/informers/notification.go: {"insertSpaces":false,"tabSize":8}
tink/grpc-server/events.go: {"insertSpaces":false,"tabSize":8}
tink/informers/factory.go: {"insertSpaces":false,"tabSize":8}
tink/grpc-server/events.go: {"insertSpaces":false,"tabSize":8}
tink/informers/notification.go: {"insertSpaces":false,"tabSize":8}
tink/informers/notification.go: Using EditorConfig core...
informers/notification.go: editor.action.trimTrailingWhitespace
tink/informers/notification.go: Using EditorConfig core...
informers/notification.go: editor.action.trimTrailingWhitespace
tink/informers/notification.go: Using EditorConfig core...
informers/notification.go: editor.action.trimTrailingWhitespace
tink/informers/notification.go: Using EditorConfig core...
informers/notification.go: editor.action.trimTrailingWhitespace
tink/informers/notification.go: Using EditorConfig core...
informers/notification.go: editor.action.trimTrailingWhitespace
tink/informers/notification.go: Using EditorConfig core...
informers/notification.go: editor.action.trimTrailingWhitespace
tink/informers/notification.go: Using EditorConfig core...
informers/notification.go: editor.action.trimTrailingWhitespace
tink/informers/notification.go: Using EditorConfig core...
informers/notification.go: editor.action.trimTrailingWhitespace
tink/informers/notification.go: Using EditorConfig core...
informers/notification.go: editor.action.trimTrailingWhitespace
tink/informers/notification.go: Using EditorConfig core...
informers/notification.go: editor.action.trimTrailingWhitespace
tink/informers/notification.go: Using EditorConfig core...
informers/notification.go: editor.action.trimTrailingWhitespace
tink/informers/notification.go: Using EditorConfig core...
informers/notification.go: editor.action.trimTrailingWhitespace
tink/informers/notification.go: Using EditorConfig core...
informers/notification.go: editor.action.trimTrailingWhitespace
tink/informers/notification.go: Using EditorConfig core...
informers/notification.go: editor.action.trimTrailingWhitespace
tink/informers/notification.go: Using EditorConfig core...
informers/notification.go: editor.action.trimTrailingWhitespace
tink/grpc-server/events.go: {"insertSpaces":false,"tabSize":8}
tink/informers/informer.go: {"insertSpaces":false,"tabSize":8}
tink/informers/informer.go: Using EditorConfig core...
informers/informer.go: editor.action.trimTrailingWhitespace
tink/grpc-server/events.go: {"insertSpaces":false,"tabSize":8}
tink/informers/factory.go: {"insertSpaces":false,"tabSize":8}
tink/informers/factory.go: Using EditorConfig core...
informers/factory.go: editor.action.trimTrailingWhitespace
tink/informers/factory.go: Using EditorConfig core...
informers/factory.go: editor.action.trimTrailingWhitespace
tink/informers/factory.go: Using EditorConfig core...
informers/factory.go: editor.action.trimTrailingWhitespace
tink/grpc-server/events.go: {"insertSpaces":false,"tabSize":8}
tink/informers/notification.go: {"insertSpaces":false,"tabSize":8}
tink/grpc-server/events.go: {"insertSpaces":false,"tabSize":8}
tink/grpc-server/events.go: Using EditorConfig core...
grpc-server/events.go: editor.action.trimTrailingWhitespace
tink/grpc-server/events.go: Using EditorConfig core...
grpc-server/events.go: editor.action.trimTrailingWhitespace
tink/grpc-server/events.go: Using EditorConfig core...
grpc-server/events.go: editor.action.trimTrailingWhitespace
tink/grpc-server/events.go: Using EditorConfig core...
grpc-server/events.go: editor.action.trimTrailingWhitespace
tink/grpc-server/events.go: Using EditorConfig core...
grpc-server/events.go: editor.action.trimTrailingWhitespace
tink/grpc-server/events.go: Using EditorConfig core...
grpc-server/events.go: editor.action.trimTrailingWhitespace
tink/grpc-server/events.go: Using EditorConfig core...
grpc-server/events.go: editor.action.trimTrailingWhitespace
tink/grpc-server/events.go: Using EditorConfig core...
grpc-server/events.go: editor.action.trimTrailingWhitespace
tink/grpc-server/events.go: Using EditorConfig core...
grpc-server/events.go: editor.action.trimTrailingWhitespace
tink/grpc-server/events.go: Using EditorConfig core...
grpc-server/events.go: editor.action.trimTrailingWhitespace
tink/grpc-server/events.go: Using EditorConfig core...
grpc-server/events.go: editor.action.trimTrailingWhitespace
tink/grpc-server/events.go: Using EditorConfig core...
grpc-server/events.go: editor.action.trimTrailingWhitespace
tink/grpc-server/events.go: Using EditorConfig core...
grpc-server/events.go: editor.action.trimTrailingWhitespace
tink/grpc-server/events.go: Using EditorConfig core...
grpc-server/events.go: editor.action.trimTrailingWhitespace
tink/grpc-server/events.go: Using EditorConfig core...
grpc-server/events.go: editor.action.trimTrailingWhitespace
tink/grpc-server/events.go: Using EditorConfig core...
grpc-server/events.go: editor.action.trimTrailingWhitespace
tink/db/events.go: {"insertSpaces":false,"tabSize":8}
tink/grpc-server/events.go: {"insertSpaces":false,"tabSize":8}
tink/grpc-server/events.go: Using EditorConfig core...
grpc-server/events.go: editor.action.trimTrailingWhitespace
tink/db/db.go: {"insertSpaces":false,"tabSize":8}
tink/db/db.go: Using EditorConfig core...
db/db.go: editor.action.trimTrailingWhitespace
tink/grpc-server/events.go: {"insertSpaces":false,"tabSize":8}
tink/db/events.go: {"insertSpaces":false,"tabSize":8}
tink/db/events.go: Using EditorConfig core...
db/events.go: editor.action.trimTrailingWhitespace
tink/db/events.go: Using EditorConfig core...
db/events.go: editor.action.trimTrailingWhitespace
tink/db/events.go: Using EditorConfig core...
db/events.go: editor.action.trimTrailingWhitespace
tink/db/events.go: Using EditorConfig core...
db/events.go: editor.action.trimTrailingWhitespace
tink/db/events.go: Using EditorConfig core...
db/events.go: editor.action.trimTrailingWhitespace
tink/grpc-server/events.go: {"insertSpaces":false,"tabSize":8}
tink/db/db.go: {"insertSpaces":false,"tabSize":8}
tink/db/db.go: Using EditorConfig core...
db/db.go: editor.action.trimTrailingWhitespace
tink/grpc-server/events.go: {"insertSpaces":false,"tabSize":8}
tink/db/events.go: {"insertSpaces":false,"tabSize":8}
tink/db/events.go: Using EditorConfig core...
db/events.go: editor.action.trimTrailingWhitespace
tink/grpc-server/events.go: {"insertSpaces":false,"tabSize":8}
tink/grpc-server/events.go: Using EditorConfig core...
grpc-server/events.go: editor.action.trimTrailingWhitespace
tink/grpc-server/events.go: Using EditorConfig core...
grpc-server/events.go: editor.action.trimTrailingWhitespace
tink/grpc-server/events.go: Using EditorConfig core...
grpc-server/events.go: editor.action.trimTrailingWhitespace
tink/db/events.go: {"insertSpaces":false,"tabSize":8}
tink/db/db.go: {"insertSpaces":false,"tabSize":8}
