[2020-09-29 18:21:36.863] [exthost] [info] extension host started
[2020-09-29 18:21:36.897] [exthost] [info] ExtensionService#_doActivateExtension golang.go {"startup":false,"extensionId":{"value":"golang.go","_lower":"golang.go"},"activationEvent":"onLanguage:go"}
[2020-09-29 18:21:36.898] [exthost] [info] ExtensionService#loadCommonJSModule file:///home/quickdev/.vscode/extensions/golang.go-0.15.2/out/src/goMain
[2020-09-29 18:21:37.193] [exthost] [info] ExtensionService#_doActivateExtension vscode.debug-auto-launch {"startup":true,"extensionId":{"value":"vscode.debug-auto-launch","_lower":"vscode.debug-auto-launch"},"activationEvent":"*"}
[2020-09-29 18:21:37.193] [exthost] [info] ExtensionService#loadCommonJSModule file:///usr/share/code/resources/app/extensions/debug-auto-launch/dist/extension
[2020-09-29 18:21:37.195] [exthost] [info] ExtensionService#_doActivateExtension vscode.emmet {"startup":true,"extensionId":{"value":"vscode.emmet","_lower":"vscode.emmet"},"activationEvent":"*"}
[2020-09-29 18:21:37.195] [exthost] [info] ExtensionService#loadCommonJSModule file:///usr/share/code/resources/app/extensions/emmet/dist/extension
[2020-09-29 18:21:37.203] [exthost] [info] ExtensionService#_doActivateExtension vscode.git {"startup":true,"extensionId":{"value":"vscode.git","_lower":"vscode.git"},"activationEvent":"*"}
[2020-09-29 18:21:37.203] [exthost] [info] ExtensionService#loadCommonJSModule file:///usr/share/code/resources/app/extensions/git/dist/main
[2020-09-29 18:21:37.248] [exthost] [info] ExtensionService#_doActivateExtension vscode.github-authentication {"startup":true,"extensionId":{"value":"vscode.github-authentication","_lower":"vscode.github-authentication"},"activationEvent":"*"}
[2020-09-29 18:21:37.248] [exthost] [info] ExtensionService#loadCommonJSModule file:///usr/share/code/resources/app/extensions/github-authentication/dist/extension.js
[2020-09-29 18:21:37.250] [exthost] [info] ExtensionService#_doActivateExtension vscode.merge-conflict {"startup":true,"extensionId":{"value":"vscode.merge-conflict","_lower":"vscode.merge-conflict"},"activationEvent":"*"}
[2020-09-29 18:21:37.250] [exthost] [info] ExtensionService#loadCommonJSModule file:///usr/share/code/resources/app/extensions/merge-conflict/dist/extension
[2020-09-29 18:21:37.251] [exthost] [info] ExtensionService#_doActivateExtension vscode.search-result {"startup":true,"extensionId":{"value":"vscode.search-result","_lower":"vscode.search-result"},"activationEvent":"*"}
[2020-09-29 18:21:37.252] [exthost] [info] ExtensionService#loadCommonJSModule file:///usr/share/code/resources/app/extensions/search-result/dist/extension.js
[2020-09-29 18:21:37.252] [exthost] [info] ExtensionService#_doActivateExtension vscode.vscode-account {"startup":true,"extensionId":{"value":"vscode.vscode-account","_lower":"vscode.vscode-account"},"activationEvent":"*"}
[2020-09-29 18:21:37.252] [exthost] [info] ExtensionService#loadCommonJSModule file:///usr/share/code/resources/app/extensions/vscode-account/dist/extension.js
[2020-09-29 18:21:37.256] [exthost] [info] ExtensionService#_doActivateExtension eamodio.gitlens {"startup":true,"extensionId":{"value":"eamodio.gitlens","_lower":"eamodio.gitlens"},"activationEvent":"*"}
[2020-09-29 18:21:37.256] [exthost] [info] ExtensionService#loadCommonJSModule file:///home/quickdev/.vscode/extensions/eamodio.gitlens-10.2.2/dist/extension
[2020-09-29 18:21:37.272] [exthost] [info] ExtensionService#_doActivateExtension EditorConfig.EditorConfig {"startup":true,"extensionId":{"value":"EditorConfig.EditorConfig","_lower":"editorconfig.editorconfig"},"activationEvent":"*"}
[2020-09-29 18:21:37.272] [exthost] [info] ExtensionService#loadCommonJSModule file:///home/quickdev/.vscode/extensions/editorconfig.editorconfig-0.15.1/out/editorConfigMain.js
[2020-09-29 18:21:37.283] [exthost] [info] ExtensionService#_doActivateExtension esbenp.prettier-vscode {"startup":true,"extensionId":{"value":"esbenp.prettier-vscode","_lower":"esbenp.prettier-vscode"},"activationEvent":"*"}
[2020-09-29 18:21:37.283] [exthost] [info] ExtensionService#loadCommonJSModule file:///home/quickdev/.vscode/extensions/esbenp.prettier-vscode-5.5.0/dist/extension
[2020-09-29 18:21:37.574] [exthost] [info] eager extensions activated
[2020-09-30 13:21:13.100] [exthost] [info] ExtensionService#_doActivateExtension zxh404.vscode-proto3 {"startup":false,"extensionId":{"value":"zxh404.vscode-proto3","_lower":"zxh404.vscode-proto3"},"activationEvent":"onLanguage:proto3"}
[2020-09-30 13:21:13.101] [exthost] [info] ExtensionService#loadCommonJSModule file:///home/quickdev/.vscode/extensions/zxh404.vscode-proto3-0.4.2/out/src/proto3Main
[2020-10-01 09:40:46.597] [exthost] [info] ExtensionService#_doActivateExtension vscode.configuration-editing {"startup":false,"extensionId":{"value":"vscode.configuration-editing","_lower":"vscode.configuration-editing"},"activationEvent":"onLanguage:jsonc"}
[2020-10-01 09:40:46.597] [exthost] [info] ExtensionService#loadCommonJSModule file:///usr/share/code/resources/app/extensions/configuration-editing/dist/extension
[2020-10-01 09:40:46.776] [exthost] [info] ExtensionService#_doActivateExtension vscode.json-language-features {"startup":false,"extensionId":{"value":"vscode.json-language-features","_lower":"vscode.json-language-features"},"activationEvent":"onLanguage:jsonc"}
[2020-10-01 09:40:46.777] [exthost] [info] ExtensionService#loadCommonJSModule file:///usr/share/code/resources/app/extensions/json-language-features/client/dist/jsonMain
[2020-10-01 09:40:46.840] [exthost] [info] ExtensionService#_doActivateExtension vscode.typescript-language-features {"startup":false,"extensionId":{"value":"vscode.typescript-language-features","_lower":"vscode.typescript-language-features"},"activationEvent":"onLanguage:jsonc"}
[2020-10-01 09:40:46.840] [exthost] [info] ExtensionService#loadCommonJSModule file:///usr/share/code/resources/app/extensions/typescript-language-features/dist/extension
[2020-10-01 09:57:25.349] [exthost] [error] [golang.go] provider FAILED
[2020-10-01 09:57:25.350] [exthost] [error] Error: Illegal argument: range
	at Object.t.illegalArgument (/usr/share/code/resources/app/out/vs/workbench/services/extensions/node/extensionHostProcess.js:11:190)
	at new ie (/usr/share/code/resources/app/out/vs/workbench/services/extensions/node/extensionHostProcess.js:392:819)
	at new ie (/usr/share/code/resources/app/out/vs/workbench/services/extensions/node/extensionHostProcess.js:375:558)
	at new ProtocolDocumentLink (/home/quickdev/.vscode/extensions/golang.go-0.15.2/node_modules/vscode-languageclient/lib/protocolDocumentLink.js:10:9)
	at asDocumentLink (/home/quickdev/.vscode/extensions/golang.go-0.15.2/node_modules/vscode-languageclient/lib/protocolConverter.js:591:20)
	at Array.map (<anonymous>)
	at asDocumentLinks (/home/quickdev/.vscode/extensions/golang.go-0.15.2/node_modules/vscode-languageclient/lib/protocolConverter.js:604:22)
