Looking for git in: git
Using git 2.17.1 from git
> git rev-parse --show-toplevel
> git rev-parse --git-dir
Open repository: /home/quickdev/go/src/github.com/gauravgahlot/grpc-go
> git status -z -u
> git symbolic-ref --short HEAD
> git rev-parse experimental-warning
> git rev-parse --symbolic-full-name experimental-warning@{u}
> git rev-list --left-right experimental-warning...refs/remotes/origin/experimental-warning
> git for-each-ref --format %(refname) %(objectname) --sort -committerdate
> git remote --verbose
> git config --get commit.template
> git show :call_test.go
> git ls-files --stage -- /home/quickdev/go/src/github.com/gauravgahlot/grpc-go/call_test.go
> git cat-file -s 78760ba5297aaa7e6ec04cf7fd7aaa385a7294ee
> git check-ignore -v -z --stdin
> git check-ignore -v -z --stdin
> git check-ignore -v -z --stdin
> git check-ignore -v -z --stdin
> git show :attributes/attributes.go
> git ls-files --stage -- /home/quickdev/go/src/github.com/gauravgahlot/grpc-go/attributes/attributes.go
> git cat-file -s 71644d1b9253e57c97c35b5f1797157844c2c255
> git show :credentials/local/local.go
> git ls-files --stage -- /home/quickdev/go/src/github.com/gauravgahlot/grpc-go/credentials/local/local.go
> git cat-file -s 843f4883e0332ce484759d8bb28c48d80bdf82aa
> git check-ignore -v -z --stdin
> git check-ignore -v -z --stdin
> git status -z -u
> git symbolic-ref --short HEAD
> git rev-parse experimental-warning
> git rev-parse --symbolic-full-name experimental-warning@{u}
> git rev-list --left-right experimental-warning...refs/remotes/origin/experimental-warning
> git for-each-ref --format %(refname) %(objectname) --sort -committerdate
> git remote --verbose
> git config --get commit.template
> git check-ignore -v -z --stdin
> git show HEAD:backoff.go
> git ls-tree -l HEAD -- /home/quickdev/go/src/github.com/gauravgahlot/grpc-go/backoff.go
> git show :credentials/local/local.go
> git ls-files --stage -- /home/quickdev/go/src/github.com/gauravgahlot/grpc-go/credentials/local/local.go
> git cat-file -s 843f4883e0332ce484759d8bb28c48d80bdf82aa
> git status -z -u
> git symbolic-ref --short HEAD
> git rev-parse experimental-warning
> git rev-parse --symbolic-full-name experimental-warning@{u}
> git rev-list --left-right experimental-warning...refs/remotes/origin/experimental-warning
> git for-each-ref --format %(refname) %(objectname) --sort -committerdate
> git remote --verbose
> git config --get commit.template
> git status -z -u
> git symbolic-ref --short HEAD
> git rev-parse experimental-warning
> git rev-parse --symbolic-full-name experimental-warning@{u}
> git rev-list --left-right experimental-warning...refs/remotes/origin/experimental-warning
> git for-each-ref --format %(refname) %(objectname) --sort -committerdate
> git remote --verbose
> git config --get commit.template
> git status -z -u
> git symbolic-ref --short HEAD
> git rev-parse master
> git rev-parse --symbolic-full-name master@{u}
> git rev-list --left-right master...refs/remotes/origin/master
> git for-each-ref --format %(refname) %(objectname) --sort -committerdate
> git remote --verbose
> git config --get commit.template
> git status -z -u
> git symbolic-ref --short HEAD
> git rev-parse master
> git rev-parse --symbolic-full-name master@{u}
> git rev-list --left-right master...refs/remotes/origin/master
> git for-each-ref --format %(refname) %(objectname) --sort -committerdate
> git remote --verbose
> git config --get commit.template
