Initializing document watcher...
grpc-go/attributes/attributes.go: {}
grpc-go/credentials/local/local.go: {}
grpc-go/credentials/local/local.go: {}
grpc-go/credentials/local/local.go: {}
grpc-go/credentials/local/local.go: Using EditorConfig core...
grpc-go/interceptor.go: Using EditorConfig core...
credentials/local/local.go: setEndOfLine(LF)
interceptor.go: setEndOfLine(LF)
grpc-go/clientconn.go: Using EditorConfig core...
clientconn.go: setEndOfLine(LF)
grpc-go/dialoptions.go: Using EditorConfig core...
dialoptions.go: setEndOfLine(LF)
grpc-go/rpc_util.go: Using EditorConfig core...
rpc_util.go: setEndOfLine(LF)
grpc-go/preloader.go: Using EditorConfig core...
grpc-go/backoff.go: Using EditorConfig core...
preloader.go: setEndOfLine(LF)
backoff.go: setEndOfLine(LF)
grpc-go/server.go: Using EditorConfig core...
grpc-go/credentials/tls.go: Using EditorConfig core...
grpc-go/resolver/resolver.go: Using EditorConfig core...
grpc-go/attributes/attributes.go: Using EditorConfig core...
grpc-go/encoding/encoding.go: Using EditorConfig core...
grpc-go/tap/tap.go: Using EditorConfig core...
grpc-go/grpclog/loggerv2.go: Using EditorConfig core...
grpc-go/profiling/profiling.go: Using EditorConfig core...
grpc-go/serviceconfig/serviceconfig.go: Using EditorConfig core...
grpc-go/encoding/gzip/gzip.go: Using EditorConfig core...
grpc-go/internal/grpclog/grpclog.go: Using EditorConfig core...
grpc-go/profiling/service/service.go: Using EditorConfig core...
grpc-go/balancer/weightedroundrobin/weightedroundrobin.go: Using EditorConfig core...
server.go: setEndOfLine(LF)
credentials/tls.go: setEndOfLine(LF)
resolver/resolver.go: setEndOfLine(LF)
attributes/attributes.go: setEndOfLine(LF)
encoding/encoding.go: setEndOfLine(LF)
tap/tap.go: setEndOfLine(LF)
grpclog/loggerv2.go: setEndOfLine(LF)
profiling/profiling.go: setEndOfLine(LF)
serviceconfig/serviceconfig.go: setEndOfLine(LF)
encoding/gzip/gzip.go: setEndOfLine(LF)
internal/grpclog/grpclog.go: setEndOfLine(LF)
profiling/service/service.go: setEndOfLine(LF)
balancer/weightedroundrobin/weightedroundrobin.go: setEndOfLine(LF)
grpc-go/backoff.go: {}
grpc-go/backoff.go: {}
grpc-go/backoff.go: {}
grpc-go/backoff.go: {}
grpc-go/credentials/local/local.go: {}
grpc-go/credentials/local/local.go: {}
No more open editors.
No more open editors.
No more open editors.
No more open editors.
No more open editors.
No more open editors.
No more open editors.
No more open editors.
