Looking for git in: git
Using git 2.17.1 from git
> git rev-parse --show-toplevel
> git rev-parse --git-dir
Open repository: /home/quickdev/go/src/github.com/gauravgahlot/tink
> git status -z -u
> git symbolic-ref --short HEAD
> git rev-parse event-driven-tink
> git rev-parse --symbolic-full-name event-driven-tink@{u}
> git rev-list --left-right event-driven-tink...refs/remotes/origin/event-driven-tink
> git for-each-ref --format %(refname) %(objectname) --sort -committerdate
> git remote --verbose
> git config --get commit.template
> git show :informers/informer.go
> git ls-files --stage -- /home/quickdev/go/src/github.com/gauravgahlot/tink/informers/informer.go
> git cat-file -s 3af109e6acb81de3919ce945e5385317588ce639
> git check-ignore -v -z --stdin
> git show :informers/handler.go
> git ls-files --stage -- /home/quickdev/go/src/github.com/gauravgahlot/tink/informers/handler.go
> git check-ignore -v -z --stdin
> git status -z -u
> git symbolic-ref --short HEAD
> git rev-parse event-driven-tink
> git rev-parse --symbolic-full-name event-driven-tink@{u}
> git rev-list --left-right event-driven-tink...refs/remotes/origin/event-driven-tink
> git for-each-ref --format %(refname) %(objectname) --sort -committerdate
> git remote --verbose
> git config --get commit.template
> git show :informers/informer.go
> git ls-files --stage -- /home/quickdev/go/src/github.com/gauravgahlot/tink/informers/informer.go
> git cat-file -s 3af109e6acb81de3919ce945e5385317588ce639
> git status -z -u
> git symbolic-ref --short HEAD
> git rev-parse event-driven-tink
> git rev-parse --symbolic-full-name event-driven-tink@{u}
> git rev-list --left-right event-driven-tink...refs/remotes/origin/event-driven-tink
> git for-each-ref --format %(refname) %(objectname) --sort -committerdate
> git remote --verbose
> git config --get commit.template
> git status -z -u
> git symbolic-ref --short HEAD
> git rev-parse event-driven-tink
> git rev-parse --symbolic-full-name event-driven-tink@{u}
> git rev-list --left-right event-driven-tink...refs/remotes/origin/event-driven-tink
> git for-each-ref --format %(refname) %(objectname) --sort -committerdate
> git remote --verbose
> git config --get commit.template
> git status -z -u
> git symbolic-ref --short HEAD
> git rev-parse event-driven-tink
> git rev-parse --symbolic-full-name event-driven-tink@{u}
> git rev-list --left-right event-driven-tink...refs/remotes/origin/event-driven-tink
> git for-each-ref --format %(refname) %(objectname) --sort -committerdate
> git remote --verbose
> git config --get commit.template
> git check-ignore -v -z --stdin
> git check-ignore -v -z --stdin
> git show :cmd/tink-cli/cmd/event/watch.go
> git ls-files --stage -- /home/quickdev/go/src/github.com/gauravgahlot/tink/cmd/tink-cli/cmd/event/watch.go
> git cat-file -s 650213ee16024c6de4a47fc80cb737294e230974
> git status -z -u
> git symbolic-ref --short HEAD
> git rev-parse event-driven-tink
> git rev-parse --symbolic-full-name event-driven-tink@{u}
> git rev-list --left-right event-driven-tink...refs/remotes/origin/event-driven-tink
> git for-each-ref --format %(refname) %(objectname) --sort -committerdate
> git remote --verbose
> git config --get commit.template
> git status -z -u
> git symbolic-ref --short HEAD
> git rev-parse event-driven-tink
> git rev-parse --symbolic-full-name event-driven-tink@{u}
> git rev-list --left-right event-driven-tink...refs/remotes/origin/event-driven-tink
> git for-each-ref --format %(refname) %(objectname) --sort -committerdate
> git remote --verbose
> git config --get commit.template
> git status -z -u
> git symbolic-ref --short HEAD
> git rev-parse event-driven-tink
> git rev-parse --symbolic-full-name event-driven-tink@{u}
> git rev-list --left-right event-driven-tink...refs/remotes/origin/event-driven-tink
> git for-each-ref --format %(refname) %(objectname) --sort -committerdate
> git remote --verbose
> git config --get commit.template
> git status -z -u
> git symbolic-ref --short HEAD
> git rev-parse event-driven-tink
> git rev-parse --symbolic-full-name event-driven-tink@{u}
> git rev-list --left-right event-driven-tink...refs/remotes/origin/event-driven-tink
> git for-each-ref --format %(refname) %(objectname) --sort -committerdate
> git remote --verbose
> git config --get commit.template
> git status -z -u
> git symbolic-ref --short HEAD
> git rev-parse event-driven-tink
> git rev-parse --symbolic-full-name event-driven-tink@{u}
> git rev-list --left-right event-driven-tink...refs/remotes/origin/event-driven-tink
> git for-each-ref --format %(refname) %(objectname) --sort -committerdate
> git remote --verbose
> git config --get commit.template
> git status -z -u
> git symbolic-ref --short HEAD
> git rev-parse event-driven-tink
> git rev-parse --symbolic-full-name event-driven-tink@{u}
> git rev-list --left-right event-driven-tink...refs/remotes/origin/event-driven-tink
> git for-each-ref --format %(refname) %(objectname) --sort -committerdate
> git remote --verbose
> git config --get commit.template
> git status -z -u
> git symbolic-ref --short HEAD
> git rev-parse event-driven-tink
> git rev-parse --symbolic-full-name event-driven-tink@{u}
> git rev-list --left-right event-driven-tink...refs/remotes/origin/event-driven-tink
> git for-each-ref --format %(refname) %(objectname) --sort -committerdate
> git remote --verbose
> git config --get commit.template
> git status -z -u
> git symbolic-ref --short HEAD
> git rev-parse event-driven-tink
> git rev-parse --symbolic-full-name event-driven-tink@{u}
> git rev-list --left-right event-driven-tink...refs/remotes/origin/event-driven-tink
> git for-each-ref --format %(refname) %(objectname) --sort -committerdate
> git remote --verbose
> git config --get commit.template
> git status -z -u
> git symbolic-ref --short HEAD
> git rev-parse event-driven-tink
> git rev-parse --symbolic-full-name event-driven-tink@{u}
> git rev-list --left-right event-driven-tink...refs/remotes/origin/event-driven-tink
> git for-each-ref --format %(refname) %(objectname) --sort -committerdate
> git remote --verbose
> git config --get commit.template
> git status -z -u
> git symbolic-ref --short HEAD
> git rev-parse event-driven-tink
> git rev-parse --symbolic-full-name event-driven-tink@{u}
> git rev-list --left-right event-driven-tink...refs/remotes/origin/event-driven-tink
> git for-each-ref --format %(refname) %(objectname) --sort -committerdate
> git remote --verbose
> git config --get commit.template
> git status -z -u
> git symbolic-ref --short HEAD
> git rev-parse event-driven-tink
> git rev-parse --symbolic-full-name event-driven-tink@{u}
> git rev-list --left-right event-driven-tink...refs/remotes/origin/event-driven-tink
> git for-each-ref --format %(refname) %(objectname) --sort -committerdate
> git remote --verbose
> git config --get commit.template
> git status -z -u
> git symbolic-ref --short HEAD
> git rev-parse event-driven-tink
> git rev-parse --symbolic-full-name event-driven-tink@{u}
> git rev-list --left-right event-driven-tink...refs/remotes/origin/event-driven-tink
> git for-each-ref --format %(refname) %(objectname) --sort -committerdate
> git remote --verbose
> git config --get commit.template
> git status -z -u
> git symbolic-ref --short HEAD
> git rev-parse event-driven-tink
> git rev-parse --symbolic-full-name event-driven-tink@{u}
> git rev-list --left-right event-driven-tink...refs/remotes/origin/event-driven-tink
> git for-each-ref --format %(refname) %(objectname) --sort -committerdate
> git remote --verbose
> git config --get commit.template
> git status -z -u
> git symbolic-ref --short HEAD
> git rev-parse event-driven-tink
> git rev-parse --symbolic-full-name event-driven-tink@{u}
> git rev-list --left-right event-driven-tink...refs/remotes/origin/event-driven-tink
> git for-each-ref --format %(refname) %(objectname) --sort -committerdate
> git remote --verbose
> git config --get commit.template
> git status -z -u
> git symbolic-ref --short HEAD
> git rev-parse event-driven-tink
> git rev-parse --symbolic-full-name event-driven-tink@{u}
> git rev-list --left-right event-driven-tink...refs/remotes/origin/event-driven-tink
> git for-each-ref --format %(refname) %(objectname) --sort -committerdate
> git remote --verbose
> git config --get commit.template
> git status -z -u
> git symbolic-ref --short HEAD
> git rev-parse event-driven-tink
> git rev-parse --symbolic-full-name event-driven-tink@{u}
> git rev-list --left-right event-driven-tink...refs/remotes/origin/event-driven-tink
> git for-each-ref --format %(refname) %(objectname) --sort -committerdate
> git remote --verbose
> git config --get commit.template
> git status -z -u
> git symbolic-ref --short HEAD
> git rev-parse event-driven-tink
> git rev-parse --symbolic-full-name event-driven-tink@{u}
> git rev-list --left-right event-driven-tink...refs/remotes/origin/event-driven-tink
> git for-each-ref --format %(refname) %(objectname) --sort -committerdate
> git remote --verbose
> git config --get commit.template
> git status -z -u
> git symbolic-ref --short HEAD
> git rev-parse event-driven-tink
> git rev-parse --symbolic-full-name event-driven-tink@{u}
> git rev-list --left-right event-driven-tink...refs/remotes/origin/event-driven-tink
> git for-each-ref --format %(refname) %(objectname) --sort -committerdate
> git remote --verbose
> git config --get commit.template
> git status -z -u
> git symbolic-ref --short HEAD
> git rev-parse event-driven-tink
> git rev-parse --symbolic-full-name event-driven-tink@{u}
> git rev-list --left-right event-driven-tink...refs/remotes/origin/event-driven-tink
> git for-each-ref --format %(refname) %(objectname) --sort -committerdate
> git remote --verbose
> git config --get commit.template
> git show :informers/informer.go
> git ls-files --stage -- /home/quickdev/go/src/github.com/gauravgahlot/tink/informers/informer.go
> git cat-file -s 3af109e6acb81de3919ce945e5385317588ce639
> git show :grpc-server/events.go
> git ls-files --stage -- /home/quickdev/go/src/github.com/gauravgahlot/tink/grpc-server/events.go
> git cat-file -s aab3c7ddd2ccb9596cfdda864dcadefb2bfa2308
> git status -z -u
> git symbolic-ref --short HEAD
> git rev-parse event-driven-tink
> git rev-parse --symbolic-full-name event-driven-tink@{u}
> git rev-list --left-right event-driven-tink...refs/remotes/origin/event-driven-tink
> git for-each-ref --format %(refname) %(objectname) --sort -committerdate
> git remote --verbose
> git config --get commit.template
> git status -z -u
> git symbolic-ref --short HEAD
> git rev-parse event-driven-tink
> git rev-parse --symbolic-full-name event-driven-tink@{u}
> git rev-list --left-right event-driven-tink...refs/remotes/origin/event-driven-tink
> git for-each-ref --format %(refname) %(objectname) --sort -committerdate
> git remote --verbose
> git config --get commit.template
> git status -z -u
> git symbolic-ref --short HEAD
> git rev-parse event-driven-tink
> git rev-parse --symbolic-full-name event-driven-tink@{u}
> git rev-list --left-right event-driven-tink...refs/remotes/origin/event-driven-tink
> git for-each-ref --format %(refname) %(objectname) --sort -committerdate
> git remote --verbose
> git config --get commit.template
> git show :informers/listener.go
> git ls-files --stage -- /home/quickdev/go/src/github.com/gauravgahlot/tink/informers/listener.go
> git cat-file -s b35e9f375fde745b363de66b4f9b76abb3d707cf
> git check-ignore -v -z --stdin
> git show HEAD:deploy/docker-compose.yml
> git ls-tree -l HEAD -- /home/quickdev/go/src/github.com/gauravgahlot/tink/deploy/docker-compose.yml
> git show :informers/listener.go
> git ls-files --stage -- /home/quickdev/go/src/github.com/gauravgahlot/tink/informers/listener.go
> git cat-file -s b35e9f375fde745b363de66b4f9b76abb3d707cf
> git show HEAD:deploy/docker-compose.yml
> git ls-tree -l HEAD -- /home/quickdev/go/src/github.com/gauravgahlot/tink/deploy/docker-compose.yml
> git show :informers/listener.go
> git ls-files --stage -- /home/quickdev/go/src/github.com/gauravgahlot/tink/informers/listener.go
> git cat-file -s b35e9f375fde745b363de66b4f9b76abb3d707cf
> git status -z -u
> git symbolic-ref --short HEAD
> git rev-parse event-driven-tink
> git rev-parse --symbolic-full-name event-driven-tink@{u}
> git rev-list --left-right event-driven-tink...refs/remotes/origin/event-driven-tink
> git for-each-ref --format %(refname) %(objectname) --sort -committerdate
> git remote --verbose
> git config --get commit.template
> git status -z -u
> git symbolic-ref --short HEAD
> git rev-parse event-driven-tink
> git rev-parse --symbolic-full-name event-driven-tink@{u}
> git rev-list --left-right event-driven-tink...refs/remotes/origin/event-driven-tink
> git for-each-ref --format %(refname) %(objectname) --sort -committerdate
> git remote --verbose
> git config --get commit.template
> git status -z -u
> git symbolic-ref --short HEAD
> git rev-parse event-driven-tink
> git rev-parse --symbolic-full-name event-driven-tink@{u}
> git rev-list --left-right event-driven-tink...refs/remotes/origin/event-driven-tink
> git for-each-ref --format %(refname) %(objectname) --sort -committerdate
> git remote --verbose
> git config --get commit.template
> git show :informers/handler.go
> git ls-files --stage -- /home/quickdev/go/src/github.com/gauravgahlot/tink/informers/handler.go
> git show :informers/informer.go
> git ls-files --stage -- /home/quickdev/go/src/github.com/gauravgahlot/tink/informers/informer.go
> git cat-file -s 3af109e6acb81de3919ce945e5385317588ce639
> git show :grpc-server/events.go
> git ls-files --stage -- /home/quickdev/go/src/github.com/gauravgahlot/tink/grpc-server/events.go
> git cat-file -s aab3c7ddd2ccb9596cfdda864dcadefb2bfa2308
> git show :cmd/tink-cli/cmd/event/watch.go
> git ls-files --stage -- /home/quickdev/go/src/github.com/gauravgahlot/tink/cmd/tink-cli/cmd/event/watch.go
> git cat-file -s 650213ee16024c6de4a47fc80cb737294e230974
> git show :informers/informer.go
> git ls-files --stage -- /home/quickdev/go/src/github.com/gauravgahlot/tink/informers/informer.go
> git cat-file -s 3af109e6acb81de3919ce945e5385317588ce639
> git status -z -u
> git symbolic-ref --short HEAD
> git rev-parse event-driven-tink
> git rev-parse --symbolic-full-name event-driven-tink@{u}
> git rev-list --left-right event-driven-tink...refs/remotes/origin/event-driven-tink
> git for-each-ref --format %(refname) %(objectname) --sort -committerdate
> git remote --verbose
> git config --get commit.template
> git status -z -u
> git symbolic-ref --short HEAD
> git rev-parse event-driven-tink
> git rev-parse --symbolic-full-name event-driven-tink@{u}
> git rev-list --left-right event-driven-tink...refs/remotes/origin/event-driven-tink
> git for-each-ref --format %(refname) %(objectname) --sort -committerdate
> git remote --verbose
> git config --get commit.template
> git status -z -u
> git symbolic-ref --short HEAD
> git rev-parse event-driven-tink
> git rev-parse --symbolic-full-name event-driven-tink@{u}
> git rev-list --left-right event-driven-tink...refs/remotes/origin/event-driven-tink
> git for-each-ref --format %(refname) %(objectname) --sort -committerdate
> git remote --verbose
> git config --get commit.template
> git show :cmd/tink-cli/cmd/event/watch.go
> git ls-files --stage -- /home/quickdev/go/src/github.com/gauravgahlot/tink/cmd/tink-cli/cmd/event/watch.go
> git cat-file -s 650213ee16024c6de4a47fc80cb737294e230974
> git status -z -u
> git symbolic-ref --short HEAD
> git rev-parse event-driven-tink
> git rev-parse --symbolic-full-name event-driven-tink@{u}
> git rev-list --left-right event-driven-tink...refs/remotes/origin/event-driven-tink
> git for-each-ref --format %(refname) %(objectname) --sort -committerdate
> git remote --verbose
> git config --get commit.template
> git show :informers/informer.go
> git ls-files --stage -- /home/quickdev/go/src/github.com/gauravgahlot/tink/informers/informer.go
> git cat-file -s 3af109e6acb81de3919ce945e5385317588ce639
> git show :cmd/tink-cli/cmd/event/watch.go
> git ls-files --stage -- /home/quickdev/go/src/github.com/gauravgahlot/tink/cmd/tink-cli/cmd/event/watch.go
> git cat-file -s 650213ee16024c6de4a47fc80cb737294e230974
> git show :informers/factory.go
> git ls-files --stage -- /home/quickdev/go/src/github.com/gauravgahlot/tink/informers/factory.go
> git cat-file -s e380667e7f39faa7bc1deb2e767831cd41f03ab4
> git show :cmd/tink-cli/cmd/root.go
> git ls-files --stage -- /home/quickdev/go/src/github.com/gauravgahlot/tink/cmd/tink-cli/cmd/root.go
> git cat-file -s 418dbc0e10663e885a23db0849456a172f40a23f
> git show :cmd/tink-cli/cmd/event/watch.go
> git ls-files --stage -- /home/quickdev/go/src/github.com/gauravgahlot/tink/cmd/tink-cli/cmd/event/watch.go
> git cat-file -s 650213ee16024c6de4a47fc80cb737294e230974
> git show :informers/factory.go
> git ls-files --stage -- /home/quickdev/go/src/github.com/gauravgahlot/tink/informers/factory.go
> git cat-file -s e380667e7f39faa7bc1deb2e767831cd41f03ab4
> git status -z -u
> git symbolic-ref --short HEAD
> git rev-parse event-driven-tink
> git rev-parse --symbolic-full-name event-driven-tink@{u}
> git rev-list --left-right event-driven-tink...refs/remotes/origin/event-driven-tink
> git for-each-ref --format %(refname) %(objectname) --sort -committerdate
> git remote --verbose
> git config --get commit.template
> git show :cmd/tink-cli/cmd/event/watch.go
> git ls-files --stage -- /home/quickdev/go/src/github.com/gauravgahlot/tink/cmd/tink-cli/cmd/event/watch.go
> git cat-file -s 650213ee16024c6de4a47fc80cb737294e230974
> git status -z -u
> git symbolic-ref --short HEAD
> git rev-parse event-driven-tink
> git rev-parse --symbolic-full-name event-driven-tink@{u}
> git rev-list --left-right event-driven-tink...refs/remotes/origin/event-driven-tink
> git for-each-ref --format %(refname) %(objectname) --sort -committerdate
> git remote --verbose
> git config --get commit.template
> git status -z -u
> git symbolic-ref --short HEAD
> git rev-parse event-driven-tink
> git rev-parse --symbolic-full-name event-driven-tink@{u}
> git rev-list --left-right event-driven-tink...refs/remotes/origin/event-driven-tink
> git for-each-ref --format %(refname) %(objectname) --sort -committerdate
> git remote --verbose
> git config --get commit.template
> git show :informers/factory.go
> git ls-files --stage -- /home/quickdev/go/src/github.com/gauravgahlot/tink/informers/factory.go
> git cat-file -s e380667e7f39faa7bc1deb2e767831cd41f03ab4
> git show :cmd/tink-cli/cmd/event/watch.go
> git ls-files --stage -- /home/quickdev/go/src/github.com/gauravgahlot/tink/cmd/tink-cli/cmd/event/watch.go
> git cat-file -s 650213ee16024c6de4a47fc80cb737294e230974
> git show :cmd/tink-server/main.go
> git ls-files --stage -- /home/quickdev/go/src/github.com/gauravgahlot/tink/cmd/tink-server/main.go
> git cat-file -s 20db5a252b9a1268a886ed871f96a950b5d6746e
> git check-ignore -v -z --stdin
> git show :cmd/tink-cli/cmd/event/watch.go
> git ls-files --stage -- /home/quickdev/go/src/github.com/gauravgahlot/tink/cmd/tink-cli/cmd/event/watch.go
> git cat-file -s 650213ee16024c6de4a47fc80cb737294e230974
> git show :informers/factory.go
> git ls-files --stage -- /home/quickdev/go/src/github.com/gauravgahlot/tink/informers/factory.go
> git cat-file -s e380667e7f39faa7bc1deb2e767831cd41f03ab4
> git show :cmd/tink-cli/main.go
> git ls-files --stage -- /home/quickdev/go/src/github.com/gauravgahlot/tink/cmd/tink-cli/main.go
> git cat-file -s 512c4409cc81264a6e3aa1a673d3dbe1596c06a7
> git show :cmd/tink-cli/cmd/root.go
> git ls-files --stage -- /home/quickdev/go/src/github.com/gauravgahlot/tink/cmd/tink-cli/cmd/root.go
> git cat-file -s 418dbc0e10663e885a23db0849456a172f40a23f
> git status -z -u
> git symbolic-ref --short HEAD
> git rev-parse event-driven-tink
> git rev-parse --symbolic-full-name event-driven-tink@{u}
> git rev-list --left-right event-driven-tink...refs/remotes/origin/event-driven-tink
> git for-each-ref --format %(refname) %(objectname) --sort -committerdate
> git remote --verbose
> git config --get commit.template
> git status -z -u
> git symbolic-ref --short HEAD
> git rev-parse event-driven-tink
> git rev-parse --symbolic-full-name event-driven-tink@{u}
> git rev-list --left-right event-driven-tink...refs/remotes/origin/event-driven-tink
> git for-each-ref --format %(refname) %(objectname) --sort -committerdate
> git remote --verbose
> git config --get commit.template
> git status -z -u
> git symbolic-ref --short HEAD
> git rev-parse event-driven-tink
> git rev-parse --symbolic-full-name event-driven-tink@{u}
> git rev-list --left-right event-driven-tink...refs/remotes/origin/event-driven-tink
> git for-each-ref --format %(refname) %(objectname) --sort -committerdate
> git remote --verbose
> git config --get commit.template
> git status -z -u
> git symbolic-ref --short HEAD
> git rev-parse event-driven-tink
> git rev-parse --symbolic-full-name event-driven-tink@{u}
> git rev-list --left-right event-driven-tink...refs/remotes/origin/event-driven-tink
> git for-each-ref --format %(refname) %(objectname) --sort -committerdate
> git remote --verbose
> git config --get commit.template
> git status -z -u
> git symbolic-ref --short HEAD
> git rev-parse event-driven-tink
> git rev-parse --symbolic-full-name event-driven-tink@{u}
> git rev-list --left-right event-driven-tink...refs/remotes/origin/event-driven-tink
> git for-each-ref --format %(refname) %(objectname) --sort -committerdate
> git remote --verbose
> git config --get commit.template
> git show :cmd/tink-cli/cmd/event/watch.go
> git ls-files --stage -- /home/quickdev/go/src/github.com/gauravgahlot/tink/cmd/tink-cli/cmd/event/watch.go
> git cat-file -s 650213ee16024c6de4a47fc80cb737294e230974
> git show :cmd/tink-cli/cmd/root.go
> git ls-files --stage -- /home/quickdev/go/src/github.com/gauravgahlot/tink/cmd/tink-cli/cmd/root.go
> git cat-file -s 418dbc0e10663e885a23db0849456a172f40a23f
> git show :cmd/tink-cli/cmd/hardware.go
> git ls-files --stage -- /home/quickdev/go/src/github.com/gauravgahlot/tink/cmd/tink-cli/cmd/hardware.go
> git cat-file -s 2d8a7b3279e33f0b24b896a3a27b09ef225fb1db
> git show :cmd/tink-cli/cmd/root.go
> git ls-files --stage -- /home/quickdev/go/src/github.com/gauravgahlot/tink/cmd/tink-cli/cmd/root.go
> git cat-file -s 418dbc0e10663e885a23db0849456a172f40a23f
> git show :cmd/tink-cli/cmd/event.go
> git ls-files --stage -- /home/quickdev/go/src/github.com/gauravgahlot/tink/cmd/tink-cli/cmd/event.go
> git cat-file -s 3a772ef3e9216e040701a53c37bc9b20847a75f0
> git show :cmd/tink-cli/cmd/root.go
> git ls-files --stage -- /home/quickdev/go/src/github.com/gauravgahlot/tink/cmd/tink-cli/cmd/root.go
> git cat-file -s 418dbc0e10663e885a23db0849456a172f40a23f
> git show :informers/factory.go
> git ls-files --stage -- /home/quickdev/go/src/github.com/gauravgahlot/tink/informers/factory.go
> git cat-file -s e380667e7f39faa7bc1deb2e767831cd41f03ab4
> git show :cmd/tink-cli/cmd/event/watch.go
> git ls-files --stage -- /home/quickdev/go/src/github.com/gauravgahlot/tink/cmd/tink-cli/cmd/event/watch.go
> git cat-file -s 650213ee16024c6de4a47fc80cb737294e230974
> git status -z -u
> git symbolic-ref --short HEAD
> git rev-parse event-driven-tink
> git rev-parse --symbolic-full-name event-driven-tink@{u}
> git rev-list --left-right event-driven-tink...refs/remotes/origin/event-driven-tink
> git for-each-ref --format %(refname) %(objectname) --sort -committerdate
> git remote --verbose
> git config --get commit.template
> git status -z -u
> git symbolic-ref --short HEAD
> git rev-parse event-driven-tink
> git rev-parse --symbolic-full-name event-driven-tink@{u}
> git rev-list --left-right event-driven-tink...refs/remotes/origin/event-driven-tink
> git for-each-ref --format %(refname) %(objectname) --sort -committerdate
> git remote --verbose
> git config --get commit.template
> git status -z -u
> git symbolic-ref --short HEAD
> git rev-parse event-driven-tink
> git rev-parse --symbolic-full-name event-driven-tink@{u}
> git rev-list --left-right event-driven-tink...refs/remotes/origin/event-driven-tink
> git for-each-ref --format %(refname) %(objectname) --sort -committerdate
> git remote --verbose
> git config --get commit.template
> git status -z -u
> git symbolic-ref --short HEAD
> git rev-parse event-driven-tink
> git rev-parse --symbolic-full-name event-driven-tink@{u}
> git rev-list --left-right event-driven-tink...refs/remotes/origin/event-driven-tink
> git for-each-ref --format %(refname) %(objectname) --sort -committerdate
> git remote --verbose
> git config --get commit.template
> git show HEAD:cmd/tink-cli/cmd/root.go
> git ls-tree -l HEAD -- /home/quickdev/go/src/github.com/gauravgahlot/tink/cmd/tink-cli/cmd/root.go
> git ls-tree -l HEAD -- /home/quickdev/go/src/github.com/gauravgahlot/tink/cmd/tink-cli/cmd/root.go
> git ls-tree -l HEAD -- /home/quickdev/go/src/github.com/gauravgahlot/tink/cmd/tink-cli/cmd/root.go
> git checkout -q -- /home/quickdev/go/src/github.com/gauravgahlot/tink/cmd/tink-cli/cmd/root.go
> git ls-tree -l HEAD -- /home/quickdev/go/src/github.com/gauravgahlot/tink/cmd/tink-cli/cmd/root.go
> git status -z -u
> git symbolic-ref --short HEAD
> git rev-parse event-driven-tink
> git rev-parse --symbolic-full-name event-driven-tink@{u}
> git rev-list --left-right event-driven-tink...refs/remotes/origin/event-driven-tink
> git for-each-ref --format %(refname) %(objectname) --sort -committerdate
> git remote --verbose
> git config --get commit.template
> git ls-tree -l HEAD -- /home/quickdev/go/src/github.com/gauravgahlot/tink/cmd/tink-cli/cmd/root.go
> git show HEAD:cmd/tink-cli/cmd/root.go
> git show HEAD:cmd/tink-cli/cmd/event/watch.go
> git ls-tree -l HEAD -- /home/quickdev/go/src/github.com/gauravgahlot/tink/cmd/tink-cli/cmd/event/watch.go
> git status -z -u
> git symbolic-ref --short HEAD
> git rev-parse event-driven-tink
> git rev-parse --symbolic-full-name event-driven-tink@{u}
> git rev-list --left-right event-driven-tink...refs/remotes/origin/event-driven-tink
> git for-each-ref --format %(refname) %(objectname) --sort -committerdate
> git remote --verbose
> git config --get commit.template
> git ls-tree -l HEAD -- /home/quickdev/go/src/github.com/gauravgahlot/tink/cmd/tink-cli/cmd/event/watch.go
> git ls-tree -l HEAD -- /home/quickdev/go/src/github.com/gauravgahlot/tink/cmd/tink-cli/cmd/event/watch.go
> git ls-tree -l HEAD -- /home/quickdev/go/src/github.com/gauravgahlot/tink/cmd/tink-cli/cmd/event/watch.go
> git show :cmd/tink-cli/cmd/event/watch.go
> git ls-files --stage -- /home/quickdev/go/src/github.com/gauravgahlot/tink/cmd/tink-cli/cmd/event/watch.go
> git cat-file -s 650213ee16024c6de4a47fc80cb737294e230974
> git show :informers/factory.go
> git ls-files --stage -- /home/quickdev/go/src/github.com/gauravgahlot/tink/informers/factory.go
> git cat-file -s e380667e7f39faa7bc1deb2e767831cd41f03ab4
> git status -z -u
> git symbolic-ref --short HEAD
> git rev-parse event-driven-tink
> git rev-parse --symbolic-full-name event-driven-tink@{u}
> git rev-list --left-right event-driven-tink...refs/remotes/origin/event-driven-tink
> git for-each-ref --format %(refname) %(objectname) --sort -committerdate
> git remote --verbose
> git config --get commit.template
> git status -z -u
> git symbolic-ref --short HEAD
> git rev-parse event-driven-tink
> git rev-parse --symbolic-full-name event-driven-tink@{u}
> git rev-list --left-right event-driven-tink...refs/remotes/origin/event-driven-tink
> git for-each-ref --format %(refname) %(objectname) --sort -committerdate
> git remote --verbose
> git config --get commit.template
> git status -z -u
> git symbolic-ref --short HEAD
> git rev-parse event-driven-tink
> git rev-parse --symbolic-full-name event-driven-tink@{u}
> git rev-list --left-right event-driven-tink...refs/remotes/origin/event-driven-tink
> git for-each-ref --format %(refname) %(objectname) --sort -committerdate
> git remote --verbose
> git config --get commit.template
> git status -z -u
> git symbolic-ref --short HEAD
> git rev-parse event-driven-tink
> git rev-parse --symbolic-full-name event-driven-tink@{u}
> git rev-list --left-right event-driven-tink...refs/remotes/origin/event-driven-tink
> git for-each-ref --format %(refname) %(objectname) --sort -committerdate
> git remote --verbose
> git config --get commit.template
> git show :cmd/tink-cli/cmd/event/watch.go
> git ls-files --stage -- /home/quickdev/go/src/github.com/gauravgahlot/tink/cmd/tink-cli/cmd/event/watch.go
> git cat-file -s 650213ee16024c6de4a47fc80cb737294e230974
> git status -z -u
> git symbolic-ref --short HEAD
> git rev-parse event-driven-tink
> git rev-parse --symbolic-full-name event-driven-tink@{u}
> git rev-list --left-right event-driven-tink...refs/remotes/origin/event-driven-tink
> git for-each-ref --format %(refname) %(objectname) --sort -committerdate
> git remote --verbose
> git config --get commit.template
> git show :informers/factory.go
> git ls-files --stage -- /home/quickdev/go/src/github.com/gauravgahlot/tink/informers/factory.go
> git cat-file -s e380667e7f39faa7bc1deb2e767831cd41f03ab4
> git status -z -u
> git symbolic-ref --short HEAD
> git rev-parse event-driven-tink
> git rev-parse --symbolic-full-name event-driven-tink@{u}
> git rev-list --left-right event-driven-tink...refs/remotes/origin/event-driven-tink
> git for-each-ref --format %(refname) %(objectname) --sort -committerdate
> git remote --verbose
> git config --get commit.template
> git status -z -u
> git symbolic-ref --short HEAD
> git ls-files --stage -- /home/quickdev/go/src/github.com/gauravgahlot/tink/informers/factory.go
> git rev-parse event-driven-tink
> git cat-file -s e380667e7f39faa7bc1deb2e767831cd41f03ab4
> git rev-parse --symbolic-full-name event-driven-tink@{u}
> git show :informers/factory.go
> git rev-list --left-right event-driven-tink...refs/remotes/origin/event-driven-tink
> git for-each-ref --format %(refname) %(objectname) --sort -committerdate
> git remote --verbose
> git config --get commit.template
> git status -z -u
> git symbolic-ref --short HEAD
> git rev-parse event-driven-tink
> git rev-parse --symbolic-full-name event-driven-tink@{u}
> git rev-list --left-right event-driven-tink...refs/remotes/origin/event-driven-tink
> git for-each-ref --format %(refname) %(objectname) --sort -committerdate
> git remote --verbose
> git config --get commit.template
> git show :informers/listener.go
> git ls-files --stage -- /home/quickdev/go/src/github.com/gauravgahlot/tink/informers/listener.go
> git cat-file -s b35e9f375fde745b363de66b4f9b76abb3d707cf
> git status -z -u
> git symbolic-ref --short HEAD
> git rev-parse event-driven-tink
> git rev-parse --symbolic-full-name event-driven-tink@{u}
> git rev-list --left-right event-driven-tink...refs/remotes/origin/event-driven-tink
> git for-each-ref --format %(refname) %(objectname) --sort -committerdate
> git remote --verbose
> git config --get commit.template
> git status -z -u
> git symbolic-ref --short HEAD
> git rev-parse event-driven-tink
> git rev-parse --symbolic-full-name event-driven-tink@{u}
> git rev-list --left-right event-driven-tink...refs/remotes/origin/event-driven-tink
> git for-each-ref --format %(refname) %(objectname) --sort -committerdate
> git remote --verbose
> git config --get commit.template
> git status -z -u
> git symbolic-ref --short HEAD
> git rev-parse event-driven-tink
> git rev-parse --symbolic-full-name event-driven-tink@{u}
> git rev-list --left-right event-driven-tink...refs/remotes/origin/event-driven-tink
> git for-each-ref --format %(refname) %(objectname) --sort -committerdate
> git remote --verbose
> git config --get commit.template
> git show :deploy/docker-compose.yml
> git ls-files --stage -- /home/quickdev/go/src/github.com/gauravgahlot/tink/deploy/docker-compose.yml
> git cat-file -s a6c04e864b8ead75fc091913e2c6274afad53840
> git check-ignore -v -z --stdin
> git show :informers/listener.go
> git ls-files --stage -- /home/quickdev/go/src/github.com/gauravgahlot/tink/informers/listener.go
> git cat-file -s b35e9f375fde745b363de66b4f9b76abb3d707cf
> git status -z -u
> git symbolic-ref --short HEAD
> git rev-parse event-driven-tink
> git rev-parse --symbolic-full-name event-driven-tink@{u}
> git rev-list --left-right event-driven-tink...refs/remotes/origin/event-driven-tink
> git for-each-ref --format %(refname) %(objectname) --sort -committerdate
> git remote --verbose
> git config --get commit.template
> git status -z -u
> git symbolic-ref --short HEAD
> git rev-parse event-driven-tink
> git rev-parse --symbolic-full-name event-driven-tink@{u}
> git rev-list --left-right event-driven-tink...refs/remotes/origin/event-driven-tink
> git for-each-ref --format %(refname) %(objectname) --sort -committerdate
> git remote --verbose
> git config --get commit.template
> git rev-parse --show-toplevel
> git rev-parse --git-dir
Open repository: /home/quickdev/go/src/github.com/kubnix/skipper
> git status -z -u
> git symbolic-ref --short HEAD
> git rev-parse master
> git rev-parse --symbolic-full-name master@{u}
> git rev-list --left-right master...refs/remotes/origin/master
> git for-each-ref --format %(refname) %(objectname) --sort -committerdate
> git remote --verbose
> git config --get commit.template
> git show :consumer-1/main.go
> git ls-files --stage -- /home/quickdev/go/src/github.com/kubnix/skipper/consumer-1/main.go
> git cat-file -s 939a299c9612b85be085dcce10810a6e8dc900ac
> git check-ignore -v -z --stdin
> git check-ignore -v -z --stdin
> git status -z -u
> git symbolic-ref --short HEAD
> git rev-parse event-driven-tink
> git rev-parse --symbolic-full-name event-driven-tink@{u}
> git rev-list --left-right event-driven-tink...refs/remotes/origin/event-driven-tink
> git for-each-ref --format %(refname) %(objectname) --sort -committerdate
> git remote --verbose
> git config --get commit.template
> git show :cmd/tink-cli/cmd/event/watch.go
> git ls-files --stage -- /home/quickdev/go/src/github.com/gauravgahlot/tink/cmd/tink-cli/cmd/event/watch.go
> git cat-file -s 650213ee16024c6de4a47fc80cb737294e230974
> git status -z -u
> git symbolic-ref --short HEAD
> git rev-parse event-driven-tink
> git rev-parse --symbolic-full-name event-driven-tink@{u}
> git rev-list --left-right event-driven-tink...refs/remotes/origin/event-driven-tink
> git for-each-ref --format %(refname) %(objectname) --sort -committerdate
> git remote --verbose
> git config --get commit.template
> git status -z -u
> git symbolic-ref --short HEAD
> git rev-parse event-driven-tink
> git rev-parse --symbolic-full-name event-driven-tink@{u}
> git rev-list --left-right event-driven-tink...refs/remotes/origin/event-driven-tink
> git for-each-ref --format %(refname) %(objectname) --sort -committerdate
> git remote --verbose
> git config --get commit.template
> git status -z -u
> git symbolic-ref --short HEAD
> git rev-parse event-driven-tink
> git rev-parse --symbolic-full-name event-driven-tink@{u}
> git rev-list --left-right event-driven-tink...refs/remotes/origin/event-driven-tink
> git for-each-ref --format %(refname) %(objectname) --sort -committerdate
> git remote --verbose
> git config --get commit.template
> git status -z -u
> git symbolic-ref --short HEAD
> git rev-parse event-driven-tink
> git rev-parse --symbolic-full-name event-driven-tink@{u}
> git rev-list --left-right event-driven-tink...refs/remotes/origin/event-driven-tink
> git for-each-ref --format %(refname) %(objectname) --sort -committerdate
> git remote --verbose
> git config --get commit.template
> git status -z -u
> git symbolic-ref --short HEAD
> git rev-parse event-driven-tink
> git rev-parse --symbolic-full-name event-driven-tink@{u}
> git rev-list --left-right event-driven-tink...refs/remotes/origin/event-driven-tink
> git for-each-ref --format %(refname) %(objectname) --sort -committerdate
> git remote --verbose
> git config --get commit.template
> git show :consumer-1/main.go
> git ls-files --stage -- /home/quickdev/go/src/github.com/kubnix/skipper/consumer-1/main.go
> git cat-file -s 939a299c9612b85be085dcce10810a6e8dc900ac
> git show :cmd/tink-cli/cmd/event/watch.go
> git ls-files --stage -- /home/quickdev/go/src/github.com/gauravgahlot/tink/cmd/tink-cli/cmd/event/watch.go
> git cat-file -s 650213ee16024c6de4a47fc80cb737294e230974
> git status -z -u
> git symbolic-ref --short HEAD
> git rev-parse event-driven-tink
> git rev-parse --symbolic-full-name event-driven-tink@{u}
> git rev-list --left-right event-driven-tink...refs/remotes/origin/event-driven-tink
> git for-each-ref --format %(refname) %(objectname) --sort -committerdate
> git remote --verbose
> git config --get commit.template
> git status -z -u
> git symbolic-ref --short HEAD
> git rev-parse event-driven-tink
> git rev-parse --symbolic-full-name event-driven-tink@{u}
> git rev-list --left-right event-driven-tink...refs/remotes/origin/event-driven-tink
> git for-each-ref --format %(refname) %(objectname) --sort -committerdate
> git remote --verbose
> git config --get commit.template
> git status -z -u
> git symbolic-ref --short HEAD
> git rev-parse event-driven-tink
> git rev-parse --symbolic-full-name event-driven-tink@{u}
> git rev-list --left-right event-driven-tink...refs/remotes/origin/event-driven-tink
> git for-each-ref --format %(refname) %(objectname) --sort -committerdate
> git remote --verbose
> git config --get commit.template
> git status -z -u
> git symbolic-ref --short HEAD
> git rev-parse event-driven-tink
> git rev-parse --symbolic-full-name event-driven-tink@{u}
> git rev-list --left-right event-driven-tink...refs/remotes/origin/event-driven-tink
> git for-each-ref --format %(refname) %(objectname) --sort -committerdate
> git remote --verbose
> git config --get commit.template
> git status -z -u
> git symbolic-ref --short HEAD
> git rev-parse event-driven-tink
> git rev-parse --symbolic-full-name event-driven-tink@{u}
> git rev-list --left-right event-driven-tink...refs/remotes/origin/event-driven-tink
> git for-each-ref --format %(refname) %(objectname) --sort -committerdate
> git remote --verbose
> git config --get commit.template
> git status -z -u
> git symbolic-ref --short HEAD
> git rev-parse event-driven-tink
> git rev-parse --symbolic-full-name event-driven-tink@{u}
> git rev-list --left-right event-driven-tink...refs/remotes/origin/event-driven-tink
> git for-each-ref --format %(refname) %(objectname) --sort -committerdate
> git remote --verbose
> git config --get commit.template
> git status -z -u
> git symbolic-ref --short HEAD
> git rev-parse event-driven-tink
> git rev-parse --symbolic-full-name event-driven-tink@{u}
> git rev-list --left-right event-driven-tink...refs/remotes/origin/event-driven-tink
> git for-each-ref --format %(refname) %(objectname) --sort -committerdate
> git remote --verbose
> git config --get commit.template
> git show :informers/factory.go
> git ls-files --stage -- /home/quickdev/go/src/github.com/gauravgahlot/tink/informers/factory.go
> git cat-file -s e380667e7f39faa7bc1deb2e767831cd41f03ab4
> git status -z -u
> git symbolic-ref --short HEAD
> git rev-parse event-driven-tink
> git rev-parse --symbolic-full-name event-driven-tink@{u}
> git rev-list --left-right event-driven-tink...refs/remotes/origin/event-driven-tink
> git for-each-ref --format %(refname) %(objectname) --sort -committerdate
> git remote --verbose
> git config --get commit.template
> git show :informers/informer.go
> git ls-files --stage -- /home/quickdev/go/src/github.com/gauravgahlot/tink/informers/informer.go
> git cat-file -s 3af109e6acb81de3919ce945e5385317588ce639
> git status -z -u
> git symbolic-ref --short HEAD
> git rev-parse event-driven-tink
> git rev-parse --symbolic-full-name event-driven-tink@{u}
> git rev-list --left-right event-driven-tink...refs/remotes/origin/event-driven-tink
> git for-each-ref --format %(refname) %(objectname) --sort -committerdate
> git remote --verbose
> git config --get commit.template
> git status -z -u
> git symbolic-ref --short HEAD
> git rev-parse event-driven-tink
> git rev-parse --symbolic-full-name event-driven-tink@{u}
> git rev-list --left-right event-driven-tink...refs/remotes/origin/event-driven-tink
> git for-each-ref --format %(refname) %(objectname) --sort -committerdate
> git remote --verbose
> git config --get commit.template
> git status -z -u
> git symbolic-ref --short HEAD
> git rev-parse event-driven-tink
> git rev-parse --symbolic-full-name event-driven-tink@{u}
> git rev-list --left-right event-driven-tink...refs/remotes/origin/event-driven-tink
> git for-each-ref --format %(refname) %(objectname) --sort -committerdate
> git remote --verbose
> git config --get commit.template
> git status -z -u
> git symbolic-ref --short HEAD
> git rev-parse event-driven-tink
> git rev-parse --symbolic-full-name event-driven-tink@{u}
> git rev-list --left-right event-driven-tink...refs/remotes/origin/event-driven-tink
> git for-each-ref --format %(refname) %(objectname) --sort -committerdate
> git remote --verbose
> git config --get commit.template
> git status -z -u
> git symbolic-ref --short HEAD
> git rev-parse event-driven-tink
> git rev-parse --symbolic-full-name event-driven-tink@{u}
> git rev-list --left-right event-driven-tink...refs/remotes/origin/event-driven-tink
> git for-each-ref --format %(refname) %(objectname) --sort -committerdate
> git remote --verbose
> git config --get commit.template
> git status -z -u
> git symbolic-ref --short HEAD
> git rev-parse event-driven-tink
> git rev-parse --symbolic-full-name event-driven-tink@{u}
> git rev-list --left-right event-driven-tink...refs/remotes/origin/event-driven-tink
> git for-each-ref --format %(refname) %(objectname) --sort -committerdate
> git remote --verbose
> git config --get commit.template
> git status -z -u
> git symbolic-ref --short HEAD
> git rev-parse event-driven-tink
> git rev-parse --symbolic-full-name event-driven-tink@{u}
> git rev-list --left-right event-driven-tink...refs/remotes/origin/event-driven-tink
> git for-each-ref --format %(refname) %(objectname) --sort -committerdate
> git remote --verbose
> git config --get commit.template
> git status -z -u
> git symbolic-ref --short HEAD
> git rev-parse event-driven-tink
> git rev-parse --symbolic-full-name event-driven-tink@{u}
> git rev-list --left-right event-driven-tink...refs/remotes/origin/event-driven-tink
> git for-each-ref --format %(refname) %(objectname) --sort -committerdate
> git remote --verbose
> git config --get commit.template
> git status -z -u
> git symbolic-ref --short HEAD
> git rev-parse event-driven-tink
> git rev-parse --symbolic-full-name event-driven-tink@{u}
> git rev-list --left-right event-driven-tink...refs/remotes/origin/event-driven-tink
> git for-each-ref --format %(refname) %(objectname) --sort -committerdate
> git remote --verbose
> git config --get commit.template
> git status -z -u
> git symbolic-ref --short HEAD
> git rev-parse event-driven-tink
> git rev-parse --symbolic-full-name event-driven-tink@{u}
> git rev-list --left-right event-driven-tink...refs/remotes/origin/event-driven-tink
> git for-each-ref --format %(refname) %(objectname) --sort -committerdate
> git remote --verbose
> git config --get commit.template
> git status -z -u
> git symbolic-ref --short HEAD
> git rev-parse event-driven-tink
> git rev-parse --symbolic-full-name event-driven-tink@{u}
> git rev-list --left-right event-driven-tink...refs/remotes/origin/event-driven-tink
> git for-each-ref --format %(refname) %(objectname) --sort -committerdate
> git remote --verbose
> git config --get commit.template
> git status -z -u
> git symbolic-ref --short HEAD
> git rev-parse event-driven-tink
> git rev-parse --symbolic-full-name event-driven-tink@{u}
> git rev-list --left-right event-driven-tink...refs/remotes/origin/event-driven-tink
> git for-each-ref --format %(refname) %(objectname) --sort -committerdate
> git remote --verbose
> git config --get commit.template
> git show :informers/factory.go
> git ls-files --stage -- /home/quickdev/go/src/github.com/gauravgahlot/tink/informers/factory.go
> git cat-file -s e380667e7f39faa7bc1deb2e767831cd41f03ab4
> git check-ignore -v -z --stdin
> git check-ignore -v -z --stdin
> git check-ignore -v -z --stdin
> git show :informers/handler.go
> git ls-files --stage -- /home/quickdev/go/src/github.com/gauravgahlot/tink/informers/handler.go
> git show :informers/factory.go
> git ls-files --stage -- /home/quickdev/go/src/github.com/gauravgahlot/tink/informers/factory.go
> git cat-file -s e380667e7f39faa7bc1deb2e767831cd41f03ab4
> git status -z -u
> git symbolic-ref --short HEAD
> git rev-parse event-driven-tink
> git rev-parse --symbolic-full-name event-driven-tink@{u}
> git rev-list --left-right event-driven-tink...refs/remotes/origin/event-driven-tink
> git for-each-ref --format %(refname) %(objectname) --sort -committerdate
> git remote --verbose
> git config --get commit.template
> git show :informers/informer.go
> git ls-files --stage -- /home/quickdev/go/src/github.com/gauravgahlot/tink/informers/informer.go
> git cat-file -s 3af109e6acb81de3919ce945e5385317588ce639
> git status -z -u
> git symbolic-ref --short HEAD
> git rev-parse event-driven-tink
> git rev-parse --symbolic-full-name event-driven-tink@{u}
> git rev-list --left-right event-driven-tink...refs/remotes/origin/event-driven-tink
> git for-each-ref --format %(refname) %(objectname) --sort -committerdate
> git remote --verbose
> git config --get commit.template
> git show :informers/listener.go
> git ls-files --stage -- /home/quickdev/go/src/github.com/gauravgahlot/tink/informers/listener.go
> git cat-file -s b35e9f375fde745b363de66b4f9b76abb3d707cf
> git show :cmd/tink-cli/cmd/event/watch.go
> git ls-files --stage -- /home/quickdev/go/src/github.com/gauravgahlot/tink/cmd/tink-cli/cmd/event/watch.go
> git cat-file -s 650213ee16024c6de4a47fc80cb737294e230974
> git status -z -u
> git symbolic-ref --short HEAD
> git rev-parse event-driven-tink
> git rev-parse --symbolic-full-name event-driven-tink@{u}
> git rev-list --left-right event-driven-tink...refs/remotes/origin/event-driven-tink
> git for-each-ref --format %(refname) %(objectname) --sort -committerdate
> git remote --verbose
> git config --get commit.template
> git status -z -u
> git symbolic-ref --short HEAD
> git rev-parse event-driven-tink
> git rev-parse --symbolic-full-name event-driven-tink@{u}
> git rev-list --left-right event-driven-tink...refs/remotes/origin/event-driven-tink
> git for-each-ref --format %(refname) %(objectname) --sort -committerdate
> git remote --verbose
> git config --get commit.template
> git status -z -u
> git symbolic-ref --short HEAD
> git rev-parse event-driven-tink
> git rev-parse --symbolic-full-name event-driven-tink@{u}
> git rev-list --left-right event-driven-tink...refs/remotes/origin/event-driven-tink
> git for-each-ref --format %(refname) %(objectname) --sort -committerdate
> git remote --verbose
> git config --get commit.template
> git status -z -u
> git symbolic-ref --short HEAD
> git rev-parse event-driven-tink
> git rev-parse --symbolic-full-name event-driven-tink@{u}
> git rev-list --left-right event-driven-tink...refs/remotes/origin/event-driven-tink
> git for-each-ref --format %(refname) %(objectname) --sort -committerdate
> git remote --verbose
> git config --get commit.template
> git status -z -u
> git symbolic-ref --short HEAD
> git rev-parse event-driven-tink
> git rev-parse --symbolic-full-name event-driven-tink@{u}
> git rev-list --left-right event-driven-tink...refs/remotes/origin/event-driven-tink
> git for-each-ref --format %(refname) %(objectname) --sort -committerdate
> git remote --verbose
> git config --get commit.template
> git check-ignore -v -z --stdin
> git show :grpc-server/events.go
> git ls-files --stage -- /home/quickdev/go/src/github.com/gauravgahlot/tink/grpc-server/events.go
> git cat-file -s aab3c7ddd2ccb9596cfdda864dcadefb2bfa2308
> git show HEAD:grpc-server/events.go
> git ls-tree -l HEAD -- /home/quickdev/go/src/github.com/gauravgahlot/tink/grpc-server/events.go
> git ls-tree -l HEAD -- /home/quickdev/go/src/github.com/gauravgahlot/tink/grpc-server/events.go
> git ls-tree -l HEAD -- /home/quickdev/go/src/github.com/gauravgahlot/tink/grpc-server/events.go
> git ls-tree -l HEAD -- /home/quickdev/go/src/github.com/gauravgahlot/tink/grpc-server/events.go
> git checkout -q -- /home/quickdev/go/src/github.com/gauravgahlot/tink/grpc-server/events.go
> git status -z -u
> git symbolic-ref --short HEAD
> git rev-parse event-driven-tink
> git rev-parse --symbolic-full-name event-driven-tink@{u}
> git rev-list --left-right event-driven-tink...refs/remotes/origin/event-driven-tink
> git for-each-ref --format %(refname) %(objectname) --sort -committerdate
> git remote --verbose
> git config --get commit.template
> git ls-tree -l HEAD -- /home/quickdev/go/src/github.com/gauravgahlot/tink/grpc-server/events.go
> git show HEAD:grpc-server/events.go
> git status -z -u
> git symbolic-ref --short HEAD
> git rev-parse event-driven-tink
> git rev-parse --symbolic-full-name event-driven-tink@{u}
> git rev-list --left-right event-driven-tink...refs/remotes/origin/event-driven-tink
> git for-each-ref --format %(refname) %(objectname) --sort -committerdate
> git remote --verbose
> git config --get commit.template
> git show :grpc-server/events.go
> git ls-files --stage -- /home/quickdev/go/src/github.com/gauravgahlot/tink/grpc-server/events.go
> git cat-file -s aab3c7ddd2ccb9596cfdda864dcadefb2bfa2308
> git show :cmd/tink-cli/cmd/event/watch.go
> git ls-files --stage -- /home/quickdev/go/src/github.com/gauravgahlot/tink/cmd/tink-cli/cmd/event/watch.go
> git cat-file -s 650213ee16024c6de4a47fc80cb737294e230974
> git check-ignore -v -z --stdin
> git show :grpc-server/events.go
> git ls-files --stage -- /home/quickdev/go/src/github.com/gauravgahlot/tink/grpc-server/events.go
> git cat-file -s aab3c7ddd2ccb9596cfdda864dcadefb2bfa2308
> git status -z -u
> git symbolic-ref --short HEAD
> git rev-parse event-driven-tink
> git rev-parse --symbolic-full-name event-driven-tink@{u}
> git rev-list --left-right event-driven-tink...refs/remotes/origin/event-driven-tink
> git for-each-ref --format %(refname) %(objectname) --sort -committerdate
> git remote --verbose
> git config --get commit.template
> git status -z -u
> git symbolic-ref --short HEAD
> git rev-parse event-driven-tink
> git rev-parse --symbolic-full-name event-driven-tink@{u}
> git rev-list --left-right event-driven-tink...refs/remotes/origin/event-driven-tink
> git for-each-ref --format %(refname) %(objectname) --sort -committerdate
> git remote --verbose
> git config --get commit.template
> git status -z -u
> git symbolic-ref --short HEAD
> git ls-files --stage -- /home/quickdev/go/src/github.com/gauravgahlot/tink/grpc-server/events.go
> git rev-parse event-driven-tink
> git cat-file -s aab3c7ddd2ccb9596cfdda864dcadefb2bfa2308
> git rev-parse --symbolic-full-name event-driven-tink@{u}
> git rev-list --left-right event-driven-tink...refs/remotes/origin/event-driven-tink
> git show :grpc-server/events.go
> git for-each-ref --format %(refname) %(objectname) --sort -committerdate
> git remote --verbose
> git config --get commit.template
> git status -z -u
> git symbolic-ref --short HEAD
> git rev-parse event-driven-tink
> git rev-parse --symbolic-full-name event-driven-tink@{u}
> git rev-list --left-right event-driven-tink...refs/remotes/origin/event-driven-tink
> git for-each-ref --format %(refname) %(objectname) --sort -committerdate
> git remote --verbose
> git config --get commit.template
> git show :informers/factory.go
> git ls-files --stage -- /home/quickdev/go/src/github.com/gauravgahlot/tink/informers/factory.go
> git cat-file -s e380667e7f39faa7bc1deb2e767831cd41f03ab4
> git show :cmd/tink-cli/cmd/event/watch.go
> git ls-files --stage -- /home/quickdev/go/src/github.com/gauravgahlot/tink/cmd/tink-cli/cmd/event/watch.go
> git cat-file -s 650213ee16024c6de4a47fc80cb737294e230974
> git show :informers/factory.go
> git ls-files --stage -- /home/quickdev/go/src/github.com/gauravgahlot/tink/informers/factory.go
> git cat-file -s e380667e7f39faa7bc1deb2e767831cd41f03ab4
> git show :informers/informer.go
> git ls-files --stage -- /home/quickdev/go/src/github.com/gauravgahlot/tink/informers/informer.go
> git cat-file -s 3af109e6acb81de3919ce945e5385317588ce639
> git status -z -u
> git symbolic-ref --short HEAD
> git rev-parse event-driven-tink
> git rev-parse --symbolic-full-name event-driven-tink@{u}
> git rev-list --left-right event-driven-tink...refs/remotes/origin/event-driven-tink
> git for-each-ref --format %(refname) %(objectname) --sort -committerdate
> git remote --verbose
> git config --get commit.template
> git rev-parse --show-toplevel
fatal: not a git repository (or any of the parent directories): .git
> git show :informers/informer.go
> git ls-files --stage -- /home/quickdev/go/src/github.com/gauravgahlot/tink/informers/informer.go
> git cat-file -s 3af109e6acb81de3919ce945e5385317588ce639
> git status -z -u
> git symbolic-ref --short HEAD
> git rev-parse event-driven-tink
> git rev-parse --symbolic-full-name event-driven-tink@{u}
> git rev-list --left-right event-driven-tink...refs/remotes/origin/event-driven-tink
> git for-each-ref --format %(refname) %(objectname) --sort -committerdate
> git remote --verbose
> git config --get commit.template
> git status -z -u
> git symbolic-ref --short HEAD
> git rev-parse event-driven-tink
> git rev-parse --symbolic-full-name event-driven-tink@{u}
> git rev-list --left-right event-driven-tink...refs/remotes/origin/event-driven-tink
> git for-each-ref --format %(refname) %(objectname) --sort -committerdate
> git remote --verbose
> git config --get commit.template
> git status -z -u
> git symbolic-ref --short HEAD
> git rev-parse event-driven-tink
> git rev-parse --symbolic-full-name event-driven-tink@{u}
> git rev-list --left-right event-driven-tink...refs/remotes/origin/event-driven-tink
> git for-each-ref --format %(refname) %(objectname) --sort -committerdate
> git remote --verbose
> git config --get commit.template
> git status -z -u
> git symbolic-ref --short HEAD
> git rev-parse event-driven-tink
> git rev-parse --symbolic-full-name event-driven-tink@{u}
> git rev-list --left-right event-driven-tink...refs/remotes/origin/event-driven-tink
> git for-each-ref --format %(refname) %(objectname) --sort -committerdate
> git remote --verbose
> git config --get commit.template
> git status -z -u
> git symbolic-ref --short HEAD
> git rev-parse event-driven-tink
> git rev-parse --symbolic-full-name event-driven-tink@{u}
> git rev-list --left-right event-driven-tink...refs/remotes/origin/event-driven-tink
> git for-each-ref --format %(refname) %(objectname) --sort -committerdate
> git remote --verbose
> git config --get commit.template
> git status -z -u
> git symbolic-ref --short HEAD
> git rev-parse event-driven-tink
> git rev-parse --symbolic-full-name event-driven-tink@{u}
> git rev-list --left-right event-driven-tink...refs/remotes/origin/event-driven-tink
> git for-each-ref --format %(refname) %(objectname) --sort -committerdate
> git remote --verbose
> git config --get commit.template
> git status -z -u
> git symbolic-ref --short HEAD
> git rev-parse event-driven-tink
> git rev-parse --symbolic-full-name event-driven-tink@{u}
> git rev-list --left-right event-driven-tink...refs/remotes/origin/event-driven-tink
> git for-each-ref --format %(refname) %(objectname) --sort -committerdate
> git remote --verbose
> git config --get commit.template
> git status -z -u
> git symbolic-ref --short HEAD
> git rev-parse event-driven-tink
> git rev-parse --symbolic-full-name event-driven-tink@{u}
> git rev-list --left-right event-driven-tink...refs/remotes/origin/event-driven-tink
> git for-each-ref --format %(refname) %(objectname) --sort -committerdate
> git remote --verbose
> git config --get commit.template
> git status -z -u
> git symbolic-ref --short HEAD
> git rev-parse event-driven-tink
> git rev-parse --symbolic-full-name event-driven-tink@{u}
> git rev-list --left-right event-driven-tink...refs/remotes/origin/event-driven-tink
> git for-each-ref --format %(refname) %(objectname) --sort -committerdate
> git remote --verbose
> git config --get commit.template
> git status -z -u
> git symbolic-ref --short HEAD
> git rev-parse event-driven-tink
> git rev-parse --symbolic-full-name event-driven-tink@{u}
> git rev-list --left-right event-driven-tink...refs/remotes/origin/event-driven-tink
> git for-each-ref --format %(refname) %(objectname) --sort -committerdate
> git remote --verbose
> git config --get commit.template
> git status -z -u
> git symbolic-ref --short HEAD
> git rev-parse event-driven-tink
> git rev-parse --symbolic-full-name event-driven-tink@{u}
> git rev-list --left-right event-driven-tink...refs/remotes/origin/event-driven-tink
> git for-each-ref --format %(refname) %(objectname) --sort -committerdate
> git remote --verbose
> git config --get commit.template
> git status -z -u
> git symbolic-ref --short HEAD
> git rev-parse event-driven-tink
> git rev-parse --symbolic-full-name event-driven-tink@{u}
> git rev-list --left-right event-driven-tink...refs/remotes/origin/event-driven-tink
> git for-each-ref --format %(refname) %(objectname) --sort -committerdate
> git remote --verbose
> git config --get commit.template
> git show :grpc-server/grpc_server.go
> git ls-files --stage -- /home/quickdev/go/src/github.com/gauravgahlot/tink/grpc-server/grpc_server.go
> git cat-file -s 725175edd959bc22571f3d0267b535736ba99bd0
> git show :grpc-server/events.go
> git ls-files --stage -- /home/quickdev/go/src/github.com/gauravgahlot/tink/grpc-server/events.go
> git cat-file -s aab3c7ddd2ccb9596cfdda864dcadefb2bfa2308
> git show :informers/informer.go
> git ls-files --stage -- /home/quickdev/go/src/github.com/gauravgahlot/tink/informers/informer.go
> git cat-file -s 3af109e6acb81de3919ce945e5385317588ce639
> git check-ignore -v -z --stdin
> git show :informers/factory.go
> git ls-files --stage -- /home/quickdev/go/src/github.com/gauravgahlot/tink/informers/factory.go
> git cat-file -s e380667e7f39faa7bc1deb2e767831cd41f03ab4
> git show :informers/informer.go
> git ls-files --stage -- /home/quickdev/go/src/github.com/gauravgahlot/tink/informers/informer.go
> git cat-file -s 3af109e6acb81de3919ce945e5385317588ce639
> git show HEAD:cmd/tink-cli/cmd/event/watch.go
> git ls-tree -l HEAD -- /home/quickdev/go/src/github.com/gauravgahlot/tink/cmd/tink-cli/cmd/event/watch.go
> git show :informers/informer.go
> git ls-files --stage -- /home/quickdev/go/src/github.com/gauravgahlot/tink/informers/informer.go
> git cat-file -s 3af109e6acb81de3919ce945e5385317588ce639
> git status -z -u
> git symbolic-ref --short HEAD
> git rev-parse event-driven-tink
> git rev-parse --symbolic-full-name event-driven-tink@{u}
> git rev-list --left-right event-driven-tink...refs/remotes/origin/event-driven-tink
> git for-each-ref --format %(refname) %(objectname) --sort -committerdate
> git remote --verbose
> git config --get commit.template
> git status -z -u
> git symbolic-ref --short HEAD
> git rev-parse event-driven-tink
> git rev-parse --symbolic-full-name event-driven-tink@{u}
> git rev-list --left-right event-driven-tink...refs/remotes/origin/event-driven-tink
> git for-each-ref --format %(refname) %(objectname) --sort -committerdate
> git remote --verbose
> git config --get commit.template
> git check-ignore -v -z --stdin
> git show :grpc-server/events.go
> git ls-files --stage -- /home/quickdev/go/src/github.com/gauravgahlot/tink/grpc-server/events.go
> git cat-file -s aab3c7ddd2ccb9596cfdda864dcadefb2bfa2308
> git show :db/mock/event.go
> git ls-files --stage -- /home/quickdev/go/src/github.com/gauravgahlot/tink/db/mock/event.go
> git cat-file -s aeb842c5e551648053d92f49a1e55a5b969c0ffb
> git check-ignore -v -z --stdin
> git show :db/db.go
> git ls-files --stage -- /home/quickdev/go/src/github.com/gauravgahlot/tink/db/db.go
> git cat-file -s 00fee558da097f9ae7cc9179b73fd8293e16c4b7
> git check-ignore -v -z --stdin
> git show :db/events.go
> git ls-files --stage -- /home/quickdev/go/src/github.com/gauravgahlot/tink/db/events.go
> git cat-file -s 550afc2b1bd6522bb371c59e5ae4551d665a7a9f
> git check-ignore -v -z --stdin
> git show :grpc-server/events.go
> git ls-files --stage -- /home/quickdev/go/src/github.com/gauravgahlot/tink/grpc-server/events.go
> git cat-file -s aab3c7ddd2ccb9596cfdda864dcadefb2bfa2308
> git show :informers/informer.go
> git ls-files --stage -- /home/quickdev/go/src/github.com/gauravgahlot/tink/informers/informer.go
> git cat-file -s 3af109e6acb81de3919ce945e5385317588ce639
> git check-ignore -v -z --stdin
> git show :deploy/db/tinkerbell-init.sql
> git ls-files --stage -- /home/quickdev/go/src/github.com/gauravgahlot/tink/deploy/db/tinkerbell-init.sql
> git cat-file -s f29da3d8937b2fb5d155753c35abb72832eb6575
