Initializing document watcher...
tink/informers/handler.go: {"insertSpaces":false,"tabSize":8}
tink/informers/handler.go: Using EditorConfig core...
informers/handler.go: editor.action.trimTrailingWhitespace
tink/informers/informer.go: {"insertSpaces":false,"tabSize":8}
tink/informers/informer.go: Using EditorConfig core...
informers/informer.go: editor.action.trimTrailingWhitespace
tink/informers/informer.go: Using EditorConfig core...
informers/informer.go: editor.action.trimTrailingWhitespace
tink/informers/informer.go: Using EditorConfig core...
informers/informer.go: editor.action.trimTrailingWhitespace
tink/cmd/tink-cli/cmd/event/watch.go: {"insertSpaces":false,"tabSize":8}
tink/cmd/tink-cli/cmd/event/watch.go: Using EditorConfig core...
cmd/tink-cli/cmd/event/watch.go: editor.action.trimTrailingWhitespace
tink/cmd/tink-cli/cmd/event/watch.go: Using EditorConfig core...
cmd/tink-cli/cmd/event/watch.go: editor.action.trimTrailingWhitespace
tink/cmd/tink-cli/cmd/event/watch.go: Using EditorConfig core...
cmd/tink-cli/cmd/event/watch.go: editor.action.trimTrailingWhitespace
tink/cmd/tink-cli/cmd/event/watch.go: Using EditorConfig core...
cmd/tink-cli/cmd/event/watch.go: editor.action.trimTrailingWhitespace
tink/cmd/tink-cli/cmd/event/watch.go: {"insertSpaces":false,"tabSize":8}
tink/cmd/tink-cli/cmd/event/watch.go: {"insertSpaces":false,"tabSize":8}
tink/cmd/tink-cli/cmd/event/watch.go: Using EditorConfig core...
cmd/tink-cli/cmd/event/watch.go: editor.action.trimTrailingWhitespace
tink/cmd/tink-cli/cmd/event/watch.go: Using EditorConfig core...
cmd/tink-cli/cmd/event/watch.go: editor.action.trimTrailingWhitespace
tink/cmd/tink-cli/cmd/event/watch.go: Using EditorConfig core...
cmd/tink-cli/cmd/event/watch.go: editor.action.trimTrailingWhitespace
tink/cmd/tink-cli/cmd/event/watch.go: Using EditorConfig core...
cmd/tink-cli/cmd/event/watch.go: editor.action.trimTrailingWhitespace
tink/cmd/tink-cli/cmd/event/watch.go: Using EditorConfig core...
cmd/tink-cli/cmd/event/watch.go: editor.action.trimTrailingWhitespace
tink/cmd/tink-cli/cmd/event/watch.go: Using EditorConfig core...
cmd/tink-cli/cmd/event/watch.go: editor.action.trimTrailingWhitespace
tink/cmd/tink-cli/cmd/event/watch.go: Using EditorConfig core...
cmd/tink-cli/cmd/event/watch.go: editor.action.trimTrailingWhitespace
tink/cmd/tink-cli/cmd/event/watch.go: Using EditorConfig core...
cmd/tink-cli/cmd/event/watch.go: editor.action.trimTrailingWhitespace
tink/cmd/tink-cli/cmd/event/watch.go: Using EditorConfig core...
cmd/tink-cli/cmd/event/watch.go: editor.action.trimTrailingWhitespace
tink/cmd/tink-cli/cmd/event/watch.go: Using EditorConfig core...
cmd/tink-cli/cmd/event/watch.go: editor.action.trimTrailingWhitespace
tink/cmd/tink-cli/cmd/event/watch.go: Using EditorConfig core...
cmd/tink-cli/cmd/event/watch.go: editor.action.trimTrailingWhitespace
tink/cmd/tink-cli/cmd/event/watch.go: Using EditorConfig core...
cmd/tink-cli/cmd/event/watch.go: editor.action.trimTrailingWhitespace
tink/cmd/tink-cli/cmd/event/watch.go: Using EditorConfig core...
cmd/tink-cli/cmd/event/watch.go: editor.action.trimTrailingWhitespace
tink/cmd/tink-cli/cmd/event/watch.go: Using EditorConfig core...
cmd/tink-cli/cmd/event/watch.go: editor.action.trimTrailingWhitespace
tink/cmd/tink-cli/cmd/event/watch.go: Using EditorConfig core...
cmd/tink-cli/cmd/event/watch.go: editor.action.trimTrailingWhitespace
tink/cmd/tink-cli/cmd/event/watch.go: Using EditorConfig core...
cmd/tink-cli/cmd/event/watch.go: editor.action.trimTrailingWhitespace
tink/informers/informer.go: {"insertSpaces":false,"tabSize":8}
tink/informers/informer.go: {"insertSpaces":false,"tabSize":8}
tink/informers/informer.go: {"insertSpaces":false,"tabSize":8}
tink/grpc-server/events.go: {"insertSpaces":false,"tabSize":8}
tink/grpc-server/events.go: Using EditorConfig core...
grpc-server/events.go: editor.action.trimTrailingWhitespace
tink/grpc-server/events.go: {"insertSpaces":false,"tabSize":8}
tink/grpc-server/events.go: {"insertSpaces":false,"tabSize":8}
tink/grpc-server/events.go: {"insertSpaces":false,"tabSize":8}
tink/informers/listener.go: {"insertSpaces":false,"tabSize":8}
tink/informers/listener.go: {"insertSpaces":false,"tabSize":8}
tink/informers/listener.go: {"insertSpaces":false,"tabSize":8}
tink/informers/listener.go: {"insertSpaces":false,"tabSize":8}
tink/informers/listener.go: {"insertSpaces":false,"tabSize":8}
tink/deploy/docker-compose.yml: {"insertSpaces":true,"tabSize":2}
tink/informers/listener.go: {"insertSpaces":false,"tabSize":8}
tink/informers/listener.go: {"insertSpaces":false,"tabSize":8}
tink/deploy/docker-compose.yml: {"insertSpaces":true,"tabSize":2}
tink/informers/listener.go: {"insertSpaces":false,"tabSize":8}
tink/informers/listener.go: Using EditorConfig core...
informers/listener.go: editor.action.trimTrailingWhitespace
tink/informers/listener.go: Using EditorConfig core...
informers/listener.go: editor.action.trimTrailingWhitespace
tink/informers/listener.go: {"insertSpaces":false,"tabSize":8}
tink/informers/listener.go: {"insertSpaces":false,"tabSize":8}
tink/informers/handler.go: {"insertSpaces":false,"tabSize":8}
tink/informers/informer.go: {"insertSpaces":false,"tabSize":8}
tink/grpc-server/events.go: {"insertSpaces":false,"tabSize":8}
tink/cmd/tink-cli/cmd/event/watch.go: {"insertSpaces":false,"tabSize":8}
tink/cmd/tink-cli/cmd/event/watch.go: {"insertSpaces":false,"tabSize":8}
tink/informers/informer.go: {"insertSpaces":false,"tabSize":8}
tink/informers/informer.go: Using EditorConfig core...
informers/informer.go: editor.action.trimTrailingWhitespace
tink/informers/informer.go: Using EditorConfig core...
informers/informer.go: editor.action.trimTrailingWhitespace
tink/informers/informer.go: Using EditorConfig core...
informers/informer.go: editor.action.trimTrailingWhitespace
tink/informers/informer.go: Using EditorConfig core...
informers/informer.go: editor.action.trimTrailingWhitespace
tink/cmd/tink-cli/cmd/event/watch.go: {"insertSpaces":false,"tabSize":8}
tink/cmd/tink-cli/cmd/event/watch.go: Using EditorConfig core...
cmd/tink-cli/cmd/event/watch.go: editor.action.trimTrailingWhitespace
tink/cmd/tink-cli/cmd/event/watch.go: {"insertSpaces":false,"tabSize":8}
tink/cmd/tink-cli/cmd/event/watch.go: {"insertSpaces":false,"tabSize":8}
tink/cmd/tink-cli/cmd/event/watch.go: {"insertSpaces":false,"tabSize":8}
tink/informers/informer.go: {"insertSpaces":false,"tabSize":8}
tink/cmd/tink-cli/cmd/event/watch.go: {"insertSpaces":false,"tabSize":8}
tink/informers/factory.go: {"insertSpaces":false,"tabSize":8}
tink/informers/factory.go: {"insertSpaces":false,"tabSize":8}
tink/cmd/tink-cli/cmd/root.go: {"insertSpaces":false,"tabSize":8}
tink/cmd/tink-cli/cmd/root.go: {"insertSpaces":false,"tabSize":8}
tink/cmd/tink-cli/cmd/event/watch.go: {"insertSpaces":false,"tabSize":8}
tink/informers/factory.go: {"insertSpaces":false,"tabSize":8}
tink/informers/factory.go: Using EditorConfig core...
informers/factory.go: editor.action.trimTrailingWhitespace
tink/cmd/tink-cli/cmd/event/watch.go: {"insertSpaces":false,"tabSize":8}
tink/cmd/tink-cli/cmd/event/watch.go: Using EditorConfig core...
cmd/tink-cli/cmd/event/watch.go: editor.action.trimTrailingWhitespace
tink/cmd/tink-cli/cmd/event/watch.go: Using EditorConfig core...
cmd/tink-cli/cmd/event/watch.go: editor.action.trimTrailingWhitespace
tink/informers/factory.go: {"insertSpaces":false,"tabSize":8}
tink/cmd/tink-cli/cmd/event/watch.go: {"insertSpaces":false,"tabSize":8}
tink/cmd/tink-server/main.go: {"insertSpaces":false,"tabSize":8}
tink/cmd/tink-cli/cmd/event/watch.go: {"insertSpaces":false,"tabSize":8}
tink/informers/factory.go: {"insertSpaces":false,"tabSize":8}
tink/cmd/tink-cli/main.go: {"insertSpaces":false,"tabSize":8}
tink/cmd/tink-cli/cmd/root.go: {"insertSpaces":false,"tabSize":8}
tink/cmd/tink-cli/cmd/root.go: Using EditorConfig core...
cmd/tink-cli/cmd/root.go: editor.action.trimTrailingWhitespace
tink/cmd/tink-cli/cmd/root.go: Using EditorConfig core...
cmd/tink-cli/cmd/root.go: editor.action.trimTrailingWhitespace
tink/cmd/tink-cli/cmd/root.go: Using EditorConfig core...
cmd/tink-cli/cmd/root.go: editor.action.trimTrailingWhitespace
tink/cmd/tink-cli/cmd/root.go: Using EditorConfig core...
cmd/tink-cli/cmd/root.go: editor.action.trimTrailingWhitespace
tink/cmd/tink-cli/cmd/event/watch.go: {"insertSpaces":false,"tabSize":8}
tink/cmd/tink-cli/cmd/root.go: {"insertSpaces":false,"tabSize":8}
tink/cmd/tink-cli/cmd/hardware.go: {"insertSpaces":false,"tabSize":8}
tink/cmd/tink-cli/cmd/root.go: {"insertSpaces":false,"tabSize":8}
tink/cmd/tink-cli/cmd/event.go: {"insertSpaces":false,"tabSize":8}
tink/cmd/tink-cli/cmd/root.go: {"insertSpaces":false,"tabSize":8}
tink/informers/factory.go: {"insertSpaces":false,"tabSize":8}
tink/cmd/tink-cli/cmd/event/watch.go: {"insertSpaces":false,"tabSize":8}
tink/cmd/tink-cli/cmd/event/watch.go: Using EditorConfig core...
cmd/tink-cli/cmd/event/watch.go: editor.action.trimTrailingWhitespace
tink/cmd/tink-cli/cmd/event/watch.go: Using EditorConfig core...
cmd/tink-cli/cmd/event/watch.go: editor.action.trimTrailingWhitespace
tink/cmd/tink-cli/cmd/event/watch.go: Using EditorConfig core...
cmd/tink-cli/cmd/event/watch.go: editor.action.trimTrailingWhitespace
tink/cmd/tink-cli/cmd/event/watch.go: Using EditorConfig core...
cmd/tink-cli/cmd/event/watch.go: editor.action.trimTrailingWhitespace
tink/cmd/tink-cli/cmd/root.go: {"insertSpaces":false,"tabSize":8}
tink/cmd/tink-cli/cmd/root.go: {"insertSpaces":false,"tabSize":8}
tink/cmd/tink-cli/cmd/event/watch.go: {"insertSpaces":false,"tabSize":8}
tink/cmd/tink-cli/cmd/event/watch.go: {"insertSpaces":false,"tabSize":8}
tink/cmd/tink-cli/cmd/event/watch.go: {"insertSpaces":false,"tabSize":8}
tink/informers/factory.go: {"insertSpaces":false,"tabSize":8}
tink/informers/factory.go: Using EditorConfig core...
informers/factory.go: editor.action.trimTrailingWhitespace
tink/informers/factory.go: Using EditorConfig core...
informers/factory.go: editor.action.trimTrailingWhitespace
tink/informers/factory.go: Using EditorConfig core...
informers/factory.go: editor.action.trimTrailingWhitespace
tink/informers/factory.go: Using EditorConfig core...
informers/factory.go: editor.action.trimTrailingWhitespace
tink/cmd/tink-cli/cmd/event/watch.go: {"insertSpaces":false,"tabSize":8}
tink/cmd/tink-cli/cmd/event/watch.go: Using EditorConfig core...
cmd/tink-cli/cmd/event/watch.go: editor.action.trimTrailingWhitespace
tink/informers/factory.go: {"insertSpaces":false,"tabSize":8}
tink/informers/factory.go: Using EditorConfig core...
informers/factory.go: editor.action.trimTrailingWhitespace
tink/informers/factory.go: {"insertSpaces":false,"tabSize":8}
tink/informers/factory.go: {"insertSpaces":false,"tabSize":8}
tink/informers/factory.go: {"insertSpaces":false,"tabSize":8}
tink/informers/listener.go: {"insertSpaces":false,"tabSize":8}
tink/informers/listener.go: Using EditorConfig core...
informers/listener.go: editor.action.trimTrailingWhitespace
tink/informers/listener.go: Using EditorConfig core...
informers/listener.go: editor.action.trimTrailingWhitespace
tink/informers/listener.go: {"insertSpaces":false,"tabSize":8}
tink/informers/listener.go: Using EditorConfig core...
informers/listener.go: editor.action.trimTrailingWhitespace
tink/deploy/docker-compose.yml: {"insertSpaces":true,"tabSize":2}
tink/informers/listener.go: {"insertSpaces":false,"tabSize":8}
tink/informers/listener.go: {"insertSpaces":false,"tabSize":8}
/home/quickdev/go/src/github.com/kubnix/skipper/consumer-1/main.go: {}
/home/quickdev/go/src/github.com/kubnix/skipper/consumer-1/main.go: {}
tink/cmd/tink-cli/cmd/event/watch.go: {"insertSpaces":false,"tabSize":8}
tink/cmd/tink-cli/cmd/event/watch.go: Using EditorConfig core...
cmd/tink-cli/cmd/event/watch.go: editor.action.trimTrailingWhitespace
tink/cmd/tink-cli/cmd/event/watch.go: Using EditorConfig core...
cmd/tink-cli/cmd/event/watch.go: editor.action.trimTrailingWhitespace
tink/cmd/tink-cli/cmd/event/watch.go: Using EditorConfig core...
cmd/tink-cli/cmd/event/watch.go: editor.action.trimTrailingWhitespace
tink/cmd/tink-cli/cmd/event/watch.go: Using EditorConfig core...
cmd/tink-cli/cmd/event/watch.go: editor.action.trimTrailingWhitespace
tink/cmd/tink-cli/cmd/event/watch.go: Using EditorConfig core...
cmd/tink-cli/cmd/event/watch.go: editor.action.trimTrailingWhitespace
tink/cmd/tink-cli/cmd/event/watch.go: Using EditorConfig core...
cmd/tink-cli/cmd/event/watch.go: editor.action.trimTrailingWhitespace
tink/cmd/tink-cli/cmd/event/watch.go: {"insertSpaces":false,"tabSize":8}
/home/quickdev/go/src/github.com/kubnix/skipper/consumer-1/main.go: {}
tink/cmd/tink-cli/cmd/event/watch.go: {"insertSpaces":false,"tabSize":8}
tink/cmd/tink-cli/cmd/event/watch.go: {"insertSpaces":false,"tabSize":8}
tink/cmd/tink-cli/cmd/event/watch.go: {"insertSpaces":false,"tabSize":8}
tink/cmd/tink-cli/cmd/event/watch.go: {"insertSpaces":false,"tabSize":8}
tink/cmd/tink-cli/cmd/event/watch.go: {"insertSpaces":false,"tabSize":8}
tink/cmd/tink-cli/cmd/event/watch.go: Using EditorConfig core...
cmd/tink-cli/cmd/event/watch.go: editor.action.trimTrailingWhitespace
tink/cmd/tink-cli/cmd/event/watch.go: {"insertSpaces":false,"tabSize":8}
tink/cmd/tink-cli/cmd/event/watch.go: {"insertSpaces":false,"tabSize":8}
tink/cmd/tink-cli/cmd/event/watch.go: {"insertSpaces":false,"tabSize":8}
tink/cmd/tink-cli/cmd/event/watch.go: {"insertSpaces":false,"tabSize":8}
tink/cmd/tink-cli/cmd/event/watch.go: {"insertSpaces":false,"tabSize":8}
tink/cmd/tink-cli/cmd/event/watch.go: {"insertSpaces":false,"tabSize":8}
tink/cmd/tink-cli/cmd/event/watch.go: Using EditorConfig core...
cmd/tink-cli/cmd/event/watch.go: editor.action.trimTrailingWhitespace
tink/informers/factory.go: {"insertSpaces":false,"tabSize":8}
tink/informers/factory.go: Using EditorConfig core...
informers/factory.go: editor.action.trimTrailingWhitespace
tink/informers/informer.go: {"insertSpaces":false,"tabSize":8}
tink/informers/informer.go: Using EditorConfig core...
informers/informer.go: editor.action.trimTrailingWhitespace
tink/informers/informer.go: Using EditorConfig core...
informers/informer.go: editor.action.trimTrailingWhitespace
tink/informers/informer.go: Using EditorConfig core...
informers/informer.go: editor.action.trimTrailingWhitespace
tink/informers/informer.go: {"insertSpaces":false,"tabSize":8}
tink/informers/informer.go: Using EditorConfig core...
informers/informer.go: editor.action.trimTrailingWhitespace
tink/informers/informer.go: Using EditorConfig core...
informers/informer.go: editor.action.trimTrailingWhitespace
tink/informers/informer.go: Using EditorConfig core...
informers/informer.go: editor.action.trimTrailingWhitespace
tink/informers/informer.go: Using EditorConfig core...
informers/informer.go: editor.action.trimTrailingWhitespace
tink/informers/informer.go: Using EditorConfig core...
informers/informer.go: editor.action.trimTrailingWhitespace
tink/informers/informer.go: Using EditorConfig core...
informers/informer.go: editor.action.trimTrailingWhitespace
tink/informers/informer.go: Using EditorConfig core...
informers/informer.go: editor.action.trimTrailingWhitespace
tink/informers/informer.go: Using EditorConfig core...
informers/informer.go: editor.action.trimTrailingWhitespace
tink/informers/informer.go: Using EditorConfig core...
informers/informer.go: editor.action.trimTrailingWhitespace
tink/informers/factory.go: {"insertSpaces":false,"tabSize":8}
tink/informers/handler.go: {"insertSpaces":false,"tabSize":8}
tink/informers/factory.go: {"insertSpaces":false,"tabSize":8}
tink/informers/informer.go: {"insertSpaces":false,"tabSize":8}
tink/informers/informer.go: Using EditorConfig core...
informers/informer.go: editor.action.trimTrailingWhitespace
tink/informers/listener.go: {"insertSpaces":false,"tabSize":8}
tink/cmd/tink-cli/cmd/event/watch.go: {"insertSpaces":false,"tabSize":8}
tink/cmd/tink-cli/cmd/event/watch.go: Using EditorConfig core...
cmd/tink-cli/cmd/event/watch.go: editor.action.trimTrailingWhitespace
tink/cmd/tink-cli/cmd/event/watch.go: Using EditorConfig core...
cmd/tink-cli/cmd/event/watch.go: editor.action.trimTrailingWhitespace
tink/cmd/tink-cli/cmd/event/watch.go: Using EditorConfig core...
cmd/tink-cli/cmd/event/watch.go: editor.action.trimTrailingWhitespace
tink/cmd/tink-cli/cmd/event/watch.go: Using EditorConfig core...
cmd/tink-cli/cmd/event/watch.go: editor.action.trimTrailingWhitespace
tink/cmd/tink-cli/cmd/event/watch.go: Using EditorConfig core...
cmd/tink-cli/cmd/event/watch.go: editor.action.trimTrailingWhitespace
tink/grpc-server/events.go: {"insertSpaces":false,"tabSize":8}
tink/grpc-server/events.go: {"insertSpaces":false,"tabSize":8}
tink/grpc-server/events.go: {"insertSpaces":false,"tabSize":8}
tink/grpc-server/events.go: {"insertSpaces":false,"tabSize":8}
tink/grpc-server/events.go: {"insertSpaces":false,"tabSize":8}
tink/cmd/tink-cli/cmd/event/watch.go: {"insertSpaces":false,"tabSize":8}
tink/grpc-server/events.go: {"insertSpaces":false,"tabSize":8}
tink/grpc-server/events.go: Using EditorConfig core...
grpc-server/events.go: editor.action.trimTrailingWhitespace
tink/grpc-server/events.go: {"insertSpaces":false,"tabSize":8}
tink/grpc-server/events.go: {"insertSpaces":false,"tabSize":8}
tink/grpc-server/events.go: {"insertSpaces":false,"tabSize":8}
tink/grpc-server/events.go: {"insertSpaces":false,"tabSize":8}
tink/grpc-server/events.go: {"insertSpaces":false,"tabSize":8}
tink/informers/factory.go: {"insertSpaces":false,"tabSize":8}
tink/cmd/tink-cli/cmd/event/watch.go: {"insertSpaces":false,"tabSize":8}
tink/cmd/tink-cli/cmd/event/watch.go: {"insertSpaces":false,"tabSize":8}
tink/cmd/tink-cli/cmd/event/watch.go: {"insertSpaces":false,"tabSize":8}
tink/cmd/tink-cli/cmd/event/watch.go: {"insertSpaces":false,"tabSize":8}
tink/cmd/tink-cli/cmd/event/watch.go: {"insertSpaces":false,"tabSize":8}
tink/cmd/tink-cli/cmd/event/watch.go: {"insertSpaces":false,"tabSize":8}
tink/cmd/tink-cli/cmd/event/watch.go: {"insertSpaces":false,"tabSize":8}
tink/cmd/tink-cli/cmd/event/watch.go: {"insertSpaces":false,"tabSize":8}
tink/informers/factory.go: {"insertSpaces":false,"tabSize":8}
tink/informers/factory.go: {"insertSpaces":false,"tabSize":8}
tink/informers/informer.go: {"insertSpaces":false,"tabSize":8}
tink/informers/informer.go: Using EditorConfig core...
informers/informer.go: editor.action.trimTrailingWhitespace
tink/informers/informer.go: {"insertSpaces":false,"tabSize":8}
tink/informers/informer.go: {"insertSpaces":false,"tabSize":8}
/home/quickdev/go/pkg/mod/github.com/lib/pq@v1.2.1-0.20191011153232-f91d3411e481/notify.go: {}
tink/informers/informer.go: {"insertSpaces":false,"tabSize":8}
tink/informers/informer.go: Using EditorConfig core...
informers/informer.go: editor.action.trimTrailingWhitespace
tink/informers/informer.go: Using EditorConfig core...
informers/informer.go: editor.action.trimTrailingWhitespace
tink/informers/informer.go: Using EditorConfig core...
informers/informer.go: editor.action.trimTrailingWhitespace
tink/informers/informer.go: Using EditorConfig core...
informers/informer.go: editor.action.trimTrailingWhitespace
tink/informers/informer.go: Using EditorConfig core...
informers/informer.go: editor.action.trimTrailingWhitespace
tink/informers/informer.go: Using EditorConfig core...
informers/informer.go: editor.action.trimTrailingWhitespace
tink/informers/informer.go: Using EditorConfig core...
informers/informer.go: editor.action.trimTrailingWhitespace
tink/informers/informer.go: Using EditorConfig core...
informers/informer.go: editor.action.trimTrailingWhitespace
tink/informers/informer.go: Using EditorConfig core...
informers/informer.go: editor.action.trimTrailingWhitespace
tink/informers/informer.go: Using EditorConfig core...
informers/informer.go: editor.action.trimTrailingWhitespace
tink/informers/informer.go: Using EditorConfig core...
informers/informer.go: editor.action.trimTrailingWhitespace
tink/informers/informer.go: Using EditorConfig core...
informers/informer.go: editor.action.trimTrailingWhitespace
tink/informers/informer.go: Using EditorConfig core...
informers/informer.go: editor.action.trimTrailingWhitespace
tink/informers/informer.go: Using EditorConfig core...
informers/informer.go: editor.action.trimTrailingWhitespace
tink/informers/informer.go: Using EditorConfig core...
informers/informer.go: editor.action.trimTrailingWhitespace
tink/grpc-server/grpc_server.go: {"insertSpaces":false,"tabSize":8}
tink/grpc-server/events.go: {"insertSpaces":false,"tabSize":8}
tink/grpc-server/events.go: {"insertSpaces":false,"tabSize":8}
tink/grpc-server/events.go: {"insertSpaces":false,"tabSize":8}
tink/grpc-server/events.go: {"insertSpaces":false,"tabSize":8}
tink/informers/informer.go: {"insertSpaces":false,"tabSize":8}
tink/informers/factory.go: {"insertSpaces":false,"tabSize":8}
tink/informers/factory.go: {"insertSpaces":false,"tabSize":8}
tink/informers/factory.go: {"insertSpaces":false,"tabSize":8}
tink/informers/informer.go: {"insertSpaces":false,"tabSize":8}
tink/cmd/tink-cli/cmd/event/watch.go: {"insertSpaces":false,"tabSize":8}
tink/cmd/tink-cli/cmd/event/watch.go: {"insertSpaces":false,"tabSize":8}
tink/informers/informer.go: {"insertSpaces":false,"tabSize":8}
tink/informers/informer.go: {"insertSpaces":false,"tabSize":8}
tink/informers/informer.go: Using EditorConfig core...
informers/informer.go: editor.action.trimTrailingWhitespace
tink/informers/informer.go: Using EditorConfig core...
informers/informer.go: editor.action.trimTrailingWhitespace
tink/grpc-server/events.go: {"insertSpaces":false,"tabSize":8}
tink/db/mock/event.go: {"insertSpaces":false,"tabSize":8}
tink/db/db.go: {"insertSpaces":false,"tabSize":8}
tink/db/events.go: {"insertSpaces":false,"tabSize":8}
tink/grpc-server/events.go: {"insertSpaces":false,"tabSize":8}
tink/informers/informer.go: {"insertSpaces":false,"tabSize":8}
tink/informers/informer.go: {"insertSpaces":false,"tabSize":8}
tink/deploy/db/tinkerbell-init.sql: {"insertSpaces":true,"tabSize":2}
tink/deploy/db/tinkerbell-init.sql: {"insertSpaces":true,"tabSize":2}
tink/deploy/db/tinkerbell-init.sql: {"insertSpaces":true,"tabSize":2}
tink/deploy/db/tinkerbell-init.sql: {"insertSpaces":true,"tabSize":2}
tink/deploy/db/tinkerbell-init.sql: {"insertSpaces":true,"tabSize":2}
tink/deploy/db/tinkerbell-init.sql: {"insertSpaces":true,"tabSize":2}
tink/deploy/db/tinkerbell-init.sql: {"insertSpaces":true,"tabSize":2}
