00:00:00.005790 VirtualBox DHCP Server 6.1.8 r137981 linux.amd64 (May 14 2020 19:43:16) release log
00:00:00.005796 Log opened 2020-06-03T05:09:27.322994000Z
00:00:00.005798 Build Type: release
00:00:00.005804 OS Product: Linux
00:00:00.005807 OS Release: 5.3.0-53-generic
00:00:00.005811 OS Version: #47~18.04.1-Ubuntu SMP Thu May 7 13:10:50 UTC 2020
00:00:00.005859 DMI Product Name: 20LTS68N00
00:00:00.005881 DMI Product Version: ThinkPad L480
00:00:00.005894 Firmware type: UEFI
00:00:00.006836 Secure Boot: Disabled
00:00:00.006972 Host RAM: 15908MB (15.5GB) total, 12588MB (12.2GB) available
00:00:00.006981 Executable: /usr/lib/virtualbox/VBoxNetDHCP
00:00:00.006983 Process ID: 15080
00:00:00.006985 Package type: LINUX_64BITS_UBUNTU_18_04
00:00:00.007034 --config:  HostInterfaceNetworking-vboxnet0
00:00:00.007044 --comment: HostInterfaceNetworking-vboxnet0
00:00:00.007357 IP address:   10.11.12.2/24
00:00:00.007375 Address pool: 10.11.12.3 - 10.11.12.254
00:00:00.007434 MAC address is not specified: will use generated MAC 08:00:27:ec:3f:d8
00:00:00.007450 Db::i_enterFixedAddressAssignment: 08:00:27:ec:3f:d8: 10.11.12.2
00:00:00.007464 loading leases from /home/quickdev/.config/VirtualBox/HostInterfaceNetworking-vboxnet0-Dhcpd.leases
00:00:00.007639 Runtime error opening '/home/quickdev/.config/VirtualBox/HostInterfaceNetworking-vboxnet0-Dhcpd.leases' for reading: -102 (File not found.)
00:19:32.417006 ifWait failed: VERR_INTERRUPTED
