Starting linting the current package at /home/quickdev/go/src/github.com/gauravgahlot/tink/informers
/home/quickdev/go/src/github.com/gauravgahlot/tink/informers>Finished running tool: /home/quickdev/go/bin/golint

Starting linting the current package at /home/quickdev/go/src/github.com/gauravgahlot/tink/grpc-server
/home/quickdev/go/src/github.com/gauravgahlot/tink/grpc-server>Finished running tool: /home/quickdev/go/bin/golint

Starting linting the current package at /home/quickdev/go/src/github.com/gauravgahlot/tink/grpc-server
/home/quickdev/go/src/github.com/gauravgahlot/tink/grpc-server>Finished running tool: /home/quickdev/go/bin/golint

Starting linting the current package at /home/quickdev/go/src/github.com/gauravgahlot/tink/grpc-server
/home/quickdev/go/src/github.com/gauravgahlot/tink/grpc-server>Finished running tool: /home/quickdev/go/bin/golint

Starting linting the current package at /home/quickdev/go/src/github.com/gauravgahlot/tink/grpc-server
/home/quickdev/go/src/github.com/gauravgahlot/tink/grpc-server>Finished running tool: /home/quickdev/go/bin/golint

Starting linting the current package at /home/quickdev/go/src/github.com/gauravgahlot/tink/grpc-server
/home/quickdev/go/src/github.com/gauravgahlot/tink/grpc-server>Finished running tool: /home/quickdev/go/bin/golint

Starting linting the current package at /home/quickdev/go/src/github.com/gauravgahlot/tink/grpc-server
/home/quickdev/go/src/github.com/gauravgahlot/tink/grpc-server>Finished running tool: /home/quickdev/go/bin/golint

Starting linting the current package at /home/quickdev/go/src/github.com/gauravgahlot/tink/grpc-server
/home/quickdev/go/src/github.com/gauravgahlot/tink/grpc-server>Finished running tool: /home/quickdev/go/bin/golint

Starting linting the current package at /home/quickdev/go/src/github.com/gauravgahlot/tink/grpc-server
/home/quickdev/go/src/github.com/gauravgahlot/tink/grpc-server>Finished running tool: /home/quickdev/go/bin/golint

Starting linting the current package at /home/quickdev/go/src/github.com/gauravgahlot/tink/grpc-server
/home/quickdev/go/src/github.com/gauravgahlot/tink/grpc-server>Finished running tool: /home/quickdev/go/bin/golint

Starting linting the current package at /home/quickdev/go/src/github.com/gauravgahlot/tink/grpc-server
/home/quickdev/go/src/github.com/gauravgahlot/tink/grpc-server>Finished running tool: /home/quickdev/go/bin/golint

Starting linting the current package at /home/quickdev/go/src/github.com/gauravgahlot/tink/grpc-server
/home/quickdev/go/src/github.com/gauravgahlot/tink/grpc-server>Finished running tool: /home/quickdev/go/bin/golint

Starting linting the current package at /home/quickdev/go/src/github.com/gauravgahlot/tink/grpc-server
/home/quickdev/go/src/github.com/gauravgahlot/tink/grpc-server>Finished running tool: /home/quickdev/go/bin/golint

Starting linting the current package at /home/quickdev/go/src/github.com/gauravgahlot/tink/grpc-server
/home/quickdev/go/src/github.com/gauravgahlot/tink/grpc-server>Finished running tool: /home/quickdev/go/bin/golint

Starting linting the current package at /home/quickdev/go/src/github.com/gauravgahlot/tink/grpc-server
/home/quickdev/go/src/github.com/gauravgahlot/tink/grpc-server>Finished running tool: /home/quickdev/go/bin/golint

Starting linting the current package at /home/quickdev/go/src/github.com/gauravgahlot/tink/grpc-server
/home/quickdev/go/src/github.com/gauravgahlot/tink/grpc-server>Finished running tool: /home/quickdev/go/bin/golint

Starting linting the current package at /home/quickdev/go/src/github.com/gauravgahlot/tink/grpc-server
/home/quickdev/go/src/github.com/gauravgahlot/tink/grpc-server>Finished running tool: /home/quickdev/go/bin/golint

Starting linting the current package at /home/quickdev/go/src/github.com/gauravgahlot/tink/grpc-server
/home/quickdev/go/src/github.com/gauravgahlot/tink/grpc-server>Finished running tool: /home/quickdev/go/bin/golint

Starting linting the current package at /home/quickdev/go/src/github.com/gauravgahlot/tink/grpc-server
/home/quickdev/go/src/github.com/gauravgahlot/tink/grpc-server>Finished running tool: /home/quickdev/go/bin/golint

Starting linting the current package at /home/quickdev/go/src/github.com/gauravgahlot/tink/grpc-server
/home/quickdev/go/src/github.com/gauravgahlot/tink/grpc-server>Finished running tool: /home/quickdev/go/bin/golint

Starting linting the current package at /home/quickdev/go/src/github.com/gauravgahlot/tink/db
/home/quickdev/go/src/github.com/gauravgahlot/tink/db>Finished running tool: /home/quickdev/go/bin/golint

Starting linting the current package at /home/quickdev/go/src/github.com/gauravgahlot/tink/db
/home/quickdev/go/src/github.com/gauravgahlot/tink/db>Finished running tool: /home/quickdev/go/bin/golint
/home/quickdev/go/src/github.com/gauravgahlot/tink/db/events.go:3: exported method TinkDB.GetEvents should have comment or be unexported

Starting linting the current package at /home/quickdev/go/src/github.com/gauravgahlot/tink/db
/home/quickdev/go/src/github.com/gauravgahlot/tink/db>Finished running tool: /home/quickdev/go/bin/golint
/home/quickdev/go/src/github.com/gauravgahlot/tink/db/events.go:3: exported method TinkDB.GetEvents should have comment or be unexported

Starting linting the current package at /home/quickdev/go/src/github.com/gauravgahlot/tink/db
/home/quickdev/go/src/github.com/gauravgahlot/tink/db>Finished running tool: /home/quickdev/go/bin/golint

Starting linting the current package at /home/quickdev/go/src/github.com/gauravgahlot/tink/db
/home/quickdev/go/src/github.com/gauravgahlot/tink/db>Finished running tool: /home/quickdev/go/bin/golint

Starting linting the current package at /home/quickdev/go/src/github.com/gauravgahlot/tink/db
/home/quickdev/go/src/github.com/gauravgahlot/tink/db>Finished running tool: /home/quickdev/go/bin/golint

Starting linting the current package at /home/quickdev/go/src/github.com/gauravgahlot/tink/db
/home/quickdev/go/src/github.com/gauravgahlot/tink/db>Finished running tool: /home/quickdev/go/bin/golint

Starting linting the current package at /home/quickdev/go/src/github.com/gauravgahlot/tink/db
/home/quickdev/go/src/github.com/gauravgahlot/tink/db>Finished running tool: /home/quickdev/go/bin/golint

Starting linting the current package at /home/quickdev/go/src/github.com/gauravgahlot/tink/db
/home/quickdev/go/src/github.com/gauravgahlot/tink/db>Finished running tool: /home/quickdev/go/bin/golint

Starting linting the current package at /home/quickdev/go/src/github.com/gauravgahlot/tink/db
/home/quickdev/go/src/github.com/gauravgahlot/tink/db>Finished running tool: /home/quickdev/go/bin/golint

Starting linting the current package at /home/quickdev/go/src/github.com/gauravgahlot/tink/db
/home/quickdev/go/src/github.com/gauravgahlot/tink/db>Finished running tool: /home/quickdev/go/bin/golint

Starting linting the current package at /home/quickdev/go/src/github.com/gauravgahlot/tink/db
/home/quickdev/go/src/github.com/gauravgahlot/tink/db>Finished running tool: /home/quickdev/go/bin/golint

Starting linting the current package at /home/quickdev/go/src/github.com/gauravgahlot/tink/db
/home/quickdev/go/src/github.com/gauravgahlot/tink/db>Finished running tool: /home/quickdev/go/bin/golint

Starting linting the current package at /home/quickdev/go/src/github.com/gauravgahlot/tink/informers
/home/quickdev/go/src/github.com/gauravgahlot/tink/informers>Finished running tool: /home/quickdev/go/bin/golint
/home/quickdev/go/src/github.com/gauravgahlot/tink/informers/informer.go:23: exported type Notification should have comment or be unexported

Starting linting the current package at /home/quickdev/go/src/github.com/gauravgahlot/tink/informers
/home/quickdev/go/src/github.com/gauravgahlot/tink/informers>Finished running tool: /home/quickdev/go/bin/golint

Starting linting the current package at /home/quickdev/go/src/github.com/gauravgahlot/tink/informers
/home/quickdev/go/src/github.com/gauravgahlot/tink/informers>Finished running tool: /home/quickdev/go/bin/golint

Starting linting the current package at /home/quickdev/go/src/github.com/gauravgahlot/tink/informers
/home/quickdev/go/src/github.com/gauravgahlot/tink/informers>Finished running tool: /home/quickdev/go/bin/golint

Starting linting the current package at /home/quickdev/go/src/github.com/gauravgahlot/tink/db
/home/quickdev/go/src/github.com/gauravgahlot/tink/db>Finished running tool: /home/quickdev/go/bin/golint

Starting linting the current package at /home/quickdev/go/src/github.com/gauravgahlot/tink/db
/home/quickdev/go/src/github.com/gauravgahlot/tink/db>Finished running tool: /home/quickdev/go/bin/golint

Starting linting the current package at /home/quickdev/go/src/github.com/gauravgahlot/tink/db
/home/quickdev/go/src/github.com/gauravgahlot/tink/db>Finished running tool: /home/quickdev/go/bin/golint

Starting linting the current package at /home/quickdev/go/src/github.com/gauravgahlot/tink/db
/home/quickdev/go/src/github.com/gauravgahlot/tink/db>Finished running tool: /home/quickdev/go/bin/golint

Starting linting the current package at /home/quickdev/go/src/github.com/gauravgahlot/tink/db
/home/quickdev/go/src/github.com/gauravgahlot/tink/db>Finished running tool: /home/quickdev/go/bin/golint

Starting linting the current package at /home/quickdev/go/src/github.com/gauravgahlot/tink/db
/home/quickdev/go/src/github.com/gauravgahlot/tink/db>Finished running tool: /home/quickdev/go/bin/golint

Starting linting the current package at /home/quickdev/go/src/github.com/gauravgahlot/tink/db
/home/quickdev/go/src/github.com/gauravgahlot/tink/db>Finished running tool: /home/quickdev/go/bin/golint

Starting linting the current package at /home/quickdev/go/src/github.com/gauravgahlot/tink/db
/home/quickdev/go/src/github.com/gauravgahlot/tink/db>Finished running tool: /home/quickdev/go/bin/golint

Starting linting the current package at /home/quickdev/go/src/github.com/gauravgahlot/tink/db
/home/quickdev/go/src/github.com/gauravgahlot/tink/db>Finished running tool: /home/quickdev/go/bin/golint

Starting linting the current package at /home/quickdev/go/src/github.com/gauravgahlot/tink/grpc-server
/home/quickdev/go/src/github.com/gauravgahlot/tink/grpc-server>Finished running tool: /home/quickdev/go/bin/golint

Starting linting the current package at /home/quickdev/go/src/github.com/gauravgahlot/tink/db
/home/quickdev/go/src/github.com/gauravgahlot/tink/db>Finished running tool: /home/quickdev/go/bin/golint

Starting linting the current package at /home/quickdev/go/src/github.com/gauravgahlot/tink/db
/home/quickdev/go/src/github.com/gauravgahlot/tink/db>Finished running tool: /home/quickdev/go/bin/golint

Starting linting the current package at /home/quickdev/go/src/github.com/gauravgahlot/tink/grpc-server
/home/quickdev/go/src/github.com/gauravgahlot/tink/grpc-server>Finished running tool: /home/quickdev/go/bin/golint

Starting linting the current package at /home/quickdev/go/src/github.com/gauravgahlot/tink/db
/home/quickdev/go/src/github.com/gauravgahlot/tink/db>Finished running tool: /home/quickdev/go/bin/golint

Starting linting the current package at /home/quickdev/go/src/github.com/gauravgahlot/tink/grpc-server
/home/quickdev/go/src/github.com/gauravgahlot/tink/grpc-server>Finished running tool: /home/quickdev/go/bin/golint

Starting linting the current package at /home/quickdev/go/src/github.com/gauravgahlot/tink/grpc-server
/home/quickdev/go/src/github.com/gauravgahlot/tink/grpc-server>Finished running tool: /home/quickdev/go/bin/golint

Starting linting the current package at /home/quickdev/go/src/github.com/gauravgahlot/tink/grpc-server
/home/quickdev/go/src/github.com/gauravgahlot/tink/grpc-server>Finished running tool: /home/quickdev/go/bin/golint

Starting linting the current package at /home/quickdev/go/src/github.com/gauravgahlot/tink/informers
/home/quickdev/go/src/github.com/gauravgahlot/tink/informers>Finished running tool: /home/quickdev/go/bin/golint

Starting linting the current package at /home/quickdev/go/src/github.com/gauravgahlot/tink/informers
/home/quickdev/go/src/github.com/gauravgahlot/tink/informers>Finished running tool: /home/quickdev/go/bin/golint

Starting linting the current package at /home/quickdev/go/src/github.com/gauravgahlot/tink/informers
/home/quickdev/go/src/github.com/gauravgahlot/tink/informers>Finished running tool: /home/quickdev/go/bin/golint

Starting linting the current package at /home/quickdev/go/src/github.com/gauravgahlot/tink/informers
/home/quickdev/go/src/github.com/gauravgahlot/tink/informers>Finished running tool: /home/quickdev/go/bin/golint

Starting linting the current package at /home/quickdev/go/src/github.com/gauravgahlot/tink/informers
/home/quickdev/go/src/github.com/gauravgahlot/tink/informers>Finished running tool: /home/quickdev/go/bin/golint

