[2020-10-01 10:48:30.467] [exthost] [info] extension host started
[2020-10-01 10:48:30.497] [exthost] [info] ExtensionService#_doActivateExtension golang.go {"startup":false,"extensionId":{"value":"golang.go","_lower":"golang.go"},"activationEvent":"onLanguage:go"}
[2020-10-01 10:48:30.498] [exthost] [info] ExtensionService#loadCommonJSModule file:///home/quickdev/.vscode/extensions/golang.go-0.15.2/out/src/goMain
[2020-10-01 10:48:30.778] [exthost] [info] ExtensionService#_doActivateExtension vscode.debug-auto-launch {"startup":true,"extensionId":{"value":"vscode.debug-auto-launch","_lower":"vscode.debug-auto-launch"},"activationEvent":"*"}
[2020-10-01 10:48:30.778] [exthost] [info] ExtensionService#loadCommonJSModule file:///usr/share/code/resources/app/extensions/debug-auto-launch/dist/extension
[2020-10-01 10:48:30.780] [exthost] [info] ExtensionService#_doActivateExtension vscode.emmet {"startup":true,"extensionId":{"value":"vscode.emmet","_lower":"vscode.emmet"},"activationEvent":"*"}
[2020-10-01 10:48:30.780] [exthost] [info] ExtensionService#loadCommonJSModule file:///usr/share/code/resources/app/extensions/emmet/dist/extension
[2020-10-01 10:48:30.787] [exthost] [info] ExtensionService#_doActivateExtension vscode.git {"startup":true,"extensionId":{"value":"vscode.git","_lower":"vscode.git"},"activationEvent":"*"}
[2020-10-01 10:48:30.787] [exthost] [info] ExtensionService#loadCommonJSModule file:///usr/share/code/resources/app/extensions/git/dist/main
[2020-10-01 10:48:30.831] [exthost] [info] ExtensionService#_doActivateExtension vscode.github-authentication {"startup":true,"extensionId":{"value":"vscode.github-authentication","_lower":"vscode.github-authentication"},"activationEvent":"*"}
[2020-10-01 10:48:30.831] [exthost] [info] ExtensionService#loadCommonJSModule file:///usr/share/code/resources/app/extensions/github-authentication/dist/extension.js
[2020-10-01 10:48:30.833] [exthost] [info] ExtensionService#_doActivateExtension vscode.merge-conflict {"startup":true,"extensionId":{"value":"vscode.merge-conflict","_lower":"vscode.merge-conflict"},"activationEvent":"*"}
[2020-10-01 10:48:30.833] [exthost] [info] ExtensionService#loadCommonJSModule file:///usr/share/code/resources/app/extensions/merge-conflict/dist/extension
[2020-10-01 10:48:30.834] [exthost] [info] ExtensionService#_doActivateExtension vscode.search-result {"startup":true,"extensionId":{"value":"vscode.search-result","_lower":"vscode.search-result"},"activationEvent":"*"}
[2020-10-01 10:48:30.834] [exthost] [info] ExtensionService#loadCommonJSModule file:///usr/share/code/resources/app/extensions/search-result/dist/extension.js
[2020-10-01 10:48:30.835] [exthost] [info] ExtensionService#_doActivateExtension vscode.vscode-account {"startup":true,"extensionId":{"value":"vscode.vscode-account","_lower":"vscode.vscode-account"},"activationEvent":"*"}
[2020-10-01 10:48:30.835] [exthost] [info] ExtensionService#loadCommonJSModule file:///usr/share/code/resources/app/extensions/vscode-account/dist/extension.js
[2020-10-01 10:48:30.837] [exthost] [info] ExtensionService#_doActivateExtension eamodio.gitlens {"startup":true,"extensionId":{"value":"eamodio.gitlens","_lower":"eamodio.gitlens"},"activationEvent":"*"}
[2020-10-01 10:48:30.837] [exthost] [info] ExtensionService#loadCommonJSModule file:///home/quickdev/.vscode/extensions/eamodio.gitlens-10.2.2/dist/extension
[2020-10-01 10:48:30.854] [exthost] [info] ExtensionService#_doActivateExtension EditorConfig.EditorConfig {"startup":true,"extensionId":{"value":"EditorConfig.EditorConfig","_lower":"editorconfig.editorconfig"},"activationEvent":"*"}
[2020-10-01 10:48:30.854] [exthost] [info] ExtensionService#loadCommonJSModule file:///home/quickdev/.vscode/extensions/editorconfig.editorconfig-0.15.1/out/editorConfigMain.js
[2020-10-01 10:48:30.864] [exthost] [info] ExtensionService#_doActivateExtension esbenp.prettier-vscode {"startup":true,"extensionId":{"value":"esbenp.prettier-vscode","_lower":"esbenp.prettier-vscode"},"activationEvent":"*"}
[2020-10-01 10:48:30.864] [exthost] [info] ExtensionService#loadCommonJSModule file:///home/quickdev/.vscode/extensions/esbenp.prettier-vscode-5.5.0/dist/extension
[2020-10-01 10:48:31.098] [exthost] [info] eager extensions activated
[2020-10-01 11:29:45.310] [exthost] [info] ExtensionService#_doActivateExtension redhat.vscode-yaml {"startup":false,"extensionId":{"value":"redhat.vscode-yaml","_lower":"redhat.vscode-yaml"},"activationEvent":"onLanguage:yaml"}
[2020-10-01 11:29:45.311] [exthost] [info] ExtensionService#loadCommonJSModule file:///home/quickdev/.vscode/extensions/redhat.vscode-yaml-0.11.1/out/src/extension
[2020-10-01 11:29:47.595] [exthost] [info] ExtensionService#_doActivateExtension ms-azuretools.vscode-docker {"startup":false,"extensionId":{"value":"ms-azuretools.vscode-docker","_lower":"ms-azuretools.vscode-docker"},"activationEvent":"onLanguage:yaml"}
[2020-10-01 11:29:47.595] [exthost] [info] ExtensionService#loadCommonJSModule file:///home/quickdev/.vscode/extensions/ms-azuretools.vscode-docker-1.1.0/main
[2020-10-01 11:49:51.471] [exthost] [error] [golang.go] provider FAILED
[2020-10-01 11:49:51.473] [exthost] [error] Error: Illegal argument: range
	at Object.t.illegalArgument (/usr/share/code/resources/app/out/vs/workbench/services/extensions/node/extensionHostProcess.js:11:190)
	at new ie (/usr/share/code/resources/app/out/vs/workbench/services/extensions/node/extensionHostProcess.js:392:819)
	at new ie (/usr/share/code/resources/app/out/vs/workbench/services/extensions/node/extensionHostProcess.js:375:558)
	at new ProtocolDocumentLink (/home/quickdev/.vscode/extensions/golang.go-0.15.2/node_modules/vscode-languageclient/lib/protocolDocumentLink.js:10:9)
	at asDocumentLink (/home/quickdev/.vscode/extensions/golang.go-0.15.2/node_modules/vscode-languageclient/lib/protocolConverter.js:591:20)
	at Array.map (<anonymous>)
	at asDocumentLinks (/home/quickdev/.vscode/extensions/golang.go-0.15.2/node_modules/vscode-languageclient/lib/protocolConverter.js:604:22)
[2020-10-01 16:25:15.492] [exthost] [info] ExtensionService#_doActivateExtension vscode.configuration-editing {"startup":false,"extensionId":{"value":"vscode.configuration-editing","_lower":"vscode.configuration-editing"},"activationEvent":"onLanguage:jsonc"}
[2020-10-01 16:25:15.492] [exthost] [info] ExtensionService#loadCommonJSModule file:///usr/share/code/resources/app/extensions/configuration-editing/dist/extension
[2020-10-01 16:25:15.500] [exthost] [info] ExtensionService#_doActivateExtension vscode.json-language-features {"startup":false,"extensionId":{"value":"vscode.json-language-features","_lower":"vscode.json-language-features"},"activationEvent":"onLanguage:jsonc"}
[2020-10-01 16:25:15.500] [exthost] [info] ExtensionService#loadCommonJSModule file:///usr/share/code/resources/app/extensions/json-language-features/client/dist/jsonMain
[2020-10-01 16:25:15.509] [exthost] [info] ExtensionService#_doActivateExtension vscode.typescript-language-features {"startup":false,"extensionId":{"value":"vscode.typescript-language-features","_lower":"vscode.typescript-language-features"},"activationEvent":"onLanguage:jsonc"}
[2020-10-01 16:25:15.509] [exthost] [info] ExtensionService#loadCommonJSModule file:///usr/share/code/resources/app/extensions/typescript-language-features/dist/extension
