Looking for git in: git
Using git 2.17.1 from git
> git rev-parse --show-toplevel
> git rev-parse --git-dir
Open repository: /home/quickdev/go/src/github.com/gauravgahlot/tink
> git status -z -u
> git symbolic-ref --short HEAD
> git rev-parse event-driven-tink
> git rev-parse --symbolic-full-name event-driven-tink@{u}
> git rev-list --left-right event-driven-tink...refs/remotes/origin/event-driven-tink
> git show :informers/factory.go
> git ls-files --stage -- /home/quickdev/go/src/github.com/gauravgahlot/tink/informers/factory.go
> git cat-file -s 92c697fbd0dfd2c36419f031359286d70486bbcd
> git for-each-ref --format %(refname) %(objectname) --sort -committerdate
> git remote --verbose
> git check-ignore -v -z --stdin
> git config --get commit.template
> git check-ignore -v -z --stdin
> git check-ignore -v -z --stdin
> git show :grpc-server/events.go
> git ls-files --stage -- /home/quickdev/go/src/github.com/gauravgahlot/tink/grpc-server/events.go
> git cat-file -s d2b547850dd91dce6e1dc7aa53f58e21ea0e2a4e
> git show :grpc-server/coverage.out
> git ls-files --stage -- /home/quickdev/go/src/github.com/gauravgahlot/tink/grpc-server/coverage.out
> git show :informers/factory.go
> git ls-files --stage -- /home/quickdev/go/src/github.com/gauravgahlot/tink/informers/factory.go
> git cat-file -s 92c697fbd0dfd2c36419f031359286d70486bbcd
> git status -z -u
> git symbolic-ref --short HEAD
> git rev-parse event-driven-tink
> git rev-parse --symbolic-full-name event-driven-tink@{u}
> git rev-list --left-right event-driven-tink...refs/remotes/origin/event-driven-tink
> git for-each-ref --format %(refname) %(objectname) --sort -committerdate
> git remote --verbose
> git config --get commit.template
> git show :grpc-server/events.go
> git ls-files --stage -- /home/quickdev/go/src/github.com/gauravgahlot/tink/grpc-server/events.go
> git cat-file -s d2b547850dd91dce6e1dc7aa53f58e21ea0e2a4e
> git status -z -u
> git symbolic-ref --short HEAD
> git rev-parse event-driven-tink
> git rev-parse --symbolic-full-name event-driven-tink@{u}
> git rev-list --left-right event-driven-tink...refs/remotes/origin/event-driven-tink
> git for-each-ref --format %(refname) %(objectname) --sort -committerdate
> git remote --verbose
> git config --get commit.template
> git status -z -u
> git symbolic-ref --short HEAD
> git rev-parse event-driven-tink
> git rev-parse --symbolic-full-name event-driven-tink@{u}
> git rev-list --left-right event-driven-tink...refs/remotes/origin/event-driven-tink
> git for-each-ref --format %(refname) %(objectname) --sort -committerdate
> git remote --verbose
> git config --get commit.template
> git check-ignore -v -z --stdin
> git show HEAD:grpc-server/events.go
> git ls-tree -l HEAD -- /home/quickdev/go/src/github.com/gauravgahlot/tink/grpc-server/events.go
> git status -z -u
> git symbolic-ref --short HEAD
> git rev-parse event-driven-tink
> git rev-parse --symbolic-full-name event-driven-tink@{u}
> git rev-list --left-right event-driven-tink...refs/remotes/origin/event-driven-tink
> git for-each-ref --format %(refname) %(objectname) --sort -committerdate
> git remote --verbose
> git config --get commit.template
> git show :grpc-server/events.go
> git ls-files --stage -- /home/quickdev/go/src/github.com/gauravgahlot/tink/grpc-server/events.go
> git cat-file -s d2b547850dd91dce6e1dc7aa53f58e21ea0e2a4e
> git status -z -u
> git symbolic-ref --short HEAD
> git rev-parse event-driven-tink
> git rev-parse --symbolic-full-name event-driven-tink@{u}
> git rev-list --left-right event-driven-tink...refs/remotes/origin/event-driven-tink
> git for-each-ref --format %(refname) %(objectname) --sort -committerdate
> git remote --verbose
> git config --get commit.template
> git status -z -u
> git symbolic-ref --short HEAD
> git rev-parse event-driven-tink
> git rev-parse --symbolic-full-name event-driven-tink@{u}
> git rev-list --left-right event-driven-tink...refs/remotes/origin/event-driven-tink
> git for-each-ref --format %(refname) %(objectname) --sort -committerdate
> git remote --verbose
> git config --get commit.template
> git status -z -u
> git symbolic-ref --short HEAD
> git rev-parse event-driven-tink
> git rev-parse --symbolic-full-name event-driven-tink@{u}
> git rev-list --left-right event-driven-tink...refs/remotes/origin/event-driven-tink
> git for-each-ref --format %(refname) %(objectname) --sort -committerdate
> git remote --verbose
> git config --get commit.template
> git status -z -u
> git symbolic-ref --short HEAD
> git rev-parse event-driven-tink
> git rev-parse --symbolic-full-name event-driven-tink@{u}
> git rev-list --left-right event-driven-tink...refs/remotes/origin/event-driven-tink
> git for-each-ref --format %(refname) %(objectname) --sort -committerdate
> git remote --verbose
> git config --get commit.template
> git status -z -u
> git symbolic-ref --short HEAD
> git rev-parse event-driven-tink
> git rev-parse --symbolic-full-name event-driven-tink@{u}
> git rev-list --left-right event-driven-tink...refs/remotes/origin/event-driven-tink
> git for-each-ref --format %(refname) %(objectname) --sort -committerdate
> git remote --verbose
> git config --get commit.template
> git status -z -u
> git symbolic-ref --short HEAD
> git rev-parse event-driven-tink
> git rev-parse --symbolic-full-name event-driven-tink@{u}
> git rev-list --left-right event-driven-tink...refs/remotes/origin/event-driven-tink
> git for-each-ref --format %(refname) %(objectname) --sort -committerdate
> git remote --verbose
> git config --get commit.template
> git status -z -u
> git symbolic-ref --short HEAD
> git rev-parse event-driven-tink
> git rev-parse --symbolic-full-name event-driven-tink@{u}
> git rev-list --left-right event-driven-tink...refs/remotes/origin/event-driven-tink
> git for-each-ref --format %(refname) %(objectname) --sort -committerdate
> git remote --verbose
> git config --get commit.template
> git status -z -u
> git symbolic-ref --short HEAD
> git rev-parse event-driven-tink
> git rev-parse --symbolic-full-name event-driven-tink@{u}
> git rev-list --left-right event-driven-tink...refs/remotes/origin/event-driven-tink
> git for-each-ref --format %(refname) %(objectname) --sort -committerdate
> git remote --verbose
> git config --get commit.template
> git status -z -u
> git symbolic-ref --short HEAD
> git rev-parse event-driven-tink
> git rev-parse --symbolic-full-name event-driven-tink@{u}
> git rev-list --left-right event-driven-tink...refs/remotes/origin/event-driven-tink
> git for-each-ref --format %(refname) %(objectname) --sort -committerdate
> git remote --verbose
> git config --get commit.template
> git status -z -u
> git symbolic-ref --short HEAD
> git rev-parse event-driven-tink
> git rev-parse --symbolic-full-name event-driven-tink@{u}
> git rev-list --left-right event-driven-tink...refs/remotes/origin/event-driven-tink
> git for-each-ref --format %(refname) %(objectname) --sort -committerdate
> git remote --verbose
> git config --get commit.template
> git status -z -u
> git symbolic-ref --short HEAD
> git rev-parse event-driven-tink
> git rev-parse --symbolic-full-name event-driven-tink@{u}
> git rev-list --left-right event-driven-tink...refs/remotes/origin/event-driven-tink
> git for-each-ref --format %(refname) %(objectname) --sort -committerdate
> git remote --verbose
> git config --get commit.template
> git status -z -u
> git symbolic-ref --short HEAD
> git rev-parse event-driven-tink
> git rev-parse --symbolic-full-name event-driven-tink@{u}
> git rev-list --left-right event-driven-tink...refs/remotes/origin/event-driven-tink
> git for-each-ref --format %(refname) %(objectname) --sort -committerdate
> git remote --verbose
> git config --get commit.template
> git status -z -u
> git symbolic-ref --short HEAD
> git rev-parse event-driven-tink
> git rev-parse --symbolic-full-name event-driven-tink@{u}
> git rev-list --left-right event-driven-tink...refs/remotes/origin/event-driven-tink
> git for-each-ref --format %(refname) %(objectname) --sort -committerdate
> git remote --verbose
> git config --get commit.template
> git status -z -u
> git symbolic-ref --short HEAD
> git rev-parse event-driven-tink
> git rev-parse --symbolic-full-name event-driven-tink@{u}
> git rev-list --left-right event-driven-tink...refs/remotes/origin/event-driven-tink
> git for-each-ref --format %(refname) %(objectname) --sort -committerdate
> git remote --verbose
> git config --get commit.template
> git status -z -u
> git symbolic-ref --short HEAD
> git rev-parse event-driven-tink
> git rev-parse --symbolic-full-name event-driven-tink@{u}
> git rev-list --left-right event-driven-tink...refs/remotes/origin/event-driven-tink
> git for-each-ref --format %(refname) %(objectname) --sort -committerdate
> git remote --verbose
> git config --get commit.template
> git show :grpc-server/template.go
> git ls-files --stage -- /home/quickdev/go/src/github.com/gauravgahlot/tink/grpc-server/template.go
> git cat-file -s 0bc6c09be7486e3ac45809a6c81ca1518e18f0c4
> git show :grpc-server/events.go
> git ls-files --stage -- /home/quickdev/go/src/github.com/gauravgahlot/tink/grpc-server/events.go
> git cat-file -s d2b547850dd91dce6e1dc7aa53f58e21ea0e2a4e
> git check-ignore -v -z --stdin
> git show :db/hardware.go
> git ls-files --stage -- /home/quickdev/go/src/github.com/gauravgahlot/tink/db/hardware.go
> git cat-file -s 360600f1bc040a24b47af98740deac61d8ec5f07
> git show :db/events.go
> git ls-files --stage -- /home/quickdev/go/src/github.com/gauravgahlot/tink/db/events.go
> git check-ignore -v -z --stdin
> git status -z -u
> git symbolic-ref --short HEAD
> git rev-parse event-driven-tink
> git rev-parse --symbolic-full-name event-driven-tink@{u}
> git rev-list --left-right event-driven-tink...refs/remotes/origin/event-driven-tink
> git for-each-ref --format %(refname) %(objectname) --sort -committerdate
> git remote --verbose
> git config --get commit.template
> git show :db/template.go
> git ls-files --stage -- /home/quickdev/go/src/github.com/gauravgahlot/tink/db/template.go
> git cat-file -s 9e2f07acfc3a6ff6b28fa6e345b61832b4458d68
> git show :db/events.go
> git ls-files --stage -- /home/quickdev/go/src/github.com/gauravgahlot/tink/db/events.go
> git status -z -u
> git symbolic-ref --short HEAD
> git rev-parse event-driven-tink
> git rev-parse --symbolic-full-name event-driven-tink@{u}
> git rev-list --left-right event-driven-tink...refs/remotes/origin/event-driven-tink
> git for-each-ref --format %(refname) %(objectname) --sort -committerdate
> git remote --verbose
> git config --get commit.template
> git status -z -u
> git symbolic-ref --short HEAD
> git rev-parse event-driven-tink
> git rev-parse --symbolic-full-name event-driven-tink@{u}
> git rev-list --left-right event-driven-tink...refs/remotes/origin/event-driven-tink
> git for-each-ref --format %(refname) %(objectname) --sort -committerdate
> git remote --verbose
> git config --get commit.template
> git status -z -u
> git symbolic-ref --short HEAD
> git rev-parse event-driven-tink
> git rev-parse --symbolic-full-name event-driven-tink@{u}
> git rev-list --left-right event-driven-tink...refs/remotes/origin/event-driven-tink
> git for-each-ref --format %(refname) %(objectname) --sort -committerdate
> git remote --verbose
> git config --get commit.template
> git status -z -u
> git symbolic-ref --short HEAD
> git rev-parse event-driven-tink
> git rev-parse --symbolic-full-name event-driven-tink@{u}
> git rev-list --left-right event-driven-tink...refs/remotes/origin/event-driven-tink
> git for-each-ref --format %(refname) %(objectname) --sort -committerdate
> git remote --verbose
> git config --get commit.template
> git status -z -u
> git symbolic-ref --short HEAD
> git rev-parse event-driven-tink
> git rev-parse --symbolic-full-name event-driven-tink@{u}
> git rev-list --left-right event-driven-tink...refs/remotes/origin/event-driven-tink
> git for-each-ref --format %(refname) %(objectname) --sort -committerdate
> git remote --verbose
> git config --get commit.template
> git check-ignore -v -z --stdin
> git check-ignore -v -z --stdin
> git show :deploy/db/tinkerbell-init.sql
> git ls-files --stage -- /home/quickdev/go/src/github.com/gauravgahlot/tink/deploy/db/tinkerbell-init.sql
> git cat-file -s f29da3d8937b2fb5d155753c35abb72832eb6575
> git status -z -u
> git symbolic-ref --short HEAD
> git rev-parse event-driven-tink
> git rev-parse --symbolic-full-name event-driven-tink@{u}
> git rev-list --left-right event-driven-tink...refs/remotes/origin/event-driven-tink
> git for-each-ref --format %(refname) %(objectname) --sort -committerdate
> git remote --verbose
> git config --get commit.template
> git status -z -u
> git symbolic-ref --short HEAD
> git rev-parse event-driven-tink
> git rev-parse --symbolic-full-name event-driven-tink@{u}
> git rev-list --left-right event-driven-tink...refs/remotes/origin/event-driven-tink
> git for-each-ref --format %(refname) %(objectname) --sort -committerdate
> git remote --verbose
> git config --get commit.template
> git status -z -u
> git symbolic-ref --short HEAD
> git rev-parse event-driven-tink
> git rev-parse --symbolic-full-name event-driven-tink@{u}
> git rev-list --left-right event-driven-tink...refs/remotes/origin/event-driven-tink
> git for-each-ref --format %(refname) %(objectname) --sort -committerdate
> git remote --verbose
> git config --get commit.template
> git status -z -u
> git symbolic-ref --short HEAD
> git rev-parse event-driven-tink
> git rev-parse --symbolic-full-name event-driven-tink@{u}
> git rev-list --left-right event-driven-tink...refs/remotes/origin/event-driven-tink
> git for-each-ref --format %(refname) %(objectname) --sort -committerdate
> git remote --verbose
> git config --get commit.template
> git show :db/template.go
> git ls-files --stage -- /home/quickdev/go/src/github.com/gauravgahlot/tink/db/template.go
> git cat-file -s 9e2f07acfc3a6ff6b28fa6e345b61832b4458d68
> git status -z -u
> git symbolic-ref --short HEAD
> git rev-parse event-driven-tink
> git rev-parse --symbolic-full-name event-driven-tink@{u}
> git rev-list --left-right event-driven-tink...refs/remotes/origin/event-driven-tink
> git for-each-ref --format %(refname) %(objectname) --sort -committerdate
> git remote --verbose
> git config --get commit.template
> git status -z -u
> git symbolic-ref --short HEAD
> git rev-parse event-driven-tink
> git rev-parse --symbolic-full-name event-driven-tink@{u}
> git rev-list --left-right event-driven-tink...refs/remotes/origin/event-driven-tink
> git for-each-ref --format %(refname) %(objectname) --sort -committerdate
> git remote --verbose
> git config --get commit.template
> git status -z -u
> git symbolic-ref --short HEAD
> git rev-parse event-driven-tink
> git rev-parse --symbolic-full-name event-driven-tink@{u}
> git rev-list --left-right event-driven-tink...refs/remotes/origin/event-driven-tink
> git for-each-ref --format %(refname) %(objectname) --sort -committerdate
> git remote --verbose
> git config --get commit.template
> git status -z -u
> git symbolic-ref --short HEAD
> git rev-parse event-driven-tink
> git rev-parse --symbolic-full-name event-driven-tink@{u}
> git rev-list --left-right event-driven-tink...refs/remotes/origin/event-driven-tink
> git for-each-ref --format %(refname) %(objectname) --sort -committerdate
> git remote --verbose
> git config --get commit.template
> git show :deploy/db/tinkerbell-init.sql
> git ls-files --stage -- /home/quickdev/go/src/github.com/gauravgahlot/tink/deploy/db/tinkerbell-init.sql
> git cat-file -s f29da3d8937b2fb5d155753c35abb72832eb6575
> git show :informers/listener.go
> git ls-files --stage -- /home/quickdev/go/src/github.com/gauravgahlot/tink/informers/listener.go
> git cat-file -s b35e9f375fde745b363de66b4f9b76abb3d707cf
> git show :informers/informer.go
> git ls-files --stage -- /home/quickdev/go/src/github.com/gauravgahlot/tink/informers/informer.go
> git cat-file -s 564d4c15ae8dd39d929448b26934fe835aa40562
> git status -z -u
> git symbolic-ref --short HEAD
> git rev-parse event-driven-tink
> git rev-parse --symbolic-full-name event-driven-tink@{u}
> git rev-list --left-right event-driven-tink...refs/remotes/origin/event-driven-tink
> git for-each-ref --format %(refname) %(objectname) --sort -committerdate
> git remote --verbose
> git config --get commit.template
> git status -z -u
> git symbolic-ref --short HEAD
> git rev-parse event-driven-tink
> git rev-parse --symbolic-full-name event-driven-tink@{u}
> git rev-list --left-right event-driven-tink...refs/remotes/origin/event-driven-tink
> git for-each-ref --format %(refname) %(objectname) --sort -committerdate
> git remote --verbose
> git config --get commit.template
> git status -z -u
> git symbolic-ref --short HEAD
> git rev-parse event-driven-tink
> git rev-parse --symbolic-full-name event-driven-tink@{u}
> git rev-list --left-right event-driven-tink...refs/remotes/origin/event-driven-tink
> git for-each-ref --format %(refname) %(objectname) --sort -committerdate
> git remote --verbose
> git config --get commit.template
> git show :informers/listener.go
> git ls-files --stage -- /home/quickdev/go/src/github.com/gauravgahlot/tink/informers/listener.go
> git cat-file -s b35e9f375fde745b363de66b4f9b76abb3d707cf
> git status -z -u
> git symbolic-ref --short HEAD
> git rev-parse event-driven-tink
> git rev-parse --symbolic-full-name event-driven-tink@{u}
> git rev-list --left-right event-driven-tink...refs/remotes/origin/event-driven-tink
> git for-each-ref --format %(refname) %(objectname) --sort -committerdate
> git remote --verbose
> git config --get commit.template
> git show :grpc-server/events.go
> git ls-files --stage -- /home/quickdev/go/src/github.com/gauravgahlot/tink/grpc-server/events.go
> git cat-file -s d2b547850dd91dce6e1dc7aa53f58e21ea0e2a4e
> git show :informers/factory.go
> git ls-files --stage -- /home/quickdev/go/src/github.com/gauravgahlot/tink/informers/factory.go
> git cat-file -s 92c697fbd0dfd2c36419f031359286d70486bbcd
> git show :informers/informer.go
> git ls-files --stage -- /home/quickdev/go/src/github.com/gauravgahlot/tink/informers/informer.go
> git cat-file -s 564d4c15ae8dd39d929448b26934fe835aa40562
> git show :informers/listener.go
> git ls-files --stage -- /home/quickdev/go/src/github.com/gauravgahlot/tink/informers/listener.go
> git cat-file -s b35e9f375fde745b363de66b4f9b76abb3d707cf
> git show :grpc-server/events.go
> git ls-files --stage -- /home/quickdev/go/src/github.com/gauravgahlot/tink/grpc-server/events.go
> git cat-file -s d2b547850dd91dce6e1dc7aa53f58e21ea0e2a4e
> git show :informers/listener.go
> git ls-files --stage -- /home/quickdev/go/src/github.com/gauravgahlot/tink/informers/listener.go
> git cat-file -s b35e9f375fde745b363de66b4f9b76abb3d707cf
> git show :grpc-server/events.go
> git ls-files --stage -- /home/quickdev/go/src/github.com/gauravgahlot/tink/grpc-server/events.go
> git cat-file -s d2b547850dd91dce6e1dc7aa53f58e21ea0e2a4e
> git show :db/events.go
> git ls-files --stage -- /home/quickdev/go/src/github.com/gauravgahlot/tink/db/events.go
> git status -z -u
> git symbolic-ref --short HEAD
> git rev-parse event-driven-tink
> git rev-parse --symbolic-full-name event-driven-tink@{u}
> git rev-list --left-right event-driven-tink...refs/remotes/origin/event-driven-tink
> git for-each-ref --format %(refname) %(objectname) --sort -committerdate
> git remote --verbose
> git config --get commit.template
> git show :informers/informer.go
> git ls-files --stage -- /home/quickdev/go/src/github.com/gauravgahlot/tink/informers/informer.go
> git cat-file -s 564d4c15ae8dd39d929448b26934fe835aa40562
> git status -z -u
> git symbolic-ref --short HEAD
> git rev-parse event-driven-tink
> git rev-parse --symbolic-full-name event-driven-tink@{u}
> git rev-list --left-right event-driven-tink...refs/remotes/origin/event-driven-tink
> git for-each-ref --format %(refname) %(objectname) --sort -committerdate
> git remote --verbose
> git config --get commit.template
> git show :db/events.go
> git ls-files --stage -- /home/quickdev/go/src/github.com/gauravgahlot/tink/db/events.go
> git status -z -u
> git symbolic-ref --short HEAD
> git rev-parse event-driven-tink
> git rev-parse --symbolic-full-name event-driven-tink@{u}
> git rev-list --left-right event-driven-tink...refs/remotes/origin/event-driven-tink
> git for-each-ref --format %(refname) %(objectname) --sort -committerdate
> git remote --verbose
> git config --get commit.template
> git status -z -u
> git symbolic-ref --short HEAD
> git rev-parse event-driven-tink
> git rev-parse --symbolic-full-name event-driven-tink@{u}
> git rev-list --left-right event-driven-tink...refs/remotes/origin/event-driven-tink
> git for-each-ref --format %(refname) %(objectname) --sort -committerdate
> git remote --verbose
> git config --get commit.template
> git status -z -u
> git symbolic-ref --short HEAD
> git rev-parse event-driven-tink
> git rev-parse --symbolic-full-name event-driven-tink@{u}
> git rev-list --left-right event-driven-tink...refs/remotes/origin/event-driven-tink
> git for-each-ref --format %(refname) %(objectname) --sort -committerdate
> git remote --verbose
> git config --get commit.template
> git status -z -u
> git symbolic-ref --short HEAD
> git rev-parse event-driven-tink
> git rev-parse --symbolic-full-name event-driven-tink@{u}
> git rev-list --left-right event-driven-tink...refs/remotes/origin/event-driven-tink
> git for-each-ref --format %(refname) %(objectname) --sort -committerdate
> git remote --verbose
> git config --get commit.template
> git status -z -u
> git symbolic-ref --short HEAD
> git rev-parse event-driven-tink
> git rev-parse --symbolic-full-name event-driven-tink@{u}
> git rev-list --left-right event-driven-tink...refs/remotes/origin/event-driven-tink
> git for-each-ref --format %(refname) %(objectname) --sort -committerdate
> git remote --verbose
> git config --get commit.template
> git show :db/db.go
> git ls-files --stage -- /home/quickdev/go/src/github.com/gauravgahlot/tink/db/db.go
> git cat-file -s 313a32d52ade521a649c17075c8e953009769aa6
> git show :db/events.go
> git ls-files --stage -- /home/quickdev/go/src/github.com/gauravgahlot/tink/db/events.go
> git status -z -u
> git symbolic-ref --short HEAD
> git rev-parse event-driven-tink
> git rev-parse --symbolic-full-name event-driven-tink@{u}
> git rev-list --left-right event-driven-tink...refs/remotes/origin/event-driven-tink
> git for-each-ref --format %(refname) %(objectname) --sort -committerdate
> git remote --verbose
> git config --get commit.template
> git status -z -u
> git symbolic-ref --short HEAD
> git rev-parse event-driven-tink
> git rev-parse --symbolic-full-name event-driven-tink@{u}
> git rev-list --left-right event-driven-tink...refs/remotes/origin/event-driven-tink
> git for-each-ref --format %(refname) %(objectname) --sort -committerdate
> git remote --verbose
> git config --get commit.template
> git status -z -u
> git symbolic-ref --short HEAD
> git rev-parse event-driven-tink
> git rev-parse --symbolic-full-name event-driven-tink@{u}
> git rev-list --left-right event-driven-tink...refs/remotes/origin/event-driven-tink
> git for-each-ref --format %(refname) %(objectname) --sort -committerdate
> git remote --verbose
> git config --get commit.template
> git status -z -u
> git symbolic-ref --short HEAD
> git rev-parse event-driven-tink
> git rev-parse --symbolic-full-name event-driven-tink@{u}
> git rev-list --left-right event-driven-tink...refs/remotes/origin/event-driven-tink
> git for-each-ref --format %(refname) %(objectname) --sort -committerdate
> git remote --verbose
> git config --get commit.template
> git show :grpc-server/events.go
> git ls-files --stage -- /home/quickdev/go/src/github.com/gauravgahlot/tink/grpc-server/events.go
> git cat-file -s d2b547850dd91dce6e1dc7aa53f58e21ea0e2a4e
> git status -z -u
> git symbolic-ref --short HEAD
> git rev-parse event-driven-tink
> git rev-parse --symbolic-full-name event-driven-tink@{u}
> git rev-list --left-right event-driven-tink...refs/remotes/origin/event-driven-tink
> git for-each-ref --format %(refname) %(objectname) --sort -committerdate
> git remote --verbose
> git config --get commit.template
> git show :grpc-server/grpc_server.go
> git ls-files --stage -- /home/quickdev/go/src/github.com/gauravgahlot/tink/grpc-server/grpc_server.go
> git cat-file -s 725175edd959bc22571f3d0267b535736ba99bd0
> git show :db/db.go
> git ls-files --stage -- /home/quickdev/go/src/github.com/gauravgahlot/tink/db/db.go
> git cat-file -s 313a32d52ade521a649c17075c8e953009769aa6
> git status -z -u
> git symbolic-ref --short HEAD
> git rev-parse event-driven-tink
> git rev-parse --symbolic-full-name event-driven-tink@{u}
> git rev-list --left-right event-driven-tink...refs/remotes/origin/event-driven-tink
> git for-each-ref --format %(refname) %(objectname) --sort -committerdate
> git remote --verbose
> git config --get commit.template
> git show :grpc-server/events.go
> git ls-files --stage -- /home/quickdev/go/src/github.com/gauravgahlot/tink/grpc-server/events.go
> git cat-file -s d2b547850dd91dce6e1dc7aa53f58e21ea0e2a4e
> git status -z -u
> git symbolic-ref --short HEAD
> git rev-parse event-driven-tink
> git rev-parse --symbolic-full-name event-driven-tink@{u}
> git rev-list --left-right event-driven-tink...refs/remotes/origin/event-driven-tink
> git for-each-ref --format %(refname) %(objectname) --sort -committerdate
> git remote --verbose
> git config --get commit.template
> git show :db/db.go
> git ls-files --stage -- /home/quickdev/go/src/github.com/gauravgahlot/tink/db/db.go
> git cat-file -s 313a32d52ade521a649c17075c8e953009769aa6
> git status -z -u
> git symbolic-ref --short HEAD
> git rev-parse event-driven-tink
> git rev-parse --symbolic-full-name event-driven-tink@{u}
> git rev-list --left-right event-driven-tink...refs/remotes/origin/event-driven-tink
> git for-each-ref --format %(refname) %(objectname) --sort -committerdate
> git remote --verbose
> git config --get commit.template
> git show :grpc-server/events.go
> git ls-files --stage -- /home/quickdev/go/src/github.com/gauravgahlot/tink/grpc-server/events.go
> git cat-file -s d2b547850dd91dce6e1dc7aa53f58e21ea0e2a4e
> git status -z -u
> git symbolic-ref --short HEAD
> git rev-parse event-driven-tink
> git rev-parse --symbolic-full-name event-driven-tink@{u}
> git rev-list --left-right event-driven-tink...refs/remotes/origin/event-driven-tink
> git for-each-ref --format %(refname) %(objectname) --sort -committerdate
> git remote --verbose
> git config --get commit.template
> git status -z -u
> git symbolic-ref --short HEAD
> git rev-parse event-driven-tink
> git rev-parse --symbolic-full-name event-driven-tink@{u}
> git rev-list --left-right event-driven-tink...refs/remotes/origin/event-driven-tink
> git for-each-ref --format %(refname) %(objectname) --sort -committerdate
> git remote --verbose
> git config --get commit.template
> git show :informers/listener.go
> git ls-files --stage -- /home/quickdev/go/src/github.com/gauravgahlot/tink/informers/listener.go
> git cat-file -s b35e9f375fde745b363de66b4f9b76abb3d707cf
> git show :grpc-server/events.go
> git ls-files --stage -- /home/quickdev/go/src/github.com/gauravgahlot/tink/grpc-server/events.go
> git cat-file -s d2b547850dd91dce6e1dc7aa53f58e21ea0e2a4e
> git check-ignore -v -z --stdin
> git show :informers/factory.go
> git ls-files --stage -- /home/quickdev/go/src/github.com/gauravgahlot/tink/informers/factory.go
> git cat-file -s 92c697fbd0dfd2c36419f031359286d70486bbcd
> git show :informers/informer.go
> git ls-files --stage -- /home/quickdev/go/src/github.com/gauravgahlot/tink/informers/informer.go
> git cat-file -s 564d4c15ae8dd39d929448b26934fe835aa40562
> git show :grpc-server/events.go
> git ls-files --stage -- /home/quickdev/go/src/github.com/gauravgahlot/tink/grpc-server/events.go
> git cat-file -s d2b547850dd91dce6e1dc7aa53f58e21ea0e2a4e
> git status -z -u
> git symbolic-ref --short HEAD
> git rev-parse event-driven-tink
> git rev-parse --symbolic-full-name event-driven-tink@{u}
> git rev-list --left-right event-driven-tink...refs/remotes/origin/event-driven-tink
> git for-each-ref --format %(refname) %(objectname) --sort -committerdate
> git remote --verbose
> git config --get commit.template
> git show :informers/informer.go
> git ls-files --stage -- /home/quickdev/go/src/github.com/gauravgahlot/tink/informers/informer.go
> git cat-file -s 564d4c15ae8dd39d929448b26934fe835aa40562
> git show :grpc-server/events.go
> git ls-files --stage -- /home/quickdev/go/src/github.com/gauravgahlot/tink/grpc-server/events.go
> git cat-file -s d2b547850dd91dce6e1dc7aa53f58e21ea0e2a4e
> git show :informers/informer.go
> git ls-files --stage -- /home/quickdev/go/src/github.com/gauravgahlot/tink/informers/informer.go
> git cat-file -s 564d4c15ae8dd39d929448b26934fe835aa40562
> git status -z -u
> git symbolic-ref --short HEAD
> git rev-parse event-driven-tink
> git rev-parse --symbolic-full-name event-driven-tink@{u}
> git rev-list --left-right event-driven-tink...refs/remotes/origin/event-driven-tink
> git for-each-ref --format %(refname) %(objectname) --sort -committerdate
> git remote --verbose
> git config --get commit.template
> git status -z -u
> git symbolic-ref --short HEAD
> git rev-parse event-driven-tink
> git rev-parse --symbolic-full-name event-driven-tink@{u}
> git rev-list --left-right event-driven-tink...refs/remotes/origin/event-driven-tink
> git for-each-ref --format %(refname) %(objectname) --sort -committerdate
> git remote --verbose
> git config --get commit.template
> git status -z -u
> git symbolic-ref --short HEAD
> git rev-parse event-driven-tink
> git rev-parse --symbolic-full-name event-driven-tink@{u}
> git rev-list --left-right event-driven-tink...refs/remotes/origin/event-driven-tink
> git for-each-ref --format %(refname) %(objectname) --sort -committerdate
> git remote --verbose
> git config --get commit.template
> git status -z -u
> git symbolic-ref --short HEAD
> git rev-parse event-driven-tink
> git rev-parse --symbolic-full-name event-driven-tink@{u}
> git rev-list --left-right event-driven-tink...refs/remotes/origin/event-driven-tink
> git for-each-ref --format %(refname) %(objectname) --sort -committerdate
> git remote --verbose
> git config --get commit.template
> git show :grpc-server/events.go
> git ls-files --stage -- /home/quickdev/go/src/github.com/gauravgahlot/tink/grpc-server/events.go
> git cat-file -s d2b547850dd91dce6e1dc7aa53f58e21ea0e2a4e
> git show :informers/informer.go
> git ls-files --stage -- /home/quickdev/go/src/github.com/gauravgahlot/tink/informers/informer.go
> git cat-file -s 564d4c15ae8dd39d929448b26934fe835aa40562
> git status -z -u
> git symbolic-ref --short HEAD
> git rev-parse event-driven-tink
> git rev-parse --symbolic-full-name event-driven-tink@{u}
> git rev-list --left-right event-driven-tink...refs/remotes/origin/event-driven-tink
> git for-each-ref --format %(refname) %(objectname) --sort -committerdate
> git remote --verbose
> git config --get commit.template
> git status -z -u
> git symbolic-ref --short HEAD
> git rev-parse event-driven-tink
> git rev-parse --symbolic-full-name event-driven-tink@{u}
> git rev-list --left-right event-driven-tink...refs/remotes/origin/event-driven-tink
> git for-each-ref --format %(refname) %(objectname) --sort -committerdate
> git remote --verbose
> git config --get commit.template
