[Info  - 10:58:41 pm] 2020/10/01 22:58:41 Build info
----------
golang.org/x/tools/gopls 0.4.1
    golang.org/x/tools/gopls@v0.4.1 h1:0e3BPxGV4B3cd0zdMuccwW72SgmHp92lAjOyxX/ScAw=
    github.com/BurntSushi/toml@v0.3.1 h1:WXkYYl6Yr3qBf1K79EBnL4mak0OimBfB0XUf9Vl28OQ=
    github.com/sergi/go-diff@v1.1.0 h1:we8PVUC3FE2uYfodKH/nBHMSetSfHDR6scGdBi+erh0=
    golang.org/x/mod@v0.2.0 h1:KU7oHjnv3XNWfa5COkzUifxZmxp1TyI7ImMXqFxLwvQ=
    golang.org/x/sync@v0.0.0-20190911185100-cd5d95a43a6e h1:vcxGaoTs7kV8m5Np9uUNQin4BrLOthgV7252N8V+FwY=
    golang.org/x/tools@v0.0.0-20200513154647-78b527d18275 h1:e7nYe9s94RHunFJ7b+mmPxiQMOKMVSqYASToWb1EcHs=
    golang.org/x/xerrors@v0.0.0-20191204190536-9bdfabe68543 h1:E7g+9GITq07hpfrRu66IVDexMakfv52eLZ2CXBWiKr4=
    honnef.co/go/tools@v0.0.1-2020.1.3 h1:sXmLre5bzIR6ypkjXCDI3jHPssRhc8KD/Ome589sc3U=
    mvdan.cc/xurls/v2@v2.1.0 h1:KaMb5GLhlcSX+e+qhbRJODnUUBvlw01jt4yrjFIHAuA=

Go info
-------
go version go1.13.1 linux/amd64



[Info  - 10:58:43 pm] 2020/10/01 22:58:43 go env for /home/quickdev/go/src/github.com/gauravgahlot/grpc-go
(valid build configuration = true)
(build flags: [])
GO111MODULE=""
GOARCH="amd64"
GOBIN=""
GOCACHE="/home/quickdev/.cache/go-build"
GOENV="/home/quickdev/.config/go/env"
GOEXE=""
GOFLAGS=""
GOHOSTARCH="amd64"
GOHOSTOS="linux"
GONOPROXY=""
GONOSUMDB=""
GOOS="linux"
GOPATH="/home/quickdev/go"
GOPRIVATE=""
GOPROXY="https://proxy.golang.org,direct"
GOROOT="/usr/local/go"
GOSUMDB="sum.golang.org"
GOTMPDIR=""
GOTOOLDIR="/usr/local/go/pkg/tool/linux_amd64"
GCCGO="gccgo"
AR="ar"
CC="gcc"
CXX="g++"
CGO_ENABLED="1"
GOMOD="/home/quickdev/go/src/github.com/gauravgahlot/grpc-go/go.mod"
CGO_CFLAGS="-g -O2"
CGO_CPPFLAGS=""
CGO_CXXFLAGS="-g -O2"
CGO_FFLAGS="-g -O2"
CGO_LDFLAGS="-g -O2"
PKG_CONFIG="pkg-config"
GOGCCFLAGS="-fPIC -m64 -pthread -fmessage-length=0 -fdebug-prefix-map=/tmp/go-build266637903=/tmp/go-build -gno-record-gcc-switches"


[Info  - 10:59:02 pm] 2020/10/01 22:59:02 go/packages.Load
	snapshot=0
	directory=/home/quickdev/go/src/github.com/gauravgahlot/grpc-go
	query=[./... builtin]
	packages=288

[Error - 10:59:30 pm] Request textDocument/definition failed.
  Message: no identifier found
  Code: 0 
[Info  - 10:59:33 pm] 2020/10/01 22:59:33 background imports cache refresh starting

[Info  - 10:59:36 pm] 2020/10/01 22:59:36 background refresh finished after 2.666106301s

[Info  - 11:02:48 pm] 2020/10/01 23:02:48 background imports cache refresh starting

[Info  - 11:02:48 pm] 2020/10/01 23:02:48 background refresh finished after 193.515187ms

[Error - 11:03:36 pm] Request textDocument/definition failed.
  Message: no identifier found
  Code: 0 
[Info  - 11:03:40 pm] 2020/10/01 23:03:40 background imports cache refresh starting

[Info  - 11:03:40 pm] 2020/10/01 23:03:40 background refresh finished after 211.108612ms

